-- Found ament_cmake: 2.5.6 (/opt/ros/jazzy/share/ament_cmake/cmake)
-- Override CMake install command with custom implementation using symlinks instead of copying resources
-- Found ament_lint_auto: 0.17.5 (/opt/ros/jazzy/share/ament_lint_auto/cmake)
-- Added test 'flake8' to check Python code syntax and style conventions
-- Configured 'flake8' exclude dirs and/or files: 
-- Added test 'lint_cmake' to check CMake code style
-- Added test 'pep257' to check Python code against some of the docstring style conventions in PEP 257
-- Added test 'xmllint' to check XML markup files
-- Configuring done (0.7s)
-- Generating done (0.0s)
-- Build files have been written to: /home/pakku/auto-trash-navigator/build/amr_description
-- Install configuration: ""
-- Execute custom install script
-- Symlinking: /home/pakku/auto-trash-navigator/install/amr_description/share/amr_description/launch/display.launch.py
-- Symlinking: /home/pakku/auto-trash-navigator/install/amr_description/share/amr_description/urdf/amr_robot.urdf.xacro
-- Symlinking: /home/pakku/auto-trash-navigator/install/amr_description/share/amr_description/urdf/base_omni_4wheel.xacro
-- Symlinking: /home/pakku/auto-trash-navigator/install/amr_description/share/amr_description/urdf/gripper.xacro
-- Symlinking: /home/pakku/auto-trash-navigator/install/amr_description/share/amr_description/urdf/so101_arm.xacro
-- Symlinking: /home/pakku/auto-trash-navigator/install/amr_description/share/amr_description/rviz/amr.rviz
-- Symlinking: /home/pakku/auto-trash-navigator/install/amr_description/share/amr_description/config/amr_controllers.yaml
-- Symlinking: /home/pakku/auto-trash-navigator/install/amr_description/share/ament_index/resource_index/package_run_dependencies/amr_description
-- Symlinking: /home/pakku/auto-trash-navigator/install/amr_description/share/ament_index/resource_index/parent_prefix_path/amr_description
-- Symlinking: /home/pakku/auto-trash-navigator/install/amr_description/share/amr_description/environment/ament_prefix_path.sh
-- Symlinking: /home/pakku/auto-trash-navigator/install/amr_description/share/amr_description/environment/ament_prefix_path.dsv
-- Symlinking: /home/pakku/auto-trash-navigator/install/amr_description/share/amr_description/environment/path.sh
-- Symlinking: /home/pakku/auto-trash-navigator/install/amr_description/share/amr_description/environment/path.dsv
-- Symlinking: /home/pakku/auto-trash-navigator/install/amr_description/share/amr_description/local_setup.bash
-- Symlinking: /home/pakku/auto-trash-navigator/install/amr_description/share/amr_description/local_setup.sh
-- Symlinking: /home/pakku/auto-trash-navigator/install/amr_description/share/amr_description/local_setup.zsh
-- Symlinking: /home/pakku/auto-trash-navigator/install/amr_description/share/amr_description/local_setup.dsv
-- Symlinking: /home/pakku/auto-trash-navigator/install/amr_description/share/amr_description/package.dsv
-- Symlinking: /home/pakku/auto-trash-navigator/install/amr_description/share/ament_index/resource_index/packages/amr_description
-- Symlinking: /home/pakku/auto-trash-navigator/install/amr_description/share/amr_description/cmake/amr_descriptionConfig.cmake
-- Symlinking: /home/pakku/auto-trash-navigator/install/amr_description/share/amr_description/cmake/amr_descriptionConfig-version.cmake
-- Symlinking: /home/pakku/auto-trash-navigator/install/amr_description/share/amr_description/package.xml
