[0.010s] Invoking command in '/home/pakku/auto-trash-navigator/build/amr_vision': CMAKE_PREFIX_PATH=${CMAKE_PREFIX_PATH}:/opt/ros/jazzy DEBUGINFOD_URLS=https://debuginfod.ubuntu.com /usr/bin/cmake /home/pakku/auto-trash-navigator/src/amr_vision -DCMAKE_INSTALL_PREFIX=/home/pakku/auto-trash-navigator/install/amr_vision
[0.083s] -- The C compiler identification is GNU 13.3.0
[0.160s] -- The CXX compiler identification is GNU 13.3.0
[0.171s] -- Detecting C compiler ABI info
[0.233s] -- Detecting C compiler ABI info - done
[0.240s] -- Check for working C compiler: /usr/bin/cc - skipped
[0.240s] -- Detecting C compile features
[0.241s] -- Detecting C compile features - done
[0.246s] -- Detecting CXX compiler ABI info
[0.311s] -- Detecting CXX compiler ABI info - done
[0.318s] -- Check for working CXX compiler: /usr/bin/c++ - skipped
[0.318s] -- Detecting CXX compile features
[0.319s] -- Detecting CXX compile features - done
[0.326s] -- Found ament_cmake: 2.5.6 (/opt/ros/jazzy/share/ament_cmake/cmake)
[0.430s] -- Found Python3: /usr/bin/python3 (found version "3.12.3") found components: Interpreter 
[0.516s] -- Found ament_lint_auto: 0.17.5 (/opt/ros/jazzy/share/ament_lint_auto/cmake)
[0.599s] -- Added test 'lint_cmake' to check CMake code style
[0.600s] -- Added test 'xmllint' to check XML markup files
[0.601s] -- Configuring done (0.6s)
[0.604s] -- Generating done (0.0s)
[0.605s] -- Build files have been written to: /home/pakku/auto-trash-navigator/build/amr_vision
[0.610s] Invoked command in '/home/pakku/auto-trash-navigator/build/amr_vision' returned '0': CMAKE_PREFIX_PATH=${CMAKE_PREFIX_PATH}:/opt/ros/jazzy DEBUGINFOD_URLS=https://debuginfod.ubuntu.com /usr/bin/cmake /home/pakku/auto-trash-navigator/src/amr_vision -DCMAKE_INSTALL_PREFIX=/home/pakku/auto-trash-navigator/install/amr_vision
[0.610s] Invoking command in '/home/pakku/auto-trash-navigator/build/amr_vision': CMAKE_PREFIX_PATH=${CMAKE_PREFIX_PATH}:/opt/ros/jazzy DEBUGINFOD_URLS=https://debuginfod.ubuntu.com /usr/bin/cmake --build /home/pakku/auto-trash-navigator/build/amr_vision -- -j16 -l16
[0.640s] Invoked command in '/home/pakku/auto-trash-navigator/build/amr_vision' returned '0': CMAKE_PREFIX_PATH=${CMAKE_PREFIX_PATH}:/opt/ros/jazzy DEBUGINFOD_URLS=https://debuginfod.ubuntu.com /usr/bin/cmake --build /home/pakku/auto-trash-navigator/build/amr_vision -- -j16 -l16
[0.641s] Invoking command in '/home/pakku/auto-trash-navigator/build/amr_vision': CMAKE_PREFIX_PATH=${CMAKE_PREFIX_PATH}:/opt/ros/jazzy DEBUGINFOD_URLS=https://debuginfod.ubuntu.com /usr/bin/cmake --install /home/pakku/auto-trash-navigator/build/amr_vision
[0.645s] -- Install configuration: ""
[0.645s] -- Installing: /home/pakku/auto-trash-navigator/install/amr_vision/share/ament_index/resource_index/package_run_dependencies/amr_vision
[0.645s] -- Installing: /home/pakku/auto-trash-navigator/install/amr_vision/share/ament_index/resource_index/parent_prefix_path/amr_vision
[0.646s] -- Installing: /home/pakku/auto-trash-navigator/install/amr_vision/share/amr_vision/environment/ament_prefix_path.sh
[0.646s] -- Installing: /home/pakku/auto-trash-navigator/install/amr_vision/share/amr_vision/environment/ament_prefix_path.dsv
[0.646s] -- Installing: /home/pakku/auto-trash-navigator/install/amr_vision/share/amr_vision/environment/path.sh
[0.646s] -- Installing: /home/pakku/auto-trash-navigator/install/amr_vision/share/amr_vision/environment/path.dsv
[0.646s] -- Installing: /home/pakku/auto-trash-navigator/install/amr_vision/share/amr_vision/local_setup.bash
[0.646s] -- Installing: /home/pakku/auto-trash-navigator/install/amr_vision/share/amr_vision/local_setup.sh
[0.646s] -- Installing: /home/pakku/auto-trash-navigator/install/amr_vision/share/amr_vision/local_setup.zsh
[0.646s] -- Installing: /home/pakku/auto-trash-navigator/install/amr_vision/share/amr_vision/local_setup.dsv
[0.646s] -- Installing: /home/pakku/auto-trash-navigator/install/amr_vision/share/amr_vision/package.dsv
[0.646s] -- Installing: /home/pakku/auto-trash-navigator/install/amr_vision/share/ament_index/resource_index/packages/amr_vision
[0.646s] -- Installing: /home/pakku/auto-trash-navigator/install/amr_vision/share/amr_vision/cmake/amr_visionConfig.cmake
[0.646s] -- Installing: /home/pakku/auto-trash-navigator/install/amr_vision/share/amr_vision/cmake/amr_visionConfig-version.cmake
[0.647s] -- Installing: /home/pakku/auto-trash-navigator/install/amr_vision/share/amr_vision/package.xml
[0.658s] Invoked command in '/home/pakku/auto-trash-navigator/build/amr_vision' returned '0': CMAKE_PREFIX_PATH=${CMAKE_PREFIX_PATH}:/opt/ros/jazzy DEBUGINFOD_URLS=https://debuginfod.ubuntu.com /usr/bin/cmake --install /home/pakku/auto-trash-navigator/build/amr_vision
