[0.037s] Invoking command in '/home/pakku/auto-trash-navigator/build/amr_vision': CMAKE_PREFIX_PATH=${CMAKE_PREFIX_PATH}:/opt/ros/jazzy DEBUGINFOD_URLS=https://debuginfod.ubuntu.com /usr/bin/cmake --build /home/pakku/auto-trash-navigator/build/amr_vision -- -j16 -l16
[0.117s] Invoked command in '/home/pakku/auto-trash-navigator/build/amr_vision' returned '0': CMAKE_PREFIX_PATH=${CMAKE_PREFIX_PATH}:/opt/ros/jazzy DEBUGINFOD_URLS=https://debuginfod.ubuntu.com /usr/bin/cmake --build /home/pakku/auto-trash-navigator/build/amr_vision -- -j16 -l16
[0.119s] Invoking command in '/home/pakku/auto-trash-navigator/build/amr_vision': CMAKE_PREFIX_PATH=${CMAKE_PREFIX_PATH}:/opt/ros/jazzy DEBUGINFOD_URLS=https://debuginfod.ubuntu.com /usr/bin/cmake --install /home/pakku/auto-trash-navigator/build/amr_vision
[0.137s] -- Install configuration: ""
[0.138s] -- Up-to-date: /home/pakku/auto-trash-navigator/install/amr_vision/share/ament_index/resource_index/package_run_dependencies/amr_vision
[0.138s] -- Up-to-date: /home/pakku/auto-trash-navigator/install/amr_vision/share/ament_index/resource_index/parent_prefix_path/amr_vision
[0.138s] -- Up-to-date: /home/pakku/auto-trash-navigator/install/amr_vision/share/amr_vision/environment/ament_prefix_path.sh
[0.139s] -- Up-to-date: /home/pakku/auto-trash-navigator/install/amr_vision/share/amr_vision/environment/ament_prefix_path.dsv
[0.139s] -- Up-to-date: /home/pakku/auto-trash-navigator/install/amr_vision/share/amr_vision/environment/path.sh
[0.139s] -- Up-to-date: /home/pakku/auto-trash-navigator/install/amr_vision/share/amr_vision/environment/path.dsv
[0.139s] -- Up-to-date: /home/pakku/auto-trash-navigator/install/amr_vision/share/amr_vision/local_setup.bash
[0.139s] -- Up-to-date: /home/pakku/auto-trash-navigator/install/amr_vision/share/amr_vision/local_setup.sh
[0.139s] -- Up-to-date: /home/pakku/auto-trash-navigator/install/amr_vision/share/amr_vision/local_setup.zsh
[0.139s] -- Up-to-date: /home/pakku/auto-trash-navigator/install/amr_vision/share/amr_vision/local_setup.dsv
[0.140s] -- Installing: /home/pakku/auto-trash-navigator/install/amr_vision/share/amr_vision/package.dsv
[0.140s] -- Up-to-date: /home/pakku/auto-trash-navigator/install/amr_vision/share/ament_index/resource_index/packages/amr_vision
[0.140s] -- Up-to-date: /home/pakku/auto-trash-navigator/install/amr_vision/share/amr_vision/cmake/amr_visionConfig.cmake
[0.140s] -- Up-to-date: /home/pakku/auto-trash-navigator/install/amr_vision/share/amr_vision/cmake/amr_visionConfig-version.cmake
[0.140s] -- Up-to-date: /home/pakku/auto-trash-navigator/install/amr_vision/share/amr_vision/package.xml
[0.208s] Invoked command in '/home/pakku/auto-trash-navigator/build/amr_vision' returned '0': CMAKE_PREFIX_PATH=${CMAKE_PREFIX_PATH}:/opt/ros/jazzy DEBUGINFOD_URLS=https://debuginfod.ubuntu.com /usr/bin/cmake --install /home/pakku/auto-trash-navigator/build/amr_vision
