[0.047s] Invoking command in '/home/pakku/auto-trash-navigator/build/amr_bringup': AMENT_PREFIX_PATH=/home/pakku/auto-trash-navigator/install/amr_description:${AMENT_PREFIX_PATH} CMAKE_PREFIX_PATH=/home/pakku/auto-trash-navigator/install/amr_description:/home/pakku/ros2_ws/install/minicar_simulation:/opt/ros/jazzy/opt/gz_sim_vendor:/opt/ros/jazzy/opt/gz_sensors_vendor:/opt/ros/jazzy/opt/gz_physics_vendor:/opt/ros/jazzy/opt/sdformat_vendor:/opt/ros/jazzy/opt/gz_gui_vendor:/opt/ros/jazzy/opt/gz_transport_vendor:/opt/ros/jazzy/opt/gz_rendering_vendor:/opt/ros/jazzy/opt/gz_plugin_vendor:/opt/ros/jazzy/opt/gz_fuel_tools_vendor:/opt/ros/jazzy/opt/gz_msgs_vendor:/opt/ros/jazzy/opt/gz_common_vendor:/opt/ros/jazzy/opt/gz_math_vendor:/opt/ros/jazzy/opt/gz_utils_vendor:/opt/ros/jazzy/opt/gz_tools_vendor:/opt/ros/jazzy/opt/gz_ogre_next_vendor:/opt/ros/jazzy/opt/gz_dartsim_vendor:/opt/ros/jazzy/opt/gz_cmake_vendor:/opt/ros/jazzy DEBUGINFOD_URLS=https://debuginfod.ubuntu.com /usr/bin/cmake --build /home/pakku/auto-trash-navigator/build/amr_bringup -- -j16 -l16
[0.138s] Invoked command in '/home/pakku/auto-trash-navigator/build/amr_bringup' returned '0': AMENT_PREFIX_PATH=/home/pakku/auto-trash-navigator/install/amr_description:${AMENT_PREFIX_PATH} CMAKE_PREFIX_PATH=/home/pakku/auto-trash-navigator/install/amr_description:/home/pakku/ros2_ws/install/minicar_simulation:/opt/ros/jazzy/opt/gz_sim_vendor:/opt/ros/jazzy/opt/gz_sensors_vendor:/opt/ros/jazzy/opt/gz_physics_vendor:/opt/ros/jazzy/opt/sdformat_vendor:/opt/ros/jazzy/opt/gz_gui_vendor:/opt/ros/jazzy/opt/gz_transport_vendor:/opt/ros/jazzy/opt/gz_rendering_vendor:/opt/ros/jazzy/opt/gz_plugin_vendor:/opt/ros/jazzy/opt/gz_fuel_tools_vendor:/opt/ros/jazzy/opt/gz_msgs_vendor:/opt/ros/jazzy/opt/gz_common_vendor:/opt/ros/jazzy/opt/gz_math_vendor:/opt/ros/jazzy/opt/gz_utils_vendor:/opt/ros/jazzy/opt/gz_tools_vendor:/opt/ros/jazzy/opt/gz_ogre_next_vendor:/opt/ros/jazzy/opt/gz_dartsim_vendor:/opt/ros/jazzy/opt/gz_cmake_vendor:/opt/ros/jazzy DEBUGINFOD_URLS=https://debuginfod.ubuntu.com /usr/bin/cmake --build /home/pakku/auto-trash-navigator/build/amr_bringup -- -j16 -l16
[0.139s] Invoking command in '/home/pakku/auto-trash-navigator/build/amr_bringup': AMENT_PREFIX_PATH=/home/pakku/auto-trash-navigator/install/amr_description:${AMENT_PREFIX_PATH} CMAKE_PREFIX_PATH=/home/pakku/auto-trash-navigator/install/amr_description:/home/pakku/ros2_ws/install/minicar_simulation:/opt/ros/jazzy/opt/gz_sim_vendor:/opt/ros/jazzy/opt/gz_sensors_vendor:/opt/ros/jazzy/opt/gz_physics_vendor:/opt/ros/jazzy/opt/sdformat_vendor:/opt/ros/jazzy/opt/gz_gui_vendor:/opt/ros/jazzy/opt/gz_transport_vendor:/opt/ros/jazzy/opt/gz_rendering_vendor:/opt/ros/jazzy/opt/gz_plugin_vendor:/opt/ros/jazzy/opt/gz_fuel_tools_vendor:/opt/ros/jazzy/opt/gz_msgs_vendor:/opt/ros/jazzy/opt/gz_common_vendor:/opt/ros/jazzy/opt/gz_math_vendor:/opt/ros/jazzy/opt/gz_utils_vendor:/opt/ros/jazzy/opt/gz_tools_vendor:/opt/ros/jazzy/opt/gz_ogre_next_vendor:/opt/ros/jazzy/opt/gz_dartsim_vendor:/opt/ros/jazzy/opt/gz_cmake_vendor:/opt/ros/jazzy DEBUGINFOD_URLS=https://debuginfod.ubuntu.com /usr/bin/cmake --install /home/pakku/auto-trash-navigator/build/amr_bringup
[0.154s] -- Install configuration: ""
[0.154s] -- Up-to-date: /home/pakku/auto-trash-navigator/install/amr_bringup/share/amr_bringup/launch
[0.154s] -- Installing: /home/pakku/auto-trash-navigator/install/amr_bringup/share/amr_bringup/launch/gazebo.launch.py
[0.154s] -- Up-to-date: /home/pakku/auto-trash-navigator/install/amr_bringup/share/amr_bringup/launch/display.launch.py
[0.154s] -- Up-to-date: /home/pakku/auto-trash-navigator/install/amr_bringup/share/amr_bringup/config
[0.155s] -- Up-to-date: /home/pakku/auto-trash-navigator/install/amr_bringup/share/amr_bringup/config/ekf.yaml
[0.155s] -- Up-to-date: /home/pakku/auto-trash-navigator/install/amr_bringup/share/ament_index/resource_index/package_run_dependencies/amr_bringup
[0.155s] -- Up-to-date: /home/pakku/auto-trash-navigator/install/amr_bringup/share/ament_index/resource_index/parent_prefix_path/amr_bringup
[0.155s] -- Up-to-date: /home/pakku/auto-trash-navigator/install/amr_bringup/share/amr_bringup/environment/ament_prefix_path.sh
[0.155s] -- Up-to-date: /home/pakku/auto-trash-navigator/install/amr_bringup/share/amr_bringup/environment/ament_prefix_path.dsv
[0.155s] -- Up-to-date: /home/pakku/auto-trash-navigator/install/amr_bringup/share/amr_bringup/environment/path.sh
[0.156s] -- Up-to-date: /home/pakku/auto-trash-navigator/install/amr_bringup/share/amr_bringup/environment/path.dsv
[0.156s] -- Up-to-date: /home/pakku/auto-trash-navigator/install/amr_bringup/share/amr_bringup/local_setup.bash
[0.156s] -- Up-to-date: /home/pakku/auto-trash-navigator/install/amr_bringup/share/amr_bringup/local_setup.sh
[0.156s] -- Up-to-date: /home/pakku/auto-trash-navigator/install/amr_bringup/share/amr_bringup/local_setup.zsh
[0.156s] -- Up-to-date: /home/pakku/auto-trash-navigator/install/amr_bringup/share/amr_bringup/local_setup.dsv
[0.156s] -- Installing: /home/pakku/auto-trash-navigator/install/amr_bringup/share/amr_bringup/package.dsv
[0.156s] -- Up-to-date: /home/pakku/auto-trash-navigator/install/amr_bringup/share/ament_index/resource_index/packages/amr_bringup
[0.157s] -- Up-to-date: /home/pakku/auto-trash-navigator/install/amr_bringup/share/amr_bringup/cmake/amr_bringupConfig.cmake
[0.157s] -- Up-to-date: /home/pakku/auto-trash-navigator/install/amr_bringup/share/amr_bringup/cmake/amr_bringupConfig-version.cmake
[0.157s] -- Up-to-date: /home/pakku/auto-trash-navigator/install/amr_bringup/share/amr_bringup/package.xml
[0.160s] Invoked command in '/home/pakku/auto-trash-navigator/build/amr_bringup' returned '0': AMENT_PREFIX_PATH=/home/pakku/auto-trash-navigator/install/amr_description:${AMENT_PREFIX_PATH} CMAKE_PREFIX_PATH=/home/pakku/auto-trash-navigator/install/amr_description:/home/pakku/ros2_ws/install/minicar_simulation:/opt/ros/jazzy/opt/gz_sim_vendor:/opt/ros/jazzy/opt/gz_sensors_vendor:/opt/ros/jazzy/opt/gz_physics_vendor:/opt/ros/jazzy/opt/sdformat_vendor:/opt/ros/jazzy/opt/gz_gui_vendor:/opt/ros/jazzy/opt/gz_transport_vendor:/opt/ros/jazzy/opt/gz_rendering_vendor:/opt/ros/jazzy/opt/gz_plugin_vendor:/opt/ros/jazzy/opt/gz_fuel_tools_vendor:/opt/ros/jazzy/opt/gz_msgs_vendor:/opt/ros/jazzy/opt/gz_common_vendor:/opt/ros/jazzy/opt/gz_math_vendor:/opt/ros/jazzy/opt/gz_utils_vendor:/opt/ros/jazzy/opt/gz_tools_vendor:/opt/ros/jazzy/opt/gz_ogre_next_vendor:/opt/ros/jazzy/opt/gz_dartsim_vendor:/opt/ros/jazzy/opt/gz_cmake_vendor:/opt/ros/jazzy DEBUGINFOD_URLS=https://debuginfod.ubuntu.com /usr/bin/cmake --install /home/pakku/auto-trash-navigator/build/amr_bringup
