[0.152s] DEBUG:colcon:Command line arguments: ['/usr/bin/colcon', 'build', '--symlink-install']
[0.152s] DEBUG:colcon:Parsed command line arguments: Namespace(log_base=None, log_level=None, verb_name='build', build_base='build', install_base='install', merge_install=False, symlink_install=True, test_result_base=None, continue_on_error=False, executor='parallel', parallel_workers=16, event_handlers=None, ignore_user_meta=False, metas=['./colcon.meta'], base_paths=['.'], packages_ignore=None, packages_ignore_regex=None, paths=None, packages_up_to=None, packages_up_to_regex=None, packages_above=None, packages_above_and_dependencies=None, packages_above_depth=None, packages_select_by_dep=None, packages_skip_by_dep=None, packages_skip_up_to=None, packages_select_build_failed=False, packages_skip_build_finished=False, packages_select_test_failures=False, packages_skip_test_passed=False, packages_select=None, packages_skip=None, packages_select_regex=None, packages_skip_regex=None, packages_start=None, packages_end=None, allow_overriding=[], cmake_args=None, cmake_target=None, cmake_target_skip_unavailable=False, cmake_clean_cache=False, cmake_clean_first=False, cmake_force_configure=False, ament_cmake_args=None, catkin_cmake_args=None, catkin_skip_building_tests=False, verb_parser=<colcon_defaults.argument_parser.defaults.DefaultArgumentsDecorator object at 0x7429eb176c90>, verb_extension=<colcon_core.verb.build.BuildVerb object at 0x7429eb176a80>, main=<bound method BuildVerb.main of <colcon_core.verb.build.BuildVerb object at 0x7429eb176a80>>)
[0.205s] Level 1:colcon.colcon_core.package_discovery:discover_packages(colcon_meta) check parameters
[0.205s] Level 1:colcon.colcon_core.package_discovery:discover_packages(recursive) check parameters
[0.205s] Level 1:colcon.colcon_core.package_discovery:discover_packages(ignore) check parameters
[0.205s] Level 1:colcon.colcon_core.package_discovery:discover_packages(path) check parameters
[0.206s] Level 1:colcon.colcon_core.package_discovery:discover_packages(colcon_meta) discover
[0.206s] Level 1:colcon.colcon_core.package_discovery:discover_packages(recursive) discover
[0.206s] INFO:colcon.colcon_core.package_discovery:Crawling recursively for packages in '/home/pakku/auto-trash-navigator'
[0.206s] Level 1:colcon.colcon_core.package_identification:_identify(.) by extensions ['ignore', 'ignore_ament_install']
[0.206s] Level 1:colcon.colcon_core.package_identification:_identify(.) by extension 'ignore'
[0.206s] Level 1:colcon.colcon_core.package_identification:_identify(.) by extension 'ignore_ament_install'
[0.206s] Level 1:colcon.colcon_core.package_identification:_identify(.) by extensions ['colcon_pkg']
[0.206s] Level 1:colcon.colcon_core.package_identification:_identify(.) by extension 'colcon_pkg'
[0.206s] Level 1:colcon.colcon_core.package_identification:_identify(.) by extensions ['colcon_meta']
[0.206s] Level 1:colcon.colcon_core.package_identification:_identify(.) by extension 'colcon_meta'
[0.206s] Level 1:colcon.colcon_core.package_identification:_identify(.) by extensions ['ros']
[0.206s] Level 1:colcon.colcon_core.package_identification:_identify(.) by extension 'ros'
[0.245s] Level 1:colcon.colcon_core.package_identification:_identify(.) by extensions ['cmake', 'python']
[0.245s] Level 1:colcon.colcon_core.package_identification:_identify(.) by extension 'cmake'
[0.245s] Level 1:colcon.colcon_core.package_identification:_identify(.) by extension 'python'
[0.245s] Level 1:colcon.colcon_core.package_identification:_identify(.) by extensions ['python_setup_py']
[0.245s] Level 1:colcon.colcon_core.package_identification:_identify(.) by extension 'python_setup_py'
[0.246s] Level 1:colcon.colcon_core.package_identification:_identify(__pycache__) by extensions ['ignore', 'ignore_ament_install']
[0.246s] Level 1:colcon.colcon_core.package_identification:_identify(__pycache__) by extension 'ignore'
[0.246s] Level 1:colcon.colcon_core.package_identification:_identify(__pycache__) by extension 'ignore_ament_install'
[0.246s] Level 1:colcon.colcon_core.package_identification:_identify(__pycache__) by extensions ['colcon_pkg']
[0.246s] Level 1:colcon.colcon_core.package_identification:_identify(__pycache__) by extension 'colcon_pkg'
[0.246s] Level 1:colcon.colcon_core.package_identification:_identify(__pycache__) by extensions ['colcon_meta']
[0.246s] Level 1:colcon.colcon_core.package_identification:_identify(__pycache__) by extension 'colcon_meta'
[0.246s] Level 1:colcon.colcon_core.package_identification:_identify(__pycache__) by extensions ['ros']
[0.246s] Level 1:colcon.colcon_core.package_identification:_identify(__pycache__) by extension 'ros'
[0.246s] Level 1:colcon.colcon_core.package_identification:_identify(__pycache__) by extensions ['cmake', 'python']
[0.246s] Level 1:colcon.colcon_core.package_identification:_identify(__pycache__) by extension 'cmake'
[0.246s] Level 1:colcon.colcon_core.package_identification:_identify(__pycache__) by extension 'python'
[0.246s] Level 1:colcon.colcon_core.package_identification:_identify(__pycache__) by extensions ['python_setup_py']
[0.246s] Level 1:colcon.colcon_core.package_identification:_identify(__pycache__) by extension 'python_setup_py'
[0.246s] Level 1:colcon.colcon_core.package_identification:_identify(build) by extensions ['ignore', 'ignore_ament_install']
[0.246s] Level 1:colcon.colcon_core.package_identification:_identify(build) by extension 'ignore'
[0.246s] Level 1:colcon.colcon_core.package_identification:_identify(build) ignored
[0.247s] Level 1:colcon.colcon_core.package_identification:_identify(cmd) by extensions ['ignore', 'ignore_ament_install']
[0.247s] Level 1:colcon.colcon_core.package_identification:_identify(cmd) by extension 'ignore'
[0.247s] Level 1:colcon.colcon_core.package_identification:_identify(cmd) by extension 'ignore_ament_install'
[0.247s] Level 1:colcon.colcon_core.package_identification:_identify(cmd) by extensions ['colcon_pkg']
[0.247s] Level 1:colcon.colcon_core.package_identification:_identify(cmd) by extension 'colcon_pkg'
[0.247s] Level 1:colcon.colcon_core.package_identification:_identify(cmd) by extensions ['colcon_meta']
[0.247s] Level 1:colcon.colcon_core.package_identification:_identify(cmd) by extension 'colcon_meta'
[0.247s] Level 1:colcon.colcon_core.package_identification:_identify(cmd) by extensions ['ros']
[0.247s] Level 1:colcon.colcon_core.package_identification:_identify(cmd) by extension 'ros'
[0.247s] Level 1:colcon.colcon_core.package_identification:_identify(cmd) by extensions ['cmake', 'python']
[0.247s] Level 1:colcon.colcon_core.package_identification:_identify(cmd) by extension 'cmake'
[0.247s] Level 1:colcon.colcon_core.package_identification:_identify(cmd) by extension 'python'
[0.247s] Level 1:colcon.colcon_core.package_identification:_identify(cmd) by extensions ['python_setup_py']
[0.247s] Level 1:colcon.colcon_core.package_identification:_identify(cmd) by extension 'python_setup_py'
[0.247s] Level 1:colcon.colcon_core.package_identification:_identify(install) by extensions ['ignore', 'ignore_ament_install']
[0.247s] Level 1:colcon.colcon_core.package_identification:_identify(install) by extension 'ignore'
[0.248s] Level 1:colcon.colcon_core.package_identification:_identify(install) ignored
[0.248s] Level 1:colcon.colcon_core.package_identification:_identify(log) by extensions ['ignore', 'ignore_ament_install']
[0.248s] Level 1:colcon.colcon_core.package_identification:_identify(log) by extension 'ignore'
[0.248s] Level 1:colcon.colcon_core.package_identification:_identify(log) ignored
[0.248s] Level 1:colcon.colcon_core.package_identification:_identify(maps) by extensions ['ignore', 'ignore_ament_install']
[0.248s] Level 1:colcon.colcon_core.package_identification:_identify(maps) by extension 'ignore'
[0.248s] Level 1:colcon.colcon_core.package_identification:_identify(maps) by extension 'ignore_ament_install'
[0.248s] Level 1:colcon.colcon_core.package_identification:_identify(maps) by extensions ['colcon_pkg']
[0.248s] Level 1:colcon.colcon_core.package_identification:_identify(maps) by extension 'colcon_pkg'
[0.248s] Level 1:colcon.colcon_core.package_identification:_identify(maps) by extensions ['colcon_meta']
[0.248s] Level 1:colcon.colcon_core.package_identification:_identify(maps) by extension 'colcon_meta'
[0.248s] Level 1:colcon.colcon_core.package_identification:_identify(maps) by extensions ['ros']
[0.248s] Level 1:colcon.colcon_core.package_identification:_identify(maps) by extension 'ros'
[0.248s] Level 1:colcon.colcon_core.package_identification:_identify(maps) by extensions ['cmake', 'python']
[0.248s] Level 1:colcon.colcon_core.package_identification:_identify(maps) by extension 'cmake'
[0.248s] Level 1:colcon.colcon_core.package_identification:_identify(maps) by extension 'python'
[0.248s] Level 1:colcon.colcon_core.package_identification:_identify(maps) by extensions ['python_setup_py']
[0.248s] Level 1:colcon.colcon_core.package_identification:_identify(maps) by extension 'python_setup_py'
[0.249s] Level 1:colcon.colcon_core.package_identification:_identify(src) by extensions ['ignore', 'ignore_ament_install']
[0.249s] Level 1:colcon.colcon_core.package_identification:_identify(src) by extension 'ignore'
[0.249s] Level 1:colcon.colcon_core.package_identification:_identify(src) by extension 'ignore_ament_install'
[0.249s] Level 1:colcon.colcon_core.package_identification:_identify(src) by extensions ['colcon_pkg']
[0.249s] Level 1:colcon.colcon_core.package_identification:_identify(src) by extension 'colcon_pkg'
[0.249s] Level 1:colcon.colcon_core.package_identification:_identify(src) by extensions ['colcon_meta']
[0.249s] Level 1:colcon.colcon_core.package_identification:_identify(src) by extension 'colcon_meta'
[0.249s] Level 1:colcon.colcon_core.package_identification:_identify(src) by extensions ['ros']
[0.249s] Level 1:colcon.colcon_core.package_identification:_identify(src) by extension 'ros'
[0.249s] Level 1:colcon.colcon_core.package_identification:_identify(src) by extensions ['cmake', 'python']
[0.249s] Level 1:colcon.colcon_core.package_identification:_identify(src) by extension 'cmake'
[0.249s] Level 1:colcon.colcon_core.package_identification:_identify(src) by extension 'python'
[0.249s] Level 1:colcon.colcon_core.package_identification:_identify(src) by extensions ['python_setup_py']
[0.249s] Level 1:colcon.colcon_core.package_identification:_identify(src) by extension 'python_setup_py'
[0.249s] Level 1:colcon.colcon_core.package_identification:_identify(src/amr_bringup) by extensions ['ignore', 'ignore_ament_install']
[0.249s] Level 1:colcon.colcon_core.package_identification:_identify(src/amr_bringup) by extension 'ignore'
[0.250s] Level 1:colcon.colcon_core.package_identification:_identify(src/amr_bringup) by extension 'ignore_ament_install'
[0.250s] Level 1:colcon.colcon_core.package_identification:_identify(src/amr_bringup) by extensions ['colcon_pkg']
[0.250s] Level 1:colcon.colcon_core.package_identification:_identify(src/amr_bringup) by extension 'colcon_pkg'
[0.250s] Level 1:colcon.colcon_core.package_identification:_identify(src/amr_bringup) by extensions ['colcon_meta']
[0.250s] Level 1:colcon.colcon_core.package_identification:_identify(src/amr_bringup) by extension 'colcon_meta'
[0.250s] Level 1:colcon.colcon_core.package_identification:_identify(src/amr_bringup) by extensions ['ros']
[0.250s] Level 1:colcon.colcon_core.package_identification:_identify(src/amr_bringup) by extension 'ros'
[0.253s] DEBUG:colcon.colcon_core.package_identification:Package 'src/amr_bringup' with type 'ros.ament_cmake' and name 'amr_bringup'
[0.254s] Level 1:colcon.colcon_core.package_identification:_identify(src/amr_control) by extensions ['ignore', 'ignore_ament_install']
[0.254s] Level 1:colcon.colcon_core.package_identification:_identify(src/amr_control) by extension 'ignore'
[0.254s] Level 1:colcon.colcon_core.package_identification:_identify(src/amr_control) by extension 'ignore_ament_install'
[0.254s] Level 1:colcon.colcon_core.package_identification:_identify(src/amr_control) by extensions ['colcon_pkg']
[0.254s] Level 1:colcon.colcon_core.package_identification:_identify(src/amr_control) by extension 'colcon_pkg'
[0.254s] Level 1:colcon.colcon_core.package_identification:_identify(src/amr_control) by extensions ['colcon_meta']
[0.254s] Level 1:colcon.colcon_core.package_identification:_identify(src/amr_control) by extension 'colcon_meta'
[0.254s] Level 1:colcon.colcon_core.package_identification:_identify(src/amr_control) by extensions ['ros']
[0.254s] Level 1:colcon.colcon_core.package_identification:_identify(src/amr_control) by extension 'ros'
[0.255s] DEBUG:colcon.colcon_core.package_identification:Package 'src/amr_control' with type 'ros.ament_cmake' and name 'amr_control'
[0.255s] Level 1:colcon.colcon_core.package_identification:_identify(src/amr_description) by extensions ['ignore', 'ignore_ament_install']
[0.255s] Level 1:colcon.colcon_core.package_identification:_identify(src/amr_description) by extension 'ignore'
[0.255s] Level 1:colcon.colcon_core.package_identification:_identify(src/amr_description) by extension 'ignore_ament_install'
[0.255s] Level 1:colcon.colcon_core.package_identification:_identify(src/amr_description) by extensions ['colcon_pkg']
[0.255s] Level 1:colcon.colcon_core.package_identification:_identify(src/amr_description) by extension 'colcon_pkg'
[0.255s] Level 1:colcon.colcon_core.package_identification:_identify(src/amr_description) by extensions ['colcon_meta']
[0.255s] Level 1:colcon.colcon_core.package_identification:_identify(src/amr_description) by extension 'colcon_meta'
[0.255s] Level 1:colcon.colcon_core.package_identification:_identify(src/amr_description) by extensions ['ros']
[0.255s] Level 1:colcon.colcon_core.package_identification:_identify(src/amr_description) by extension 'ros'
[0.256s] DEBUG:colcon.colcon_core.package_identification:Package 'src/amr_description' with type 'ros.ament_cmake' and name 'amr_description'
[0.256s] Level 1:colcon.colcon_core.package_identification:_identify(src/amr_vision) by extensions ['ignore', 'ignore_ament_install']
[0.256s] Level 1:colcon.colcon_core.package_identification:_identify(src/amr_vision) by extension 'ignore'
[0.256s] Level 1:colcon.colcon_core.package_identification:_identify(src/amr_vision) by extension 'ignore_ament_install'
[0.256s] Level 1:colcon.colcon_core.package_identification:_identify(src/amr_vision) by extensions ['colcon_pkg']
[0.256s] Level 1:colcon.colcon_core.package_identification:_identify(src/amr_vision) by extension 'colcon_pkg'
[0.256s] Level 1:colcon.colcon_core.package_identification:_identify(src/amr_vision) by extensions ['colcon_meta']
[0.256s] Level 1:colcon.colcon_core.package_identification:_identify(src/amr_vision) by extension 'colcon_meta'
[0.256s] Level 1:colcon.colcon_core.package_identification:_identify(src/amr_vision) by extensions ['ros']
[0.256s] Level 1:colcon.colcon_core.package_identification:_identify(src/amr_vision) by extension 'ros'
[0.257s] DEBUG:colcon.colcon_core.package_identification:Package 'src/amr_vision' with type 'ros.ament_cmake' and name 'amr_vision'
[0.257s] Level 1:colcon.colcon_core.package_discovery:discover_packages(recursive) using defaults
[0.257s] Level 1:colcon.colcon_core.package_discovery:discover_packages(ignore) discover
[0.257s] Level 1:colcon.colcon_core.package_discovery:discover_packages(ignore) using defaults
[0.257s] Level 1:colcon.colcon_core.package_discovery:discover_packages(path) discover
[0.257s] Level 1:colcon.colcon_core.package_discovery:discover_packages(path) using defaults
[0.284s] Level 1:colcon.colcon_core.package_discovery:discover_packages(prefix_path) check parameters
[0.284s] Level 1:colcon.colcon_core.package_discovery:discover_packages(prefix_path) discover
[0.289s] DEBUG:colcon.colcon_installed_package_information.package_discovery:Found 459 installed packages in /opt/ros/jazzy
[0.291s] Level 1:colcon.colcon_core.package_discovery:discover_packages(prefix_path) using defaults
[0.393s] Level 5:colcon.colcon_core.verb:set package 'amr_control' build argument 'cmake_args' from command line to 'None'
[0.393s] Level 5:colcon.colcon_core.verb:set package 'amr_control' build argument 'cmake_target' from command line to 'None'
[0.393s] Level 5:colcon.colcon_core.verb:set package 'amr_control' build argument 'cmake_target_skip_unavailable' from command line to 'False'
[0.393s] Level 5:colcon.colcon_core.verb:set package 'amr_control' build argument 'cmake_clean_cache' from command line to 'False'
[0.394s] Level 5:colcon.colcon_core.verb:set package 'amr_control' build argument 'cmake_clean_first' from command line to 'False'
[0.394s] Level 5:colcon.colcon_core.verb:set package 'amr_control' build argument 'cmake_force_configure' from command line to 'False'
[0.394s] Level 5:colcon.colcon_core.verb:set package 'amr_control' build argument 'ament_cmake_args' from command line to 'None'
[0.394s] Level 5:colcon.colcon_core.verb:set package 'amr_control' build argument 'catkin_cmake_args' from command line to 'None'
[0.394s] Level 5:colcon.colcon_core.verb:set package 'amr_control' build argument 'catkin_skip_building_tests' from command line to 'False'
[0.394s] DEBUG:colcon.colcon_core.verb:Building package 'amr_control' with the following arguments: {'ament_cmake_args': None, 'build_base': '/home/pakku/auto-trash-navigator/build/amr_control', 'catkin_cmake_args': None, 'catkin_skip_building_tests': False, 'cmake_args': None, 'cmake_clean_cache': False, 'cmake_clean_first': False, 'cmake_force_configure': False, 'cmake_target': None, 'cmake_target_skip_unavailable': False, 'install_base': '/home/pakku/auto-trash-navigator/install/amr_control', 'merge_install': False, 'path': '/home/pakku/auto-trash-navigator/src/amr_control', 'symlink_install': True, 'test_result_base': None}
[0.394s] Level 5:colcon.colcon_core.verb:set package 'amr_description' build argument 'cmake_args' from command line to 'None'
[0.394s] Level 5:colcon.colcon_core.verb:set package 'amr_description' build argument 'cmake_target' from command line to 'None'
[0.394s] Level 5:colcon.colcon_core.verb:set package 'amr_description' build argument 'cmake_target_skip_unavailable' from command line to 'False'
[0.394s] Level 5:colcon.colcon_core.verb:set package 'amr_description' build argument 'cmake_clean_cache' from command line to 'False'
[0.394s] Level 5:colcon.colcon_core.verb:set package 'amr_description' build argument 'cmake_clean_first' from command line to 'False'
[0.394s] Level 5:colcon.colcon_core.verb:set package 'amr_description' build argument 'cmake_force_configure' from command line to 'False'
[0.394s] Level 5:colcon.colcon_core.verb:set package 'amr_description' build argument 'ament_cmake_args' from command line to 'None'
[0.394s] Level 5:colcon.colcon_core.verb:set package 'amr_description' build argument 'catkin_cmake_args' from command line to 'None'
[0.394s] Level 5:colcon.colcon_core.verb:set package 'amr_description' build argument 'catkin_skip_building_tests' from command line to 'False'
[0.394s] DEBUG:colcon.colcon_core.verb:Building package 'amr_description' with the following arguments: {'ament_cmake_args': None, 'build_base': '/home/pakku/auto-trash-navigator/build/amr_description', 'catkin_cmake_args': None, 'catkin_skip_building_tests': False, 'cmake_args': None, 'cmake_clean_cache': False, 'cmake_clean_first': False, 'cmake_force_configure': False, 'cmake_target': None, 'cmake_target_skip_unavailable': False, 'install_base': '/home/pakku/auto-trash-navigator/install/amr_description', 'merge_install': False, 'path': '/home/pakku/auto-trash-navigator/src/amr_description', 'symlink_install': True, 'test_result_base': None}
[0.394s] Level 5:colcon.colcon_core.verb:set package 'amr_vision' build argument 'cmake_args' from command line to 'None'
[0.395s] Level 5:colcon.colcon_core.verb:set package 'amr_vision' build argument 'cmake_target' from command line to 'None'
[0.395s] Level 5:colcon.colcon_core.verb:set package 'amr_vision' build argument 'cmake_target_skip_unavailable' from command line to 'False'
[0.395s] Level 5:colcon.colcon_core.verb:set package 'amr_vision' build argument 'cmake_clean_cache' from command line to 'False'
[0.395s] Level 5:colcon.colcon_core.verb:set package 'amr_vision' build argument 'cmake_clean_first' from command line to 'False'
[0.395s] Level 5:colcon.colcon_core.verb:set package 'amr_vision' build argument 'cmake_force_configure' from command line to 'False'
[0.395s] Level 5:colcon.colcon_core.verb:set package 'amr_vision' build argument 'ament_cmake_args' from command line to 'None'
[0.395s] Level 5:colcon.colcon_core.verb:set package 'amr_vision' build argument 'catkin_cmake_args' from command line to 'None'
[0.395s] Level 5:colcon.colcon_core.verb:set package 'amr_vision' build argument 'catkin_skip_building_tests' from command line to 'False'
[0.395s] DEBUG:colcon.colcon_core.verb:Building package 'amr_vision' with the following arguments: {'ament_cmake_args': None, 'build_base': '/home/pakku/auto-trash-navigator/build/amr_vision', 'catkin_cmake_args': None, 'catkin_skip_building_tests': False, 'cmake_args': None, 'cmake_clean_cache': False, 'cmake_clean_first': False, 'cmake_force_configure': False, 'cmake_target': None, 'cmake_target_skip_unavailable': False, 'install_base': '/home/pakku/auto-trash-navigator/install/amr_vision', 'merge_install': False, 'path': '/home/pakku/auto-trash-navigator/src/amr_vision', 'symlink_install': True, 'test_result_base': None}
[0.395s] Level 5:colcon.colcon_core.verb:set package 'amr_bringup' build argument 'cmake_args' from command line to 'None'
[0.395s] Level 5:colcon.colcon_core.verb:set package 'amr_bringup' build argument 'cmake_target' from command line to 'None'
[0.395s] Level 5:colcon.colcon_core.verb:set package 'amr_bringup' build argument 'cmake_target_skip_unavailable' from command line to 'False'
[0.395s] Level 5:colcon.colcon_core.verb:set package 'amr_bringup' build argument 'cmake_clean_cache' from command line to 'False'
[0.395s] Level 5:colcon.colcon_core.verb:set package 'amr_bringup' build argument 'cmake_clean_first' from command line to 'False'
[0.395s] Level 5:colcon.colcon_core.verb:set package 'amr_bringup' build argument 'cmake_force_configure' from command line to 'False'
[0.395s] Level 5:colcon.colcon_core.verb:set package 'amr_bringup' build argument 'ament_cmake_args' from command line to 'None'
[0.395s] Level 5:colcon.colcon_core.verb:set package 'amr_bringup' build argument 'catkin_cmake_args' from command line to 'None'
[0.395s] Level 5:colcon.colcon_core.verb:set package 'amr_bringup' build argument 'catkin_skip_building_tests' from command line to 'False'
[0.395s] DEBUG:colcon.colcon_core.verb:Building package 'amr_bringup' with the following arguments: {'ament_cmake_args': None, 'build_base': '/home/pakku/auto-trash-navigator/build/amr_bringup', 'catkin_cmake_args': None, 'catkin_skip_building_tests': False, 'cmake_args': None, 'cmake_clean_cache': False, 'cmake_clean_first': False, 'cmake_force_configure': False, 'cmake_target': None, 'cmake_target_skip_unavailable': False, 'install_base': '/home/pakku/auto-trash-navigator/install/amr_bringup', 'merge_install': False, 'path': '/home/pakku/auto-trash-navigator/src/amr_bringup', 'symlink_install': True, 'test_result_base': None}
[0.395s] INFO:colcon.colcon_core.executor:Executing jobs using 'parallel' executor
[0.396s] DEBUG:colcon.colcon_parallel_executor.executor.parallel:run_until_complete
[0.397s] INFO:colcon.colcon_ros.task.ament_cmake.build:Building ROS package in '/home/pakku/auto-trash-navigator/src/amr_description' with build type 'ament_cmake'
[0.397s] INFO:colcon.colcon_cmake.task.cmake.build:Building CMake package in '/home/pakku/auto-trash-navigator/src/amr_description'
[0.399s] INFO:colcon.colcon_core.plugin_system:Skipping extension 'colcon_core.shell.bat': Not used on non-Windows systems
[0.400s] INFO:colcon.colcon_core.shell:Skip shell extension 'powershell' for command environment: Not usable outside of PowerShell
[0.400s] DEBUG:colcon.colcon_core.shell:Skip shell extension 'dsv' for command environment
[0.404s] INFO:colcon.colcon_ros.task.ament_cmake.build:Building ROS package in '/home/pakku/auto-trash-navigator/src/amr_control' with build type 'ament_cmake'
[0.404s] INFO:colcon.colcon_cmake.task.cmake.build:Building CMake package in '/home/pakku/auto-trash-navigator/src/amr_control'
[0.404s] INFO:colcon.colcon_core.shell:Skip shell extension 'powershell' for command environment: Not usable outside of PowerShell
[0.405s] DEBUG:colcon.colcon_core.shell:Skip shell extension 'dsv' for command environment
[0.413s] INFO:colcon.colcon_ros.task.ament_cmake.build:Building ROS package in '/home/pakku/auto-trash-navigator/src/amr_vision' with build type 'ament_cmake'
[0.413s] INFO:colcon.colcon_cmake.task.cmake.build:Building CMake package in '/home/pakku/auto-trash-navigator/src/amr_vision'
[0.413s] INFO:colcon.colcon_core.shell:Skip shell extension 'powershell' for command environment: Not usable outside of PowerShell
[0.414s] DEBUG:colcon.colcon_core.shell:Skip shell extension 'dsv' for command environment
[0.426s] DEBUG:colcon.colcon_core.event_handler.log_command:Invoking command in '/home/pakku/auto-trash-navigator/build/amr_description': CMAKE_PREFIX_PATH=${CMAKE_PREFIX_PATH}:/opt/ros/jazzy DEBUGINFOD_URLS=https://debuginfod.ubuntu.com /usr/bin/cmake --build /home/pakku/auto-trash-navigator/build/amr_description -- -j16 -l16
[0.434s] DEBUG:colcon.colcon_core.event_handler.log_command:Invoking command in '/home/pakku/auto-trash-navigator/build/amr_control': CMAKE_PREFIX_PATH=${CMAKE_PREFIX_PATH}:/opt/ros/jazzy DEBUGINFOD_URLS=https://debuginfod.ubuntu.com /usr/bin/cmake --build /home/pakku/auto-trash-navigator/build/amr_control -- -j16 -l16
[0.435s] DEBUG:colcon.colcon_core.event_handler.log_command:Invoking command in '/home/pakku/auto-trash-navigator/build/amr_vision': CMAKE_PREFIX_PATH=${CMAKE_PREFIX_PATH}:/opt/ros/jazzy DEBUGINFOD_URLS=https://debuginfod.ubuntu.com /usr/bin/cmake --build /home/pakku/auto-trash-navigator/build/amr_vision -- -j16 -l16
[0.481s] DEBUG:colcon.colcon_core.event_handler.log_command:Invoked command in '/home/pakku/auto-trash-navigator/build/amr_description' returned '0': CMAKE_PREFIX_PATH=${CMAKE_PREFIX_PATH}:/opt/ros/jazzy DEBUGINFOD_URLS=https://debuginfod.ubuntu.com /usr/bin/cmake --build /home/pakku/auto-trash-navigator/build/amr_description -- -j16 -l16
[0.494s] DEBUG:colcon.colcon_core.event_handler.log_command:Invoking command in '/home/pakku/auto-trash-navigator/build/amr_description': CMAKE_PREFIX_PATH=${CMAKE_PREFIX_PATH}:/opt/ros/jazzy DEBUGINFOD_URLS=https://debuginfod.ubuntu.com /usr/bin/cmake --install /home/pakku/auto-trash-navigator/build/amr_description
[0.496s] DEBUG:colcon.colcon_core.event_handler.log_command:Invoked command in '/home/pakku/auto-trash-navigator/build/amr_control' returned '0': CMAKE_PREFIX_PATH=${CMAKE_PREFIX_PATH}:/opt/ros/jazzy DEBUGINFOD_URLS=https://debuginfod.ubuntu.com /usr/bin/cmake --build /home/pakku/auto-trash-navigator/build/amr_control -- -j16 -l16
[0.498s] DEBUG:colcon.colcon_core.event_handler.log_command:Invoking command in '/home/pakku/auto-trash-navigator/build/amr_control': CMAKE_PREFIX_PATH=${CMAKE_PREFIX_PATH}:/opt/ros/jazzy DEBUGINFOD_URLS=https://debuginfod.ubuntu.com /usr/bin/cmake --install /home/pakku/auto-trash-navigator/build/amr_control
[0.499s] DEBUG:colcon.colcon_core.event_handler.log_command:Invoked command in '/home/pakku/auto-trash-navigator/build/amr_vision' returned '0': CMAKE_PREFIX_PATH=${CMAKE_PREFIX_PATH}:/opt/ros/jazzy DEBUGINFOD_URLS=https://debuginfod.ubuntu.com /usr/bin/cmake --build /home/pakku/auto-trash-navigator/build/amr_vision -- -j16 -l16
[0.500s] DEBUG:colcon.colcon_core.event_handler.log_command:Invoking command in '/home/pakku/auto-trash-navigator/build/amr_vision': CMAKE_PREFIX_PATH=${CMAKE_PREFIX_PATH}:/opt/ros/jazzy DEBUGINFOD_URLS=https://debuginfod.ubuntu.com /usr/bin/cmake --install /home/pakku/auto-trash-navigator/build/amr_vision
[0.530s] Level 1:colcon.colcon_core.environment:create_environment_scripts_only(amr_control)
[0.531s] DEBUG:colcon.colcon_core.event_handler.log_command:Invoked command in '/home/pakku/auto-trash-navigator/build/amr_control' returned '0': CMAKE_PREFIX_PATH=${CMAKE_PREFIX_PATH}:/opt/ros/jazzy DEBUGINFOD_URLS=https://debuginfod.ubuntu.com /usr/bin/cmake --install /home/pakku/auto-trash-navigator/build/amr_control
[0.534s] Level 1:colcon.colcon_core.environment:checking '/home/pakku/auto-trash-navigator/install/amr_control' for CMake module files
[0.534s] Level 1:colcon.colcon_core.environment:checking '/home/pakku/auto-trash-navigator/install/amr_control' for CMake config files
[0.535s] Level 1:colcon.colcon_core.shell:create_environment_hook('amr_control', 'cmake_prefix_path')
[0.535s] INFO:colcon.colcon_core.shell:Creating environment hook '/home/pakku/auto-trash-navigator/install/amr_control/share/amr_control/hook/cmake_prefix_path.ps1'
[0.536s] INFO:colcon.colcon_core.shell:Creating environment descriptor '/home/pakku/auto-trash-navigator/install/amr_control/share/amr_control/hook/cmake_prefix_path.dsv'
[0.536s] INFO:colcon.colcon_core.shell:Creating environment hook '/home/pakku/auto-trash-navigator/install/amr_control/share/amr_control/hook/cmake_prefix_path.sh'
[0.537s] Level 1:colcon.colcon_core.environment:checking '/home/pakku/auto-trash-navigator/install/amr_control/bin'
[0.537s] Level 1:colcon.colcon_core.environment:checking '/home/pakku/auto-trash-navigator/install/amr_control/lib/pkgconfig/amr_control.pc'
[0.538s] Level 1:colcon.colcon_core.environment:checking '/home/pakku/auto-trash-navigator/install/amr_control/lib/python3.12/site-packages'
[0.538s] Level 1:colcon.colcon_core.environment:checking '/home/pakku/auto-trash-navigator/install/amr_control/bin'
[0.539s] INFO:colcon.colcon_core.shell:Creating package script '/home/pakku/auto-trash-navigator/install/amr_control/share/amr_control/package.ps1'
[0.540s] INFO:colcon.colcon_core.shell:Creating package descriptor '/home/pakku/auto-trash-navigator/install/amr_control/share/amr_control/package.dsv'
[0.540s] INFO:colcon.colcon_core.shell:Creating package script '/home/pakku/auto-trash-navigator/install/amr_control/share/amr_control/package.sh'
[0.541s] INFO:colcon.colcon_core.shell:Creating package script '/home/pakku/auto-trash-navigator/install/amr_control/share/amr_control/package.bash'
[0.542s] INFO:colcon.colcon_core.shell:Creating package script '/home/pakku/auto-trash-navigator/install/amr_control/share/amr_control/package.zsh'
[0.543s] Level 1:colcon.colcon_core.environment:create_file_with_runtime_dependencies(/home/pakku/auto-trash-navigator/install/amr_control/share/colcon-core/packages/amr_control)
[0.543s] Level 1:colcon.colcon_core.environment:create_environment_scripts_only(amr_control)
[0.543s] Level 1:colcon.colcon_core.environment:checking '/home/pakku/auto-trash-navigator/install/amr_control' for CMake module files
[0.544s] Level 1:colcon.colcon_core.environment:checking '/home/pakku/auto-trash-navigator/install/amr_control' for CMake config files
[0.544s] Level 1:colcon.colcon_core.shell:create_environment_hook('amr_control', 'cmake_prefix_path')
[0.544s] INFO:colcon.colcon_core.shell:Creating environment hook '/home/pakku/auto-trash-navigator/install/amr_control/share/amr_control/hook/cmake_prefix_path.ps1'
[0.545s] INFO:colcon.colcon_core.shell:Creating environment descriptor '/home/pakku/auto-trash-navigator/install/amr_control/share/amr_control/hook/cmake_prefix_path.dsv'
[0.545s] INFO:colcon.colcon_core.shell:Creating environment hook '/home/pakku/auto-trash-navigator/install/amr_control/share/amr_control/hook/cmake_prefix_path.sh'
[0.546s] Level 1:colcon.colcon_core.environment:checking '/home/pakku/auto-trash-navigator/install/amr_control/bin'
[0.546s] Level 1:colcon.colcon_core.environment:checking '/home/pakku/auto-trash-navigator/install/amr_control/lib/pkgconfig/amr_control.pc'
[0.547s] Level 1:colcon.colcon_core.environment:checking '/home/pakku/auto-trash-navigator/install/amr_control/lib/python3.12/site-packages'
[0.547s] Level 1:colcon.colcon_core.environment:checking '/home/pakku/auto-trash-navigator/install/amr_control/bin'
[0.548s] INFO:colcon.colcon_core.shell:Creating package script '/home/pakku/auto-trash-navigator/install/amr_control/share/amr_control/package.ps1'
[0.549s] INFO:colcon.colcon_core.shell:Creating package descriptor '/home/pakku/auto-trash-navigator/install/amr_control/share/amr_control/package.dsv'
[0.550s] INFO:colcon.colcon_core.shell:Creating package script '/home/pakku/auto-trash-navigator/install/amr_control/share/amr_control/package.sh'
[0.550s] INFO:colcon.colcon_core.shell:Creating package script '/home/pakku/auto-trash-navigator/install/amr_control/share/amr_control/package.bash'
[0.551s] INFO:colcon.colcon_core.shell:Creating package script '/home/pakku/auto-trash-navigator/install/amr_control/share/amr_control/package.zsh'
[0.552s] Level 1:colcon.colcon_core.environment:create_file_with_runtime_dependencies(/home/pakku/auto-trash-navigator/install/amr_control/share/colcon-core/packages/amr_control)
[0.553s] Level 1:colcon.colcon_core.environment:create_environment_scripts_only(amr_description)
[0.553s] Level 1:colcon.colcon_core.environment:checking '/home/pakku/auto-trash-navigator/install/amr_description' for CMake module files
[0.554s] Level 1:colcon.colcon_core.environment:checking '/home/pakku/auto-trash-navigator/install/amr_description' for CMake config files
[0.554s] Level 1:colcon.colcon_core.shell:create_environment_hook('amr_description', 'cmake_prefix_path')
[0.554s] INFO:colcon.colcon_core.shell:Creating environment hook '/home/pakku/auto-trash-navigator/install/amr_description/share/amr_description/hook/cmake_prefix_path.ps1'
[0.556s] INFO:colcon.colcon_core.shell:Creating environment descriptor '/home/pakku/auto-trash-navigator/install/amr_description/share/amr_description/hook/cmake_prefix_path.dsv'
[0.556s] DEBUG:colcon.colcon_core.event_handler.log_command:Invoked command in '/home/pakku/auto-trash-navigator/build/amr_description' returned '0': CMAKE_PREFIX_PATH=${CMAKE_PREFIX_PATH}:/opt/ros/jazzy DEBUGINFOD_URLS=https://debuginfod.ubuntu.com /usr/bin/cmake --install /home/pakku/auto-trash-navigator/build/amr_description
[0.557s] INFO:colcon.colcon_core.shell:Creating environment hook '/home/pakku/auto-trash-navigator/install/amr_description/share/amr_description/hook/cmake_prefix_path.sh'
[0.558s] Level 1:colcon.colcon_core.environment:checking '/home/pakku/auto-trash-navigator/install/amr_description/bin'
[0.558s] Level 1:colcon.colcon_core.environment:checking '/home/pakku/auto-trash-navigator/install/amr_description/lib/pkgconfig/amr_description.pc'
[0.559s] Level 1:colcon.colcon_core.environment:checking '/home/pakku/auto-trash-navigator/install/amr_description/lib/python3.12/site-packages'
[0.559s] Level 1:colcon.colcon_core.environment:checking '/home/pakku/auto-trash-navigator/install/amr_description/bin'
[0.559s] INFO:colcon.colcon_core.shell:Creating package script '/home/pakku/auto-trash-navigator/install/amr_description/share/amr_description/package.ps1'
[0.560s] INFO:colcon.colcon_core.shell:Creating package descriptor '/home/pakku/auto-trash-navigator/install/amr_description/share/amr_description/package.dsv'
[0.561s] INFO:colcon.colcon_core.shell:Creating package script '/home/pakku/auto-trash-navigator/install/amr_description/share/amr_description/package.sh'
[0.561s] INFO:colcon.colcon_core.shell:Creating package script '/home/pakku/auto-trash-navigator/install/amr_description/share/amr_description/package.bash'
[0.562s] INFO:colcon.colcon_core.shell:Creating package script '/home/pakku/auto-trash-navigator/install/amr_description/share/amr_description/package.zsh'
[0.562s] Level 1:colcon.colcon_core.environment:create_file_with_runtime_dependencies(/home/pakku/auto-trash-navigator/install/amr_description/share/colcon-core/packages/amr_description)
[0.563s] Level 1:colcon.colcon_core.environment:create_environment_scripts_only(amr_description)
[0.563s] Level 1:colcon.colcon_core.environment:checking '/home/pakku/auto-trash-navigator/install/amr_description' for CMake module files
[0.564s] Level 1:colcon.colcon_core.environment:checking '/home/pakku/auto-trash-navigator/install/amr_description' for CMake config files
[0.564s] Level 1:colcon.colcon_core.shell:create_environment_hook('amr_description', 'cmake_prefix_path')
[0.564s] INFO:colcon.colcon_core.shell:Creating environment hook '/home/pakku/auto-trash-navigator/install/amr_description/share/amr_description/hook/cmake_prefix_path.ps1'
[0.565s] INFO:colcon.colcon_core.shell:Creating environment descriptor '/home/pakku/auto-trash-navigator/install/amr_description/share/amr_description/hook/cmake_prefix_path.dsv'
[0.565s] INFO:colcon.colcon_core.shell:Creating environment hook '/home/pakku/auto-trash-navigator/install/amr_description/share/amr_description/hook/cmake_prefix_path.sh'
[0.566s] Level 1:colcon.colcon_core.environment:checking '/home/pakku/auto-trash-navigator/install/amr_description/bin'
[0.566s] Level 1:colcon.colcon_core.environment:checking '/home/pakku/auto-trash-navigator/install/amr_description/lib/pkgconfig/amr_description.pc'
[0.566s] Level 1:colcon.colcon_core.environment:checking '/home/pakku/auto-trash-navigator/install/amr_description/lib/python3.12/site-packages'
[0.567s] Level 1:colcon.colcon_core.environment:checking '/home/pakku/auto-trash-navigator/install/amr_description/bin'
[0.567s] INFO:colcon.colcon_core.shell:Creating package script '/home/pakku/auto-trash-navigator/install/amr_description/share/amr_description/package.ps1'
[0.568s] INFO:colcon.colcon_core.shell:Creating package descriptor '/home/pakku/auto-trash-navigator/install/amr_description/share/amr_description/package.dsv'
[0.568s] INFO:colcon.colcon_core.shell:Creating package script '/home/pakku/auto-trash-navigator/install/amr_description/share/amr_description/package.sh'
[0.569s] INFO:colcon.colcon_core.shell:Creating package script '/home/pakku/auto-trash-navigator/install/amr_description/share/amr_description/package.bash'
[0.569s] INFO:colcon.colcon_core.shell:Creating package script '/home/pakku/auto-trash-navigator/install/amr_description/share/amr_description/package.zsh'
[0.570s] Level 1:colcon.colcon_core.environment:create_file_with_runtime_dependencies(/home/pakku/auto-trash-navigator/install/amr_description/share/colcon-core/packages/amr_description)
[0.570s] INFO:colcon.colcon_ros.task.ament_cmake.build:Building ROS package in '/home/pakku/auto-trash-navigator/src/amr_bringup' with build type 'ament_cmake'
[0.571s] INFO:colcon.colcon_cmake.task.cmake.build:Building CMake package in '/home/pakku/auto-trash-navigator/src/amr_bringup'
[0.571s] INFO:colcon.colcon_core.shell:Skip shell extension 'powershell' for command environment: Not usable outside of PowerShell
[0.571s] DEBUG:colcon.colcon_core.shell:Skip shell extension 'dsv' for command environment
[0.579s] Level 1:colcon.colcon_core.environment:create_environment_scripts_only(amr_vision)
[0.579s] Level 1:colcon.colcon_core.environment:checking '/home/pakku/auto-trash-navigator/install/amr_vision' for CMake module files
[0.579s] DEBUG:colcon.colcon_core.event_handler.log_command:Invoked command in '/home/pakku/auto-trash-navigator/build/amr_vision' returned '0': CMAKE_PREFIX_PATH=${CMAKE_PREFIX_PATH}:/opt/ros/jazzy DEBUGINFOD_URLS=https://debuginfod.ubuntu.com /usr/bin/cmake --install /home/pakku/auto-trash-navigator/build/amr_vision
[0.581s] Level 1:colcon.colcon_core.environment:checking '/home/pakku/auto-trash-navigator/install/amr_vision' for CMake config files
[0.581s] Level 1:colcon.colcon_core.shell:create_environment_hook('amr_vision', 'cmake_prefix_path')
[0.581s] INFO:colcon.colcon_core.shell:Creating environment hook '/home/pakku/auto-trash-navigator/install/amr_vision/share/amr_vision/hook/cmake_prefix_path.ps1'
[0.582s] INFO:colcon.colcon_core.shell:Creating environment descriptor '/home/pakku/auto-trash-navigator/install/amr_vision/share/amr_vision/hook/cmake_prefix_path.dsv'
[0.583s] INFO:colcon.colcon_core.shell:Creating environment hook '/home/pakku/auto-trash-navigator/install/amr_vision/share/amr_vision/hook/cmake_prefix_path.sh'
[0.583s] Level 1:colcon.colcon_core.environment:checking '/home/pakku/auto-trash-navigator/install/amr_vision/bin'
[0.584s] Level 1:colcon.colcon_core.environment:checking '/home/pakku/auto-trash-navigator/install/amr_vision/lib/pkgconfig/amr_vision.pc'
[0.584s] Level 1:colcon.colcon_core.environment:checking '/home/pakku/auto-trash-navigator/install/amr_vision/lib/python3.12/site-packages'
[0.585s] Level 1:colcon.colcon_core.environment:checking '/home/pakku/auto-trash-navigator/install/amr_vision/bin'
[0.585s] INFO:colcon.colcon_core.shell:Creating package script '/home/pakku/auto-trash-navigator/install/amr_vision/share/amr_vision/package.ps1'
[0.586s] INFO:colcon.colcon_core.shell:Creating package descriptor '/home/pakku/auto-trash-navigator/install/amr_vision/share/amr_vision/package.dsv'
[0.587s] INFO:colcon.colcon_core.shell:Creating package script '/home/pakku/auto-trash-navigator/install/amr_vision/share/amr_vision/package.sh'
[0.588s] INFO:colcon.colcon_core.shell:Creating package script '/home/pakku/auto-trash-navigator/install/amr_vision/share/amr_vision/package.bash'
[0.589s] INFO:colcon.colcon_core.shell:Creating package script '/home/pakku/auto-trash-navigator/install/amr_vision/share/amr_vision/package.zsh'
[0.589s] Level 1:colcon.colcon_core.environment:create_file_with_runtime_dependencies(/home/pakku/auto-trash-navigator/install/amr_vision/share/colcon-core/packages/amr_vision)
[0.590s] Level 1:colcon.colcon_core.environment:create_environment_scripts_only(amr_vision)
[0.590s] Level 1:colcon.colcon_core.environment:checking '/home/pakku/auto-trash-navigator/install/amr_vision' for CMake module files
[0.591s] Level 1:colcon.colcon_core.environment:checking '/home/pakku/auto-trash-navigator/install/amr_vision' for CMake config files
[0.591s] Level 1:colcon.colcon_core.shell:create_environment_hook('amr_vision', 'cmake_prefix_path')
[0.592s] INFO:colcon.colcon_core.shell:Creating environment hook '/home/pakku/auto-trash-navigator/install/amr_vision/share/amr_vision/hook/cmake_prefix_path.ps1'
[0.592s] INFO:colcon.colcon_core.shell:Creating environment descriptor '/home/pakku/auto-trash-navigator/install/amr_vision/share/amr_vision/hook/cmake_prefix_path.dsv'
[0.593s] INFO:colcon.colcon_core.shell:Creating environment hook '/home/pakku/auto-trash-navigator/install/amr_vision/share/amr_vision/hook/cmake_prefix_path.sh'
[0.594s] Level 1:colcon.colcon_core.environment:checking '/home/pakku/auto-trash-navigator/install/amr_vision/bin'
[0.594s] Level 1:colcon.colcon_core.environment:checking '/home/pakku/auto-trash-navigator/install/amr_vision/lib/pkgconfig/amr_vision.pc'
[0.594s] Level 1:colcon.colcon_core.environment:checking '/home/pakku/auto-trash-navigator/install/amr_vision/lib/python3.12/site-packages'
[0.595s] Level 1:colcon.colcon_core.environment:checking '/home/pakku/auto-trash-navigator/install/amr_vision/bin'
[0.595s] INFO:colcon.colcon_core.shell:Creating package script '/home/pakku/auto-trash-navigator/install/amr_vision/share/amr_vision/package.ps1'
[0.596s] INFO:colcon.colcon_core.shell:Creating package descriptor '/home/pakku/auto-trash-navigator/install/amr_vision/share/amr_vision/package.dsv'
[0.597s] INFO:colcon.colcon_core.shell:Creating package script '/home/pakku/auto-trash-navigator/install/amr_vision/share/amr_vision/package.sh'
[0.598s] INFO:colcon.colcon_core.shell:Creating package script '/home/pakku/auto-trash-navigator/install/amr_vision/share/amr_vision/package.bash'
[0.598s] INFO:colcon.colcon_core.shell:Creating package script '/home/pakku/auto-trash-navigator/install/amr_vision/share/amr_vision/package.zsh'
[0.599s] Level 1:colcon.colcon_core.environment:create_file_with_runtime_dependencies(/home/pakku/auto-trash-navigator/install/amr_vision/share/colcon-core/packages/amr_vision)
[0.604s] DEBUG:colcon.colcon_core.event_handler.log_command:Invoking command in '/home/pakku/auto-trash-navigator/build/amr_bringup': AMENT_PREFIX_PATH=/home/pakku/auto-trash-navigator/install/amr_description:${AMENT_PREFIX_PATH} CMAKE_PREFIX_PATH=/home/pakku/auto-trash-navigator/install/amr_description:/opt/ros/jazzy/opt/gz_sim_vendor:/opt/ros/jazzy/opt/gz_sensors_vendor:/opt/ros/jazzy/opt/gz_physics_vendor:/opt/ros/jazzy/opt/sdformat_vendor:/opt/ros/jazzy/opt/gz_gui_vendor:/opt/ros/jazzy/opt/gz_transport_vendor:/opt/ros/jazzy/opt/gz_rendering_vendor:/opt/ros/jazzy/opt/gz_plugin_vendor:/opt/ros/jazzy/opt/gz_fuel_tools_vendor:/opt/ros/jazzy/opt/gz_msgs_vendor:/opt/ros/jazzy/opt/gz_common_vendor:/opt/ros/jazzy/opt/gz_math_vendor:/opt/ros/jazzy/opt/gz_utils_vendor:/opt/ros/jazzy/opt/gz_tools_vendor:/opt/ros/jazzy/opt/gz_ogre_next_vendor:/opt/ros/jazzy/opt/gz_dartsim_vendor:/opt/ros/jazzy/opt/gz_cmake_vendor:/opt/ros/jazzy DEBUGINFOD_URLS=https://debuginfod.ubuntu.com /usr/bin/cmake --build /home/pakku/auto-trash-navigator/build/amr_bringup -- -j16 -l16
[1.152s] DEBUG:colcon.colcon_core.event_handler.log_command:Invoked command in '/home/pakku/auto-trash-navigator/build/amr_bringup' returned '0': AMENT_PREFIX_PATH=/home/pakku/auto-trash-navigator/install/amr_description:${AMENT_PREFIX_PATH} CMAKE_PREFIX_PATH=/home/pakku/auto-trash-navigator/install/amr_description:/opt/ros/jazzy/opt/gz_sim_vendor:/opt/ros/jazzy/opt/gz_sensors_vendor:/opt/ros/jazzy/opt/gz_physics_vendor:/opt/ros/jazzy/opt/sdformat_vendor:/opt/ros/jazzy/opt/gz_gui_vendor:/opt/ros/jazzy/opt/gz_transport_vendor:/opt/ros/jazzy/opt/gz_rendering_vendor:/opt/ros/jazzy/opt/gz_plugin_vendor:/opt/ros/jazzy/opt/gz_fuel_tools_vendor:/opt/ros/jazzy/opt/gz_msgs_vendor:/opt/ros/jazzy/opt/gz_common_vendor:/opt/ros/jazzy/opt/gz_math_vendor:/opt/ros/jazzy/opt/gz_utils_vendor:/opt/ros/jazzy/opt/gz_tools_vendor:/opt/ros/jazzy/opt/gz_ogre_next_vendor:/opt/ros/jazzy/opt/gz_dartsim_vendor:/opt/ros/jazzy/opt/gz_cmake_vendor:/opt/ros/jazzy DEBUGINFOD_URLS=https://debuginfod.ubuntu.com /usr/bin/cmake --build /home/pakku/auto-trash-navigator/build/amr_bringup -- -j16 -l16
[1.154s] DEBUG:colcon.colcon_core.event_handler.log_command:Invoking command in '/home/pakku/auto-trash-navigator/build/amr_bringup': AMENT_PREFIX_PATH=/home/pakku/auto-trash-navigator/install/amr_description:${AMENT_PREFIX_PATH} CMAKE_PREFIX_PATH=/home/pakku/auto-trash-navigator/install/amr_description:/opt/ros/jazzy/opt/gz_sim_vendor:/opt/ros/jazzy/opt/gz_sensors_vendor:/opt/ros/jazzy/opt/gz_physics_vendor:/opt/ros/jazzy/opt/sdformat_vendor:/opt/ros/jazzy/opt/gz_gui_vendor:/opt/ros/jazzy/opt/gz_transport_vendor:/opt/ros/jazzy/opt/gz_rendering_vendor:/opt/ros/jazzy/opt/gz_plugin_vendor:/opt/ros/jazzy/opt/gz_fuel_tools_vendor:/opt/ros/jazzy/opt/gz_msgs_vendor:/opt/ros/jazzy/opt/gz_common_vendor:/opt/ros/jazzy/opt/gz_math_vendor:/opt/ros/jazzy/opt/gz_utils_vendor:/opt/ros/jazzy/opt/gz_tools_vendor:/opt/ros/jazzy/opt/gz_ogre_next_vendor:/opt/ros/jazzy/opt/gz_dartsim_vendor:/opt/ros/jazzy/opt/gz_cmake_vendor:/opt/ros/jazzy DEBUGINFOD_URLS=https://debuginfod.ubuntu.com /usr/bin/cmake --install /home/pakku/auto-trash-navigator/build/amr_bringup
[1.206s] Level 1:colcon.colcon_core.environment:create_environment_scripts_only(amr_bringup)
[1.206s] Level 1:colcon.colcon_core.environment:checking '/home/pakku/auto-trash-navigator/install/amr_bringup' for CMake module files
[1.207s] DEBUG:colcon.colcon_core.event_handler.log_command:Invoked command in '/home/pakku/auto-trash-navigator/build/amr_bringup' returned '0': AMENT_PREFIX_PATH=/home/pakku/auto-trash-navigator/install/amr_description:${AMENT_PREFIX_PATH} CMAKE_PREFIX_PATH=/home/pakku/auto-trash-navigator/install/amr_description:/opt/ros/jazzy/opt/gz_sim_vendor:/opt/ros/jazzy/opt/gz_sensors_vendor:/opt/ros/jazzy/opt/gz_physics_vendor:/opt/ros/jazzy/opt/sdformat_vendor:/opt/ros/jazzy/opt/gz_gui_vendor:/opt/ros/jazzy/opt/gz_transport_vendor:/opt/ros/jazzy/opt/gz_rendering_vendor:/opt/ros/jazzy/opt/gz_plugin_vendor:/opt/ros/jazzy/opt/gz_fuel_tools_vendor:/opt/ros/jazzy/opt/gz_msgs_vendor:/opt/ros/jazzy/opt/gz_common_vendor:/opt/ros/jazzy/opt/gz_math_vendor:/opt/ros/jazzy/opt/gz_utils_vendor:/opt/ros/jazzy/opt/gz_tools_vendor:/opt/ros/jazzy/opt/gz_ogre_next_vendor:/opt/ros/jazzy/opt/gz_dartsim_vendor:/opt/ros/jazzy/opt/gz_cmake_vendor:/opt/ros/jazzy DEBUGINFOD_URLS=https://debuginfod.ubuntu.com /usr/bin/cmake --install /home/pakku/auto-trash-navigator/build/amr_bringup
[1.207s] Level 1:colcon.colcon_core.environment:checking '/home/pakku/auto-trash-navigator/install/amr_bringup' for CMake config files
[1.208s] Level 1:colcon.colcon_core.shell:create_environment_hook('amr_bringup', 'cmake_prefix_path')
[1.208s] INFO:colcon.colcon_core.shell:Creating environment hook '/home/pakku/auto-trash-navigator/install/amr_bringup/share/amr_bringup/hook/cmake_prefix_path.ps1'
[1.209s] INFO:colcon.colcon_core.shell:Creating environment descriptor '/home/pakku/auto-trash-navigator/install/amr_bringup/share/amr_bringup/hook/cmake_prefix_path.dsv'
[1.209s] INFO:colcon.colcon_core.shell:Creating environment hook '/home/pakku/auto-trash-navigator/install/amr_bringup/share/amr_bringup/hook/cmake_prefix_path.sh'
[1.210s] Level 1:colcon.colcon_core.environment:checking '/home/pakku/auto-trash-navigator/install/amr_bringup/bin'
[1.210s] Level 1:colcon.colcon_core.environment:checking '/home/pakku/auto-trash-navigator/install/amr_bringup/lib/pkgconfig/amr_bringup.pc'
[1.210s] Level 1:colcon.colcon_core.environment:checking '/home/pakku/auto-trash-navigator/install/amr_bringup/lib/python3.12/site-packages'
[1.211s] Level 1:colcon.colcon_core.environment:checking '/home/pakku/auto-trash-navigator/install/amr_bringup/bin'
[1.211s] INFO:colcon.colcon_core.shell:Creating package script '/home/pakku/auto-trash-navigator/install/amr_bringup/share/amr_bringup/package.ps1'
[1.212s] INFO:colcon.colcon_core.shell:Creating package descriptor '/home/pakku/auto-trash-navigator/install/amr_bringup/share/amr_bringup/package.dsv'
[1.212s] INFO:colcon.colcon_core.shell:Creating package script '/home/pakku/auto-trash-navigator/install/amr_bringup/share/amr_bringup/package.sh'
[1.213s] INFO:colcon.colcon_core.shell:Creating package script '/home/pakku/auto-trash-navigator/install/amr_bringup/share/amr_bringup/package.bash'
[1.213s] INFO:colcon.colcon_core.shell:Creating package script '/home/pakku/auto-trash-navigator/install/amr_bringup/share/amr_bringup/package.zsh'
[1.213s] Level 1:colcon.colcon_core.environment:create_file_with_runtime_dependencies(/home/pakku/auto-trash-navigator/install/amr_bringup/share/colcon-core/packages/amr_bringup)
[1.214s] Level 1:colcon.colcon_core.environment:create_environment_scripts_only(amr_bringup)
[1.214s] Level 1:colcon.colcon_core.environment:checking '/home/pakku/auto-trash-navigator/install/amr_bringup' for CMake module files
[1.215s] Level 1:colcon.colcon_core.environment:checking '/home/pakku/auto-trash-navigator/install/amr_bringup' for CMake config files
[1.215s] Level 1:colcon.colcon_core.shell:create_environment_hook('amr_bringup', 'cmake_prefix_path')
[1.215s] INFO:colcon.colcon_core.shell:Creating environment hook '/home/pakku/auto-trash-navigator/install/amr_bringup/share/amr_bringup/hook/cmake_prefix_path.ps1'
[1.216s] INFO:colcon.colcon_core.shell:Creating environment descriptor '/home/pakku/auto-trash-navigator/install/amr_bringup/share/amr_bringup/hook/cmake_prefix_path.dsv'
[1.216s] INFO:colcon.colcon_core.shell:Creating environment hook '/home/pakku/auto-trash-navigator/install/amr_bringup/share/amr_bringup/hook/cmake_prefix_path.sh'
[1.217s] Level 1:colcon.colcon_core.environment:checking '/home/pakku/auto-trash-navigator/install/amr_bringup/bin'
[1.217s] Level 1:colcon.colcon_core.environment:checking '/home/pakku/auto-trash-navigator/install/amr_bringup/lib/pkgconfig/amr_bringup.pc'
[1.217s] Level 1:colcon.colcon_core.environment:checking '/home/pakku/auto-trash-navigator/install/amr_bringup/lib/python3.12/site-packages'
[1.217s] Level 1:colcon.colcon_core.environment:checking '/home/pakku/auto-trash-navigator/install/amr_bringup/bin'
[1.218s] INFO:colcon.colcon_core.shell:Creating package script '/home/pakku/auto-trash-navigator/install/amr_bringup/share/amr_bringup/package.ps1'
[1.218s] INFO:colcon.colcon_core.shell:Creating package descriptor '/home/pakku/auto-trash-navigator/install/amr_bringup/share/amr_bringup/package.dsv'
[1.219s] INFO:colcon.colcon_core.shell:Creating package script '/home/pakku/auto-trash-navigator/install/amr_bringup/share/amr_bringup/package.sh'
[1.219s] INFO:colcon.colcon_core.shell:Creating package script '/home/pakku/auto-trash-navigator/install/amr_bringup/share/amr_bringup/package.bash'
[1.220s] INFO:colcon.colcon_core.shell:Creating package script '/home/pakku/auto-trash-navigator/install/amr_bringup/share/amr_bringup/package.zsh'
[1.221s] Level 1:colcon.colcon_core.environment:create_file_with_runtime_dependencies(/home/pakku/auto-trash-navigator/install/amr_bringup/share/colcon-core/packages/amr_bringup)
[1.221s] DEBUG:colcon.colcon_parallel_executor.executor.parallel:closing loop
[1.221s] DEBUG:colcon.colcon_parallel_executor.executor.parallel:loop closed
[1.221s] DEBUG:colcon.colcon_parallel_executor.executor.parallel:run_until_complete finished with '0'
[1.221s] DEBUG:colcon.colcon_core.event_reactor:joining thread
[1.235s] INFO:colcon.colcon_core.plugin_system:Skipping extension 'colcon_notification.desktop_notification.terminal_notifier': Not used on non-Darwin systems
[1.235s] INFO:colcon.colcon_core.plugin_system:Skipping extension 'colcon_notification.desktop_notification.win32': Not used on non-Windows systems
[1.235s] INFO:colcon.colcon_notification.desktop_notification:Sending desktop notification using 'notify2'
[1.253s] DEBUG:colcon.colcon_core.event_reactor:joined thread
[1.254s] INFO:colcon.colcon_core.shell:Creating prefix script '/home/pakku/auto-trash-navigator/install/local_setup.ps1'
[1.255s] INFO:colcon.colcon_core.shell:Creating prefix util module '/home/pakku/auto-trash-navigator/install/_local_setup_util_ps1.py'
[1.257s] INFO:colcon.colcon_core.shell:Creating prefix chain script '/home/pakku/auto-trash-navigator/install/setup.ps1'
[1.259s] INFO:colcon.colcon_core.shell:Creating prefix script '/home/pakku/auto-trash-navigator/install/local_setup.sh'
[1.260s] INFO:colcon.colcon_core.shell:Creating prefix util module '/home/pakku/auto-trash-navigator/install/_local_setup_util_sh.py'
[1.261s] INFO:colcon.colcon_core.shell:Creating prefix chain script '/home/pakku/auto-trash-navigator/install/setup.sh'
[1.263s] INFO:colcon.colcon_core.shell:Creating prefix script '/home/pakku/auto-trash-navigator/install/local_setup.bash'
[1.263s] INFO:colcon.colcon_core.shell:Creating prefix chain script '/home/pakku/auto-trash-navigator/install/setup.bash'
[1.265s] INFO:colcon.colcon_core.shell:Creating prefix script '/home/pakku/auto-trash-navigator/install/local_setup.zsh'
[1.265s] INFO:colcon.colcon_core.shell:Creating prefix chain script '/home/pakku/auto-trash-navigator/install/setup.zsh'
