[0.005s] Invoking command in '/home/pakku/auto-trash-navigator/build/amr_bringup': AMENT_PREFIX_PATH=/home/pakku/auto-trash-navigator/install/amr_description:${AMENT_PREFIX_PATH} CMAKE_PREFIX_PATH=/home/pakku/auto-trash-navigator/install/amr_description:/home/pakku/ros2_ws/install/minicar_simulation:/opt/ros/jazzy/opt/gz_sim_vendor:/opt/ros/jazzy/opt/gz_sensors_vendor:/opt/ros/jazzy/opt/gz_physics_vendor:/opt/ros/jazzy/opt/sdformat_vendor:/opt/ros/jazzy/opt/gz_gui_vendor:/opt/ros/jazzy/opt/gz_transport_vendor:/opt/ros/jazzy/opt/gz_rendering_vendor:/opt/ros/jazzy/opt/gz_plugin_vendor:/opt/ros/jazzy/opt/gz_fuel_tools_vendor:/opt/ros/jazzy/opt/gz_msgs_vendor:/opt/ros/jazzy/opt/gz_common_vendor:/opt/ros/jazzy/opt/gz_math_vendor:/opt/ros/jazzy/opt/gz_utils_vendor:/opt/ros/jazzy/opt/gz_tools_vendor:/opt/ros/jazzy/opt/gz_ogre_next_vendor:/opt/ros/jazzy/opt/gz_dartsim_vendor:/opt/ros/jazzy/opt/gz_cmake_vendor:/opt/ros/jazzy DEBUGINFOD_URLS=https://debuginfod.ubuntu.com /usr/bin/cmake /home/pakku/auto-trash-navigator/src/amr_bringup -DCMAKE_INSTALL_PREFIX=/home/pakku/auto-trash-navigator/install/amr_bringup
[0.042s] -- The C compiler identification is GNU 13.3.0
[0.076s] -- The CXX compiler identification is GNU 13.3.0
[0.086s] -- Detecting C compiler ABI info
[0.143s] -- Detecting C compiler ABI info - done
[0.149s] -- Check for working C compiler: /usr/bin/cc - skipped
[0.149s] -- Detecting C compile features
[0.150s] -- Detecting C compile features - done
[0.155s] -- Detecting CXX compiler ABI info
[0.217s] -- Detecting CXX compiler ABI info - done
[0.224s] -- Check for working CXX compiler: /usr/bin/c++ - skipped
[0.224s] -- Detecting CXX compile features
[0.224s] -- Detecting CXX compile features - done
[0.227s] -- Found ament_cmake: 2.5.6 (/opt/ros/jazzy/share/ament_cmake/cmake)
[0.329s] -- Found Python3: /usr/bin/python3 (found version "3.12.3") found components: Interpreter 
[0.406s] -- Found ament_lint_auto: 0.17.5 (/opt/ros/jazzy/share/ament_lint_auto/cmake)
[0.481s] -- Added test 'flake8' to check Python code syntax and style conventions
[0.481s] -- Configured 'flake8' exclude dirs and/or files: 
[0.482s] -- Added test 'lint_cmake' to check CMake code style
[0.482s] -- Added test 'pep257' to check Python code against some of the docstring style conventions in PEP 257
[0.483s] -- Added test 'xmllint' to check XML markup files
[0.484s] -- Configuring done (0.5s)
[0.486s] -- Generating done (0.0s)
[0.487s] -- Build files have been written to: /home/pakku/auto-trash-navigator/build/amr_bringup
[0.490s] Invoked command in '/home/pakku/auto-trash-navigator/build/amr_bringup' returned '0': AMENT_PREFIX_PATH=/home/pakku/auto-trash-navigator/install/amr_description:${AMENT_PREFIX_PATH} CMAKE_PREFIX_PATH=/home/pakku/auto-trash-navigator/install/amr_description:/home/pakku/ros2_ws/install/minicar_simulation:/opt/ros/jazzy/opt/gz_sim_vendor:/opt/ros/jazzy/opt/gz_sensors_vendor:/opt/ros/jazzy/opt/gz_physics_vendor:/opt/ros/jazzy/opt/sdformat_vendor:/opt/ros/jazzy/opt/gz_gui_vendor:/opt/ros/jazzy/opt/gz_transport_vendor:/opt/ros/jazzy/opt/gz_rendering_vendor:/opt/ros/jazzy/opt/gz_plugin_vendor:/opt/ros/jazzy/opt/gz_fuel_tools_vendor:/opt/ros/jazzy/opt/gz_msgs_vendor:/opt/ros/jazzy/opt/gz_common_vendor:/opt/ros/jazzy/opt/gz_math_vendor:/opt/ros/jazzy/opt/gz_utils_vendor:/opt/ros/jazzy/opt/gz_tools_vendor:/opt/ros/jazzy/opt/gz_ogre_next_vendor:/opt/ros/jazzy/opt/gz_dartsim_vendor:/opt/ros/jazzy/opt/gz_cmake_vendor:/opt/ros/jazzy DEBUGINFOD_URLS=https://debuginfod.ubuntu.com /usr/bin/cmake /home/pakku/auto-trash-navigator/src/amr_bringup -DCMAKE_INSTALL_PREFIX=/home/pakku/auto-trash-navigator/install/amr_bringup
[0.491s] Invoking command in '/home/pakku/auto-trash-navigator/build/amr_bringup': AMENT_PREFIX_PATH=/home/pakku/auto-trash-navigator/install/amr_description:${AMENT_PREFIX_PATH} CMAKE_PREFIX_PATH=/home/pakku/auto-trash-navigator/install/amr_description:/home/pakku/ros2_ws/install/minicar_simulation:/opt/ros/jazzy/opt/gz_sim_vendor:/opt/ros/jazzy/opt/gz_sensors_vendor:/opt/ros/jazzy/opt/gz_physics_vendor:/opt/ros/jazzy/opt/sdformat_vendor:/opt/ros/jazzy/opt/gz_gui_vendor:/opt/ros/jazzy/opt/gz_transport_vendor:/opt/ros/jazzy/opt/gz_rendering_vendor:/opt/ros/jazzy/opt/gz_plugin_vendor:/opt/ros/jazzy/opt/gz_fuel_tools_vendor:/opt/ros/jazzy/opt/gz_msgs_vendor:/opt/ros/jazzy/opt/gz_common_vendor:/opt/ros/jazzy/opt/gz_math_vendor:/opt/ros/jazzy/opt/gz_utils_vendor:/opt/ros/jazzy/opt/gz_tools_vendor:/opt/ros/jazzy/opt/gz_ogre_next_vendor:/opt/ros/jazzy/opt/gz_dartsim_vendor:/opt/ros/jazzy/opt/gz_cmake_vendor:/opt/ros/jazzy DEBUGINFOD_URLS=https://debuginfod.ubuntu.com /usr/bin/cmake --build /home/pakku/auto-trash-navigator/build/amr_bringup -- -j16 -l16
[0.528s] Invoked command in '/home/pakku/auto-trash-navigator/build/amr_bringup' returned '0': AMENT_PREFIX_PATH=/home/pakku/auto-trash-navigator/install/amr_description:${AMENT_PREFIX_PATH} CMAKE_PREFIX_PATH=/home/pakku/auto-trash-navigator/install/amr_description:/home/pakku/ros2_ws/install/minicar_simulation:/opt/ros/jazzy/opt/gz_sim_vendor:/opt/ros/jazzy/opt/gz_sensors_vendor:/opt/ros/jazzy/opt/gz_physics_vendor:/opt/ros/jazzy/opt/sdformat_vendor:/opt/ros/jazzy/opt/gz_gui_vendor:/opt/ros/jazzy/opt/gz_transport_vendor:/opt/ros/jazzy/opt/gz_rendering_vendor:/opt/ros/jazzy/opt/gz_plugin_vendor:/opt/ros/jazzy/opt/gz_fuel_tools_vendor:/opt/ros/jazzy/opt/gz_msgs_vendor:/opt/ros/jazzy/opt/gz_common_vendor:/opt/ros/jazzy/opt/gz_math_vendor:/opt/ros/jazzy/opt/gz_utils_vendor:/opt/ros/jazzy/opt/gz_tools_vendor:/opt/ros/jazzy/opt/gz_ogre_next_vendor:/opt/ros/jazzy/opt/gz_dartsim_vendor:/opt/ros/jazzy/opt/gz_cmake_vendor:/opt/ros/jazzy DEBUGINFOD_URLS=https://debuginfod.ubuntu.com /usr/bin/cmake --build /home/pakku/auto-trash-navigator/build/amr_bringup -- -j16 -l16
[0.529s] Invoking command in '/home/pakku/auto-trash-navigator/build/amr_bringup': AMENT_PREFIX_PATH=/home/pakku/auto-trash-navigator/install/amr_description:${AMENT_PREFIX_PATH} CMAKE_PREFIX_PATH=/home/pakku/auto-trash-navigator/install/amr_description:/home/pakku/ros2_ws/install/minicar_simulation:/opt/ros/jazzy/opt/gz_sim_vendor:/opt/ros/jazzy/opt/gz_sensors_vendor:/opt/ros/jazzy/opt/gz_physics_vendor:/opt/ros/jazzy/opt/sdformat_vendor:/opt/ros/jazzy/opt/gz_gui_vendor:/opt/ros/jazzy/opt/gz_transport_vendor:/opt/ros/jazzy/opt/gz_rendering_vendor:/opt/ros/jazzy/opt/gz_plugin_vendor:/opt/ros/jazzy/opt/gz_fuel_tools_vendor:/opt/ros/jazzy/opt/gz_msgs_vendor:/opt/ros/jazzy/opt/gz_common_vendor:/opt/ros/jazzy/opt/gz_math_vendor:/opt/ros/jazzy/opt/gz_utils_vendor:/opt/ros/jazzy/opt/gz_tools_vendor:/opt/ros/jazzy/opt/gz_ogre_next_vendor:/opt/ros/jazzy/opt/gz_dartsim_vendor:/opt/ros/jazzy/opt/gz_cmake_vendor:/opt/ros/jazzy DEBUGINFOD_URLS=https://debuginfod.ubuntu.com /usr/bin/cmake --install /home/pakku/auto-trash-navigator/build/amr_bringup
[0.536s] -- Install configuration: ""
[0.536s] -- Installing: /home/pakku/auto-trash-navigator/install/amr_bringup/share/amr_bringup/launch
[0.536s] -- Installing: /home/pakku/auto-trash-navigator/install/amr_bringup/share/amr_bringup/launch/gazebo.launch.py
[0.536s] -- Installing: /home/pakku/auto-trash-navigator/install/amr_bringup/share/amr_bringup/launch/display.launch.py
[0.536s] -- Installing: /home/pakku/auto-trash-navigator/install/amr_bringup/share/ament_index/resource_index/package_run_dependencies/amr_bringup
[0.536s] -- Installing: /home/pakku/auto-trash-navigator/install/amr_bringup/share/ament_index/resource_index/parent_prefix_path/amr_bringup
[0.536s] -- Installing: /home/pakku/auto-trash-navigator/install/amr_bringup/share/amr_bringup/environment/ament_prefix_path.sh
[0.537s] -- Installing: /home/pakku/auto-trash-navigator/install/amr_bringup/share/amr_bringup/environment/ament_prefix_path.dsv
[0.537s] -- Installing: /home/pakku/auto-trash-navigator/install/amr_bringup/share/amr_bringup/environment/path.sh
[0.537s] -- Installing: /home/pakku/auto-trash-navigator/install/amr_bringup/share/amr_bringup/environment/path.dsv
[0.537s] -- Installing: /home/pakku/auto-trash-navigator/install/amr_bringup/share/amr_bringup/local_setup.bash
[0.537s] -- Installing: /home/pakku/auto-trash-navigator/install/amr_bringup/share/amr_bringup/local_setup.sh
[0.537s] -- Installing: /home/pakku/auto-trash-navigator/install/amr_bringup/share/amr_bringup/local_setup.zsh
[0.537s] -- Installing: /home/pakku/auto-trash-navigator/install/amr_bringup/share/amr_bringup/local_setup.dsv
[0.538s] -- Installing: /home/pakku/auto-trash-navigator/install/amr_bringup/share/amr_bringup/package.dsv
[0.538s] -- Installing: /home/pakku/auto-trash-navigator/install/amr_bringup/share/ament_index/resource_index/packages/amr_bringup
[0.538s] -- Installing: /home/pakku/auto-trash-navigator/install/amr_bringup/share/amr_bringup/cmake/amr_bringupConfig.cmake
[0.538s] -- Installing: /home/pakku/auto-trash-navigator/install/amr_bringup/share/amr_bringup/cmake/amr_bringupConfig-version.cmake
[0.538s] -- Installing: /home/pakku/auto-trash-navigator/install/amr_bringup/share/amr_bringup/package.xml
[0.540s] Invoked command in '/home/pakku/auto-trash-navigator/build/amr_bringup' returned '0': AMENT_PREFIX_PATH=/home/pakku/auto-trash-navigator/install/amr_description:${AMENT_PREFIX_PATH} CMAKE_PREFIX_PATH=/home/pakku/auto-trash-navigator/install/amr_description:/home/pakku/ros2_ws/install/minicar_simulation:/opt/ros/jazzy/opt/gz_sim_vendor:/opt/ros/jazzy/opt/gz_sensors_vendor:/opt/ros/jazzy/opt/gz_physics_vendor:/opt/ros/jazzy/opt/sdformat_vendor:/opt/ros/jazzy/opt/gz_gui_vendor:/opt/ros/jazzy/opt/gz_transport_vendor:/opt/ros/jazzy/opt/gz_rendering_vendor:/opt/ros/jazzy/opt/gz_plugin_vendor:/opt/ros/jazzy/opt/gz_fuel_tools_vendor:/opt/ros/jazzy/opt/gz_msgs_vendor:/opt/ros/jazzy/opt/gz_common_vendor:/opt/ros/jazzy/opt/gz_math_vendor:/opt/ros/jazzy/opt/gz_utils_vendor:/opt/ros/jazzy/opt/gz_tools_vendor:/opt/ros/jazzy/opt/gz_ogre_next_vendor:/opt/ros/jazzy/opt/gz_dartsim_vendor:/opt/ros/jazzy/opt/gz_cmake_vendor:/opt/ros/jazzy DEBUGINFOD_URLS=https://debuginfod.ubuntu.com /usr/bin/cmake --install /home/pakku/auto-trash-navigator/build/amr_bringup
