[0.023s] Invoking command in '/home/pakku/auto-trash-navigator/build/amr_description': CMAKE_PREFIX_PATH=${CMAKE_PREFIX_PATH}:/opt/ros/jazzy DEBUGINFOD_URLS=https://debuginfod.ubuntu.com /usr/bin/cmake --build /home/pakku/auto-trash-navigator/build/amr_description -- -j16 -l16
[0.066s] Invoked command in '/home/pakku/auto-trash-navigator/build/amr_description' returned '0': CMAKE_PREFIX_PATH=${CMAKE_PREFIX_PATH}:/opt/ros/jazzy DEBUGINFOD_URLS=https://debuginfod.ubuntu.com /usr/bin/cmake --build /home/pakku/auto-trash-navigator/build/amr_description -- -j16 -l16
[0.078s] Invoking command in '/home/pakku/auto-trash-navigator/build/amr_description': CMAKE_PREFIX_PATH=${CMAKE_PREFIX_PATH}:/opt/ros/jazzy DEBUGINFOD_URLS=https://debuginfod.ubuntu.com /usr/bin/cmake --install /home/pakku/auto-trash-navigator/build/amr_description
[0.086s] -- Install configuration: ""
[0.087s] -- Up-to-date: /home/pakku/auto-trash-navigator/install/amr_description/share/amr_description/launch
[0.087s] -- Up-to-date: /home/pakku/auto-trash-navigator/install/amr_description/share/amr_description/launch/display.launch.py
[0.087s] -- Up-to-date: /home/pakku/auto-trash-navigator/install/amr_description/share/amr_description/urdf
[0.087s] -- Up-to-date: /home/pakku/auto-trash-navigator/install/amr_description/share/amr_description/urdf/base_omni_4wheel.xacro
[0.087s] -- Up-to-date: /home/pakku/auto-trash-navigator/install/amr_description/share/amr_description/urdf/so101_arm.xacro
[0.087s] -- Up-to-date: /home/pakku/auto-trash-navigator/install/amr_description/share/amr_description/urdf/gripper.xacro
[0.087s] -- Up-to-date: /home/pakku/auto-trash-navigator/install/amr_description/share/amr_description/urdf/amr_robot.urdf.xacro
[0.087s] -- Up-to-date: /home/pakku/auto-trash-navigator/install/amr_description/share/amr_description/rviz
[0.087s] -- Up-to-date: /home/pakku/auto-trash-navigator/install/amr_description/share/amr_description/rviz/amr.rviz
[0.087s] -- Up-to-date: /home/pakku/auto-trash-navigator/install/amr_description/share/amr_description/config
[0.088s] -- Up-to-date: /home/pakku/auto-trash-navigator/install/amr_description/share/amr_description/config/amr_controllers.yaml
[0.088s] -- Up-to-date: /home/pakku/auto-trash-navigator/install/amr_description/share/ament_index/resource_index/package_run_dependencies/amr_description
[0.088s] -- Up-to-date: /home/pakku/auto-trash-navigator/install/amr_description/share/ament_index/resource_index/parent_prefix_path/amr_description
[0.088s] -- Up-to-date: /home/pakku/auto-trash-navigator/install/amr_description/share/amr_description/environment/ament_prefix_path.sh
[0.088s] -- Up-to-date: /home/pakku/auto-trash-navigator/install/amr_description/share/amr_description/environment/ament_prefix_path.dsv
[0.088s] -- Up-to-date: /home/pakku/auto-trash-navigator/install/amr_description/share/amr_description/environment/path.sh
[0.088s] -- Up-to-date: /home/pakku/auto-trash-navigator/install/amr_description/share/amr_description/environment/path.dsv
[0.088s] -- Up-to-date: /home/pakku/auto-trash-navigator/install/amr_description/share/amr_description/local_setup.bash
[0.088s] -- Up-to-date: /home/pakku/auto-trash-navigator/install/amr_description/share/amr_description/local_setup.sh
[0.088s] -- Up-to-date: /home/pakku/auto-trash-navigator/install/amr_description/share/amr_description/local_setup.zsh
[0.088s] -- Up-to-date: /home/pakku/auto-trash-navigator/install/amr_description/share/amr_description/local_setup.dsv
[0.089s] -- Installing: /home/pakku/auto-trash-navigator/install/amr_description/share/amr_description/package.dsv
[0.089s] -- Up-to-date: /home/pakku/auto-trash-navigator/install/amr_description/share/ament_index/resource_index/packages/amr_description
[0.089s] -- Up-to-date: /home/pakku/auto-trash-navigator/install/amr_description/share/amr_description/cmake/amr_descriptionConfig.cmake
[0.089s] -- Up-to-date: /home/pakku/auto-trash-navigator/install/amr_description/share/amr_description/cmake/amr_descriptionConfig-version.cmake
[0.089s] -- Up-to-date: /home/pakku/auto-trash-navigator/install/amr_description/share/amr_description/package.xml
[0.093s] Invoked command in '/home/pakku/auto-trash-navigator/build/amr_description' returned '0': CMAKE_PREFIX_PATH=${CMAKE_PREFIX_PATH}:/opt/ros/jazzy DEBUGINFOD_URLS=https://debuginfod.ubuntu.com /usr/bin/cmake --install /home/pakku/auto-trash-navigator/build/amr_description
