[0.028s] Invoking command in '/home/pakku/auto-trash-navigator/build/amr_control': CMAKE_PREFIX_PATH=${CMAKE_PREFIX_PATH}:/opt/ros/jazzy DEBUGINFOD_URLS=https://debuginfod.ubuntu.com /usr/bin/cmake --build /home/pakku/auto-trash-navigator/build/amr_control -- -j16 -l16
[0.118s] Invoked command in '/home/pakku/auto-trash-navigator/build/amr_control' returned '0': CMAKE_PREFIX_PATH=${CMAKE_PREFIX_PATH}:/opt/ros/jazzy DEBUGINFOD_URLS=https://debuginfod.ubuntu.com /usr/bin/cmake --build /home/pakku/auto-trash-navigator/build/amr_control -- -j16 -l16
[0.119s] Invoking command in '/home/pakku/auto-trash-navigator/build/amr_control': CMAKE_PREFIX_PATH=${CMAKE_PREFIX_PATH}:/opt/ros/jazzy DEBUGINFOD_URLS=https://debuginfod.ubuntu.com /usr/bin/cmake --install /home/pakku/auto-trash-navigator/build/amr_control
[0.132s] -- Install configuration: ""
[0.134s] -- Execute custom install script
[0.134s] -- Up-to-date symlink: /home/pakku/auto-trash-navigator/install/amr_control/share/ament_index/resource_index/package_run_dependencies/amr_control
[0.135s] -- Up-to-date symlink: /home/pakku/auto-trash-navigator/install/amr_control/share/ament_index/resource_index/parent_prefix_path/amr_control
[0.135s] -- Up-to-date symlink: /home/pakku/auto-trash-navigator/install/amr_control/share/amr_control/environment/ament_prefix_path.sh
[0.135s] -- Up-to-date symlink: /home/pakku/auto-trash-navigator/install/amr_control/share/amr_control/environment/ament_prefix_path.dsv
[0.136s] -- Up-to-date symlink: /home/pakku/auto-trash-navigator/install/amr_control/share/amr_control/environment/path.sh
[0.137s] -- Up-to-date symlink: /home/pakku/auto-trash-navigator/install/amr_control/share/amr_control/environment/path.dsv
[0.137s] -- Up-to-date symlink: /home/pakku/auto-trash-navigator/install/amr_control/share/amr_control/local_setup.bash
[0.137s] -- Up-to-date symlink: /home/pakku/auto-trash-navigator/install/amr_control/share/amr_control/local_setup.sh
[0.138s] -- Up-to-date symlink: /home/pakku/auto-trash-navigator/install/amr_control/share/amr_control/local_setup.zsh
[0.138s] -- Up-to-date symlink: /home/pakku/auto-trash-navigator/install/amr_control/share/amr_control/local_setup.dsv
[0.138s] -- Symlinking: /home/pakku/auto-trash-navigator/install/amr_control/share/amr_control/package.dsv
[0.152s] -- Up-to-date symlink: /home/pakku/auto-trash-navigator/install/amr_control/share/ament_index/resource_index/packages/amr_control
[0.152s] -- Up-to-date symlink: /home/pakku/auto-trash-navigator/install/amr_control/share/amr_control/cmake/amr_controlConfig.cmake
[0.153s] -- Up-to-date symlink: /home/pakku/auto-trash-navigator/install/amr_control/share/amr_control/cmake/amr_controlConfig-version.cmake
[0.153s] -- Up-to-date symlink: /home/pakku/auto-trash-navigator/install/amr_control/share/amr_control/package.xml
[0.206s] Invoked command in '/home/pakku/auto-trash-navigator/build/amr_control' returned '0': CMAKE_PREFIX_PATH=${CMAKE_PREFIX_PATH}:/opt/ros/jazzy DEBUGINFOD_URLS=https://debuginfod.ubuntu.com /usr/bin/cmake --install /home/pakku/auto-trash-navigator/build/amr_control
