[0.013s] Invoking command in '/home/pakku/auto-trash-navigator/build/amr_description': CMAKE_PREFIX_PATH=${CMAKE_PREFIX_PATH}:/opt/ros/jazzy DEBUGINFOD_URLS=https://debuginfod.ubuntu.com /usr/bin/cmake /home/pakku/auto-trash-navigator/src/amr_description -DCMAKE_INSTALL_PREFIX=/home/pakku/auto-trash-navigator/install/amr_description
[0.090s] -- The C compiler identification is GNU 13.3.0
[0.167s] -- The CXX compiler identification is GNU 13.3.0
[0.178s] -- Detecting C compiler ABI info
[0.241s] -- Detecting C compiler ABI info - done
[0.247s] -- Check for working C compiler: /usr/bin/cc - skipped
[0.247s] -- Detecting C compile features
[0.248s] -- Detecting C compile features - done
[0.255s] -- Detecting CXX compiler ABI info
[0.318s] -- Detecting CXX compiler ABI info - done
[0.326s] -- Check for working CXX compiler: /usr/bin/c++ - skipped
[0.326s] -- Detecting CXX compile features
[0.326s] -- Detecting CXX compile features - done
[0.333s] -- Found ament_cmake: 2.5.6 (/opt/ros/jazzy/share/ament_cmake/cmake)
[0.437s] -- Found Python3: /usr/bin/python3 (found version "3.12.3") found components: Interpreter 
[0.524s] -- Found ament_lint_auto: 0.17.5 (/opt/ros/jazzy/share/ament_lint_auto/cmake)
[0.606s] -- Added test 'flake8' to check Python code syntax and style conventions
[0.606s] -- Configured 'flake8' exclude dirs and/or files: 
[0.607s] -- Added test 'lint_cmake' to check CMake code style
[0.608s] -- Added test 'pep257' to check Python code against some of the docstring style conventions in PEP 257
[0.610s] -- Added test 'xmllint' to check XML markup files
[0.612s] -- Configuring done (0.6s)
[0.614s] -- Generating done (0.0s)
[0.615s] -- Build files have been written to: /home/pakku/auto-trash-navigator/build/amr_description
[0.618s] Invoked command in '/home/pakku/auto-trash-navigator/build/amr_description' returned '0': CMAKE_PREFIX_PATH=${CMAKE_PREFIX_PATH}:/opt/ros/jazzy DEBUGINFOD_URLS=https://debuginfod.ubuntu.com /usr/bin/cmake /home/pakku/auto-trash-navigator/src/amr_description -DCMAKE_INSTALL_PREFIX=/home/pakku/auto-trash-navigator/install/amr_description
[0.619s] Invoking command in '/home/pakku/auto-trash-navigator/build/amr_description': CMAKE_PREFIX_PATH=${CMAKE_PREFIX_PATH}:/opt/ros/jazzy DEBUGINFOD_URLS=https://debuginfod.ubuntu.com /usr/bin/cmake --build /home/pakku/auto-trash-navigator/build/amr_description -- -j16 -l16
[0.648s] Invoked command in '/home/pakku/auto-trash-navigator/build/amr_description' returned '0': CMAKE_PREFIX_PATH=${CMAKE_PREFIX_PATH}:/opt/ros/jazzy DEBUGINFOD_URLS=https://debuginfod.ubuntu.com /usr/bin/cmake --build /home/pakku/auto-trash-navigator/build/amr_description -- -j16 -l16
[0.649s] Invoking command in '/home/pakku/auto-trash-navigator/build/amr_description': CMAKE_PREFIX_PATH=${CMAKE_PREFIX_PATH}:/opt/ros/jazzy DEBUGINFOD_URLS=https://debuginfod.ubuntu.com /usr/bin/cmake --install /home/pakku/auto-trash-navigator/build/amr_description
[0.653s] -- Install configuration: ""
[0.653s] -- Installing: /home/pakku/auto-trash-navigator/install/amr_description/share/amr_description/launch
[0.654s] -- Installing: /home/pakku/auto-trash-navigator/install/amr_description/share/amr_description/launch/display.launch.py
[0.654s] -- Installing: /home/pakku/auto-trash-navigator/install/amr_description/share/amr_description/urdf
[0.654s] -- Installing: /home/pakku/auto-trash-navigator/install/amr_description/share/amr_description/urdf/base_omni_4wheel.xacro
[0.654s] -- Installing: /home/pakku/auto-trash-navigator/install/amr_description/share/amr_description/urdf/so101_arm.xacro
[0.654s] -- Installing: /home/pakku/auto-trash-navigator/install/amr_description/share/amr_description/urdf/gripper.xacro
[0.654s] -- Installing: /home/pakku/auto-trash-navigator/install/amr_description/share/amr_description/urdf/amr_robot.urdf.xacro
[0.654s] -- Installing: /home/pakku/auto-trash-navigator/install/amr_description/share/amr_description/rviz
[0.654s] -- Installing: /home/pakku/auto-trash-navigator/install/amr_description/share/amr_description/rviz/amr.rviz
[0.654s] -- Installing: /home/pakku/auto-trash-navigator/install/amr_description/share/amr_description/config
[0.654s] -- Installing: /home/pakku/auto-trash-navigator/install/amr_description/share/amr_description/config/amr_controllers.yaml
[0.654s] -- Installing: /home/pakku/auto-trash-navigator/install/amr_description/share/ament_index/resource_index/package_run_dependencies/amr_description
[0.654s] -- Installing: /home/pakku/auto-trash-navigator/install/amr_description/share/ament_index/resource_index/parent_prefix_path/amr_description
[0.655s] -- Installing: /home/pakku/auto-trash-navigator/install/amr_description/share/amr_description/environment/ament_prefix_path.sh
[0.655s] -- Installing: /home/pakku/auto-trash-navigator/install/amr_description/share/amr_description/environment/ament_prefix_path.dsv
[0.655s] -- Installing: /home/pakku/auto-trash-navigator/install/amr_description/share/amr_description/environment/path.sh
[0.655s] -- Installing: /home/pakku/auto-trash-navigator/install/amr_description/share/amr_description/environment/path.dsv
[0.655s] -- Installing: /home/pakku/auto-trash-navigator/install/amr_description/share/amr_description/local_setup.bash
[0.655s] -- Installing: /home/pakku/auto-trash-navigator/install/amr_description/share/amr_description/local_setup.sh
[0.655s] -- Installing: /home/pakku/auto-trash-navigator/install/amr_description/share/amr_description/local_setup.zsh
[0.655s] -- Installing: /home/pakku/auto-trash-navigator/install/amr_description/share/amr_description/local_setup.dsv
[0.655s] -- Installing: /home/pakku/auto-trash-navigator/install/amr_description/share/amr_description/package.dsv
[0.655s] -- Installing: /home/pakku/auto-trash-navigator/install/amr_description/share/ament_index/resource_index/packages/amr_description
[0.655s] -- Installing: /home/pakku/auto-trash-navigator/install/amr_description/share/amr_description/cmake/amr_descriptionConfig.cmake
[0.655s] -- Installing: /home/pakku/auto-trash-navigator/install/amr_description/share/amr_description/cmake/amr_descriptionConfig-version.cmake
[0.655s] -- Installing: /home/pakku/auto-trash-navigator/install/amr_description/share/amr_description/package.xml
[0.676s] Invoked command in '/home/pakku/auto-trash-navigator/build/amr_description' returned '0': CMAKE_PREFIX_PATH=${CMAKE_PREFIX_PATH}:/opt/ros/jazzy DEBUGINFOD_URLS=https://debuginfod.ubuntu.com /usr/bin/cmake --install /home/pakku/auto-trash-navigator/build/amr_description
