[0.021s] Invoking command in '/home/pakku/auto-trash-navigator/build/amr_bringup': AMENT_PREFIX_PATH=/home/pakku/auto-trash-navigator/install/amr_description:${AMENT_PREFIX_PATH} CMAKE_PREFIX_PATH=/home/pakku/auto-trash-navigator/install/amr_description:/opt/ros/jazzy/opt/gz_sim_vendor:/opt/ros/jazzy/opt/gz_sensors_vendor:/opt/ros/jazzy/opt/gz_physics_vendor:/opt/ros/jazzy/opt/sdformat_vendor:/opt/ros/jazzy/opt/gz_gui_vendor:/opt/ros/jazzy/opt/gz_transport_vendor:/opt/ros/jazzy/opt/gz_rendering_vendor:/opt/ros/jazzy/opt/gz_plugin_vendor:/opt/ros/jazzy/opt/gz_fuel_tools_vendor:/opt/ros/jazzy/opt/gz_msgs_vendor:/opt/ros/jazzy/opt/gz_common_vendor:/opt/ros/jazzy/opt/gz_math_vendor:/opt/ros/jazzy/opt/gz_utils_vendor:/opt/ros/jazzy/opt/gz_tools_vendor:/opt/ros/jazzy/opt/gz_ogre_next_vendor:/opt/ros/jazzy/opt/gz_dartsim_vendor:/opt/ros/jazzy/opt/gz_cmake_vendor:/opt/ros/jazzy DEBUGINFOD_URLS=https://debuginfod.ubuntu.com /usr/bin/cmake --build /home/pakku/auto-trash-navigator/build/amr_bringup -- -j16 -l16
[0.038s] -- Found ament_cmake: 2.5.6 (/opt/ros/jazzy/share/ament_cmake/cmake)
[0.184s] -- Override CMake install command with custom implementation using symlinks instead of copying resources
[0.188s] -- Found ament_lint_auto: 0.17.5 (/opt/ros/jazzy/share/ament_lint_auto/cmake)
[0.260s] -- Added test 'cppcheck' to perform static code analysis on C / C++ code
[0.260s] -- Configured cppcheck include dirs: 
[0.260s] -- Configured cppcheck exclude dirs and/or files: 
[0.260s] -- Added test 'flake8' to check Python code syntax and style conventions
[0.261s] -- Configured 'flake8' exclude dirs and/or files: 
[0.261s] -- Added test 'lint_cmake' to check CMake code style
[0.261s] -- Added test 'pep257' to check Python code against some of the docstring style conventions in PEP 257
[0.262s] -- Added test 'uncrustify' to check C / C++ code style
[0.262s] -- Configured uncrustify additional arguments: 
[0.262s] -- Added test 'xmllint' to check XML markup files
[0.263s] -- Configuring done (0.2s)
[0.265s] -- Generating done (0.0s)
[0.266s] -- Build files have been written to: /home/pakku/auto-trash-navigator/build/amr_bringup
[0.281s] Invoked command in '/home/pakku/auto-trash-navigator/build/amr_bringup' returned '0': AMENT_PREFIX_PATH=/home/pakku/auto-trash-navigator/install/amr_description:${AMENT_PREFIX_PATH} CMAKE_PREFIX_PATH=/home/pakku/auto-trash-navigator/install/amr_description:/opt/ros/jazzy/opt/gz_sim_vendor:/opt/ros/jazzy/opt/gz_sensors_vendor:/opt/ros/jazzy/opt/gz_physics_vendor:/opt/ros/jazzy/opt/sdformat_vendor:/opt/ros/jazzy/opt/gz_gui_vendor:/opt/ros/jazzy/opt/gz_transport_vendor:/opt/ros/jazzy/opt/gz_rendering_vendor:/opt/ros/jazzy/opt/gz_plugin_vendor:/opt/ros/jazzy/opt/gz_fuel_tools_vendor:/opt/ros/jazzy/opt/gz_msgs_vendor:/opt/ros/jazzy/opt/gz_common_vendor:/opt/ros/jazzy/opt/gz_math_vendor:/opt/ros/jazzy/opt/gz_utils_vendor:/opt/ros/jazzy/opt/gz_tools_vendor:/opt/ros/jazzy/opt/gz_ogre_next_vendor:/opt/ros/jazzy/opt/gz_dartsim_vendor:/opt/ros/jazzy/opt/gz_cmake_vendor:/opt/ros/jazzy DEBUGINFOD_URLS=https://debuginfod.ubuntu.com /usr/bin/cmake --build /home/pakku/auto-trash-navigator/build/amr_bringup -- -j16 -l16
[0.282s] Invoking command in '/home/pakku/auto-trash-navigator/build/amr_bringup': AMENT_PREFIX_PATH=/home/pakku/auto-trash-navigator/install/amr_description:${AMENT_PREFIX_PATH} CMAKE_PREFIX_PATH=/home/pakku/auto-trash-navigator/install/amr_description:/opt/ros/jazzy/opt/gz_sim_vendor:/opt/ros/jazzy/opt/gz_sensors_vendor:/opt/ros/jazzy/opt/gz_physics_vendor:/opt/ros/jazzy/opt/sdformat_vendor:/opt/ros/jazzy/opt/gz_gui_vendor:/opt/ros/jazzy/opt/gz_transport_vendor:/opt/ros/jazzy/opt/gz_rendering_vendor:/opt/ros/jazzy/opt/gz_plugin_vendor:/opt/ros/jazzy/opt/gz_fuel_tools_vendor:/opt/ros/jazzy/opt/gz_msgs_vendor:/opt/ros/jazzy/opt/gz_common_vendor:/opt/ros/jazzy/opt/gz_math_vendor:/opt/ros/jazzy/opt/gz_utils_vendor:/opt/ros/jazzy/opt/gz_tools_vendor:/opt/ros/jazzy/opt/gz_ogre_next_vendor:/opt/ros/jazzy/opt/gz_dartsim_vendor:/opt/ros/jazzy/opt/gz_cmake_vendor:/opt/ros/jazzy DEBUGINFOD_URLS=https://debuginfod.ubuntu.com /usr/bin/cmake --install /home/pakku/auto-trash-navigator/build/amr_bringup
[0.287s] -- Install configuration: ""
[0.287s] -- Execute custom install script
[0.288s] -- Up-to-date symlink: /home/pakku/auto-trash-navigator/install/amr_bringup/share/amr_bringup/launch/display.launch.py
[0.288s] -- Up-to-date symlink: /home/pakku/auto-trash-navigator/install/amr_bringup/share/amr_bringup/launch/gazebo.launch.py
[0.288s] -- Up-to-date symlink: /home/pakku/auto-trash-navigator/install/amr_bringup/share/amr_bringup/launch/hide_gpu.c
[0.288s] -- Up-to-date symlink: /home/pakku/auto-trash-navigator/install/amr_bringup/share/amr_bringup/launch/libhide_gpu.so
[0.288s] -- Up-to-date symlink: /home/pakku/auto-trash-navigator/install/amr_bringup/share/amr_bringup/launch/navigation.launch.py
[0.288s] -- Up-to-date symlink: /home/pakku/auto-trash-navigator/install/amr_bringup/share/amr_bringup/launch/slam.launch.py
[0.288s] -- Up-to-date symlink: /home/pakku/auto-trash-navigator/install/amr_bringup/share/amr_bringup/config/ekf.yaml
[0.288s] -- Up-to-date symlink: /home/pakku/auto-trash-navigator/install/amr_bringup/share/amr_bringup/config/nav2_params.yaml
[0.288s] -- Up-to-date symlink: /home/pakku/auto-trash-navigator/install/amr_bringup/share/amr_bringup/config/slam_params.yaml
[0.288s] -- Up-to-date symlink: /home/pakku/auto-trash-navigator/install/amr_bringup/share/amr_bringup/worlds/office_room.sdf
[0.288s] -- Symlinking: /home/pakku/auto-trash-navigator/install/amr_bringup/lib/amr_bringup/patrol.py
[0.294s] -- Up-to-date symlink: /home/pakku/auto-trash-navigator/install/amr_bringup/share/ament_index/resource_index/package_run_dependencies/amr_bringup
[0.294s] -- Up-to-date symlink: /home/pakku/auto-trash-navigator/install/amr_bringup/share/ament_index/resource_index/parent_prefix_path/amr_bringup
[0.294s] -- Up-to-date symlink: /home/pakku/auto-trash-navigator/install/amr_bringup/share/amr_bringup/environment/ament_prefix_path.sh
[0.294s] -- Up-to-date symlink: /home/pakku/auto-trash-navigator/install/amr_bringup/share/amr_bringup/environment/ament_prefix_path.dsv
[0.294s] -- Up-to-date symlink: /home/pakku/auto-trash-navigator/install/amr_bringup/share/amr_bringup/environment/path.sh
[0.294s] -- Up-to-date symlink: /home/pakku/auto-trash-navigator/install/amr_bringup/share/amr_bringup/environment/path.dsv
[0.295s] -- Up-to-date symlink: /home/pakku/auto-trash-navigator/install/amr_bringup/share/amr_bringup/local_setup.bash
[0.295s] -- Up-to-date symlink: /home/pakku/auto-trash-navigator/install/amr_bringup/share/amr_bringup/local_setup.sh
[0.295s] -- Up-to-date symlink: /home/pakku/auto-trash-navigator/install/amr_bringup/share/amr_bringup/local_setup.zsh
[0.295s] -- Up-to-date symlink: /home/pakku/auto-trash-navigator/install/amr_bringup/share/amr_bringup/local_setup.dsv
[0.295s] -- Symlinking: /home/pakku/auto-trash-navigator/install/amr_bringup/share/amr_bringup/package.dsv
[0.300s] -- Up-to-date symlink: /home/pakku/auto-trash-navigator/install/amr_bringup/share/ament_index/resource_index/packages/amr_bringup
[0.300s] -- Up-to-date symlink: /home/pakku/auto-trash-navigator/install/amr_bringup/share/amr_bringup/cmake/amr_bringupConfig.cmake
[0.300s] -- Up-to-date symlink: /home/pakku/auto-trash-navigator/install/amr_bringup/share/amr_bringup/cmake/amr_bringupConfig-version.cmake
[0.300s] -- Up-to-date symlink: /home/pakku/auto-trash-navigator/install/amr_bringup/share/amr_bringup/package.xml
[0.302s] Invoked command in '/home/pakku/auto-trash-navigator/build/amr_bringup' returned '0': AMENT_PREFIX_PATH=/home/pakku/auto-trash-navigator/install/amr_description:${AMENT_PREFIX_PATH} CMAKE_PREFIX_PATH=/home/pakku/auto-trash-navigator/install/amr_description:/opt/ros/jazzy/opt/gz_sim_vendor:/opt/ros/jazzy/opt/gz_sensors_vendor:/opt/ros/jazzy/opt/gz_physics_vendor:/opt/ros/jazzy/opt/sdformat_vendor:/opt/ros/jazzy/opt/gz_gui_vendor:/opt/ros/jazzy/opt/gz_transport_vendor:/opt/ros/jazzy/opt/gz_rendering_vendor:/opt/ros/jazzy/opt/gz_plugin_vendor:/opt/ros/jazzy/opt/gz_fuel_tools_vendor:/opt/ros/jazzy/opt/gz_msgs_vendor:/opt/ros/jazzy/opt/gz_common_vendor:/opt/ros/jazzy/opt/gz_math_vendor:/opt/ros/jazzy/opt/gz_utils_vendor:/opt/ros/jazzy/opt/gz_tools_vendor:/opt/ros/jazzy/opt/gz_ogre_next_vendor:/opt/ros/jazzy/opt/gz_dartsim_vendor:/opt/ros/jazzy/opt/gz_cmake_vendor:/opt/ros/jazzy DEBUGINFOD_URLS=https://debuginfod.ubuntu.com /usr/bin/cmake --install /home/pakku/auto-trash-navigator/build/amr_bringup
