[0.179s] DEBUG:colcon:Command line arguments: ['/usr/bin/colcon', 'build']
[0.180s] DEBUG:colcon:Parsed command line arguments: Namespace(log_base=None, log_level=None, verb_name='build', build_base='build', install_base='install', merge_install=False, symlink_install=False, test_result_base=None, continue_on_error=False, executor='parallel', parallel_workers=16, event_handlers=None, ignore_user_meta=False, metas=['./colcon.meta'], base_paths=['.'], packages_ignore=None, packages_ignore_regex=None, paths=None, packages_up_to=None, packages_up_to_regex=None, packages_above=None, packages_above_and_dependencies=None, packages_above_depth=None, packages_select_by_dep=None, packages_skip_by_dep=None, packages_skip_up_to=None, packages_select_build_failed=False, packages_skip_build_finished=False, packages_select_test_failures=False, packages_skip_test_passed=False, packages_select=None, packages_skip=None, packages_select_regex=None, packages_skip_regex=None, packages_start=None, packages_end=None, allow_overriding=[], cmake_args=None, cmake_target=None, cmake_target_skip_unavailable=False, cmake_clean_cache=False, cmake_clean_first=False, cmake_force_configure=False, ament_cmake_args=None, catkin_cmake_args=None, catkin_skip_building_tests=False, verb_parser=<colcon_defaults.argument_parser.defaults.DefaultArgumentsDecorator object at 0x776d60276a50>, verb_extension=<colcon_core.verb.build.BuildVerb object at 0x776d60276690>, main=<bound method BuildVerb.main of <colcon_core.verb.build.BuildVerb object at 0x776d60276690>>)
[0.244s] Level 1:colcon.colcon_core.package_discovery:discover_packages(colcon_meta) check parameters
[0.244s] Level 1:colcon.colcon_core.package_discovery:discover_packages(recursive) check parameters
[0.244s] Level 1:colcon.colcon_core.package_discovery:discover_packages(ignore) check parameters
[0.244s] Level 1:colcon.colcon_core.package_discovery:discover_packages(path) check parameters
[0.244s] Level 1:colcon.colcon_core.package_discovery:discover_packages(colcon_meta) discover
[0.244s] Level 1:colcon.colcon_core.package_discovery:discover_packages(recursive) discover
[0.244s] INFO:colcon.colcon_core.package_discovery:Crawling recursively for packages in '/home/pakku/auto-trash-navigator'
[0.244s] Level 1:colcon.colcon_core.package_identification:_identify(.) by extensions ['ignore', 'ignore_ament_install']
[0.244s] Level 1:colcon.colcon_core.package_identification:_identify(.) by extension 'ignore'
[0.245s] Level 1:colcon.colcon_core.package_identification:_identify(.) by extension 'ignore_ament_install'
[0.245s] Level 1:colcon.colcon_core.package_identification:_identify(.) by extensions ['colcon_pkg']
[0.245s] Level 1:colcon.colcon_core.package_identification:_identify(.) by extension 'colcon_pkg'
[0.245s] Level 1:colcon.colcon_core.package_identification:_identify(.) by extensions ['colcon_meta']
[0.245s] Level 1:colcon.colcon_core.package_identification:_identify(.) by extension 'colcon_meta'
[0.245s] Level 1:colcon.colcon_core.package_identification:_identify(.) by extensions ['ros']
[0.245s] Level 1:colcon.colcon_core.package_identification:_identify(.) by extension 'ros'
[0.288s] Level 1:colcon.colcon_core.package_identification:_identify(.) by extensions ['cmake', 'python']
[0.289s] Level 1:colcon.colcon_core.package_identification:_identify(.) by extension 'cmake'
[0.289s] Level 1:colcon.colcon_core.package_identification:_identify(.) by extension 'python'
[0.289s] Level 1:colcon.colcon_core.package_identification:_identify(.) by extensions ['python_setup_py']
[0.289s] Level 1:colcon.colcon_core.package_identification:_identify(.) by extension 'python_setup_py'
[0.289s] Level 1:colcon.colcon_core.package_identification:_identify(__pycache__) by extensions ['ignore', 'ignore_ament_install']
[0.289s] Level 1:colcon.colcon_core.package_identification:_identify(__pycache__) by extension 'ignore'
[0.289s] Level 1:colcon.colcon_core.package_identification:_identify(__pycache__) by extension 'ignore_ament_install'
[0.289s] Level 1:colcon.colcon_core.package_identification:_identify(__pycache__) by extensions ['colcon_pkg']
[0.289s] Level 1:colcon.colcon_core.package_identification:_identify(__pycache__) by extension 'colcon_pkg'
[0.289s] Level 1:colcon.colcon_core.package_identification:_identify(__pycache__) by extensions ['colcon_meta']
[0.289s] Level 1:colcon.colcon_core.package_identification:_identify(__pycache__) by extension 'colcon_meta'
[0.290s] Level 1:colcon.colcon_core.package_identification:_identify(__pycache__) by extensions ['ros']
[0.290s] Level 1:colcon.colcon_core.package_identification:_identify(__pycache__) by extension 'ros'
[0.290s] Level 1:colcon.colcon_core.package_identification:_identify(__pycache__) by extensions ['cmake', 'python']
[0.290s] Level 1:colcon.colcon_core.package_identification:_identify(__pycache__) by extension 'cmake'
[0.290s] Level 1:colcon.colcon_core.package_identification:_identify(__pycache__) by extension 'python'
[0.290s] Level 1:colcon.colcon_core.package_identification:_identify(__pycache__) by extensions ['python_setup_py']
[0.290s] Level 1:colcon.colcon_core.package_identification:_identify(__pycache__) by extension 'python_setup_py'
[0.290s] Level 1:colcon.colcon_core.package_identification:_identify(build) by extensions ['ignore', 'ignore_ament_install']
[0.290s] Level 1:colcon.colcon_core.package_identification:_identify(build) by extension 'ignore'
[0.290s] Level 1:colcon.colcon_core.package_identification:_identify(build) ignored
[0.290s] Level 1:colcon.colcon_core.package_identification:_identify(cmd) by extensions ['ignore', 'ignore_ament_install']
[0.290s] Level 1:colcon.colcon_core.package_identification:_identify(cmd) by extension 'ignore'
[0.291s] Level 1:colcon.colcon_core.package_identification:_identify(cmd) by extension 'ignore_ament_install'
[0.291s] Level 1:colcon.colcon_core.package_identification:_identify(cmd) by extensions ['colcon_pkg']
[0.291s] Level 1:colcon.colcon_core.package_identification:_identify(cmd) by extension 'colcon_pkg'
[0.291s] Level 1:colcon.colcon_core.package_identification:_identify(cmd) by extensions ['colcon_meta']
[0.291s] Level 1:colcon.colcon_core.package_identification:_identify(cmd) by extension 'colcon_meta'
[0.291s] Level 1:colcon.colcon_core.package_identification:_identify(cmd) by extensions ['ros']
[0.291s] Level 1:colcon.colcon_core.package_identification:_identify(cmd) by extension 'ros'
[0.291s] Level 1:colcon.colcon_core.package_identification:_identify(cmd) by extensions ['cmake', 'python']
[0.291s] Level 1:colcon.colcon_core.package_identification:_identify(cmd) by extension 'cmake'
[0.291s] Level 1:colcon.colcon_core.package_identification:_identify(cmd) by extension 'python'
[0.291s] Level 1:colcon.colcon_core.package_identification:_identify(cmd) by extensions ['python_setup_py']
[0.291s] Level 1:colcon.colcon_core.package_identification:_identify(cmd) by extension 'python_setup_py'
[0.291s] Level 1:colcon.colcon_core.package_identification:_identify(install) by extensions ['ignore', 'ignore_ament_install']
[0.291s] Level 1:colcon.colcon_core.package_identification:_identify(install) by extension 'ignore'
[0.291s] Level 1:colcon.colcon_core.package_identification:_identify(install) ignored
[0.291s] Level 1:colcon.colcon_core.package_identification:_identify(log) by extensions ['ignore', 'ignore_ament_install']
[0.291s] Level 1:colcon.colcon_core.package_identification:_identify(log) by extension 'ignore'
[0.292s] Level 1:colcon.colcon_core.package_identification:_identify(log) ignored
[0.292s] Level 1:colcon.colcon_core.package_identification:_identify(src) by extensions ['ignore', 'ignore_ament_install']
[0.292s] Level 1:colcon.colcon_core.package_identification:_identify(src) by extension 'ignore'
[0.292s] Level 1:colcon.colcon_core.package_identification:_identify(src) by extension 'ignore_ament_install'
[0.292s] Level 1:colcon.colcon_core.package_identification:_identify(src) by extensions ['colcon_pkg']
[0.292s] Level 1:colcon.colcon_core.package_identification:_identify(src) by extension 'colcon_pkg'
[0.292s] Level 1:colcon.colcon_core.package_identification:_identify(src) by extensions ['colcon_meta']
[0.292s] Level 1:colcon.colcon_core.package_identification:_identify(src) by extension 'colcon_meta'
[0.292s] Level 1:colcon.colcon_core.package_identification:_identify(src) by extensions ['ros']
[0.292s] Level 1:colcon.colcon_core.package_identification:_identify(src) by extension 'ros'
[0.292s] Level 1:colcon.colcon_core.package_identification:_identify(src) by extensions ['cmake', 'python']
[0.292s] Level 1:colcon.colcon_core.package_identification:_identify(src) by extension 'cmake'
[0.292s] Level 1:colcon.colcon_core.package_identification:_identify(src) by extension 'python'
[0.292s] Level 1:colcon.colcon_core.package_identification:_identify(src) by extensions ['python_setup_py']
[0.292s] Level 1:colcon.colcon_core.package_identification:_identify(src) by extension 'python_setup_py'
[0.293s] Level 1:colcon.colcon_core.package_identification:_identify(src/amr_bringup) by extensions ['ignore', 'ignore_ament_install']
[0.293s] Level 1:colcon.colcon_core.package_identification:_identify(src/amr_bringup) by extension 'ignore'
[0.293s] Level 1:colcon.colcon_core.package_identification:_identify(src/amr_bringup) by extension 'ignore_ament_install'
[0.293s] Level 1:colcon.colcon_core.package_identification:_identify(src/amr_bringup) by extensions ['colcon_pkg']
[0.293s] Level 1:colcon.colcon_core.package_identification:_identify(src/amr_bringup) by extension 'colcon_pkg'
[0.293s] Level 1:colcon.colcon_core.package_identification:_identify(src/amr_bringup) by extensions ['colcon_meta']
[0.293s] Level 1:colcon.colcon_core.package_identification:_identify(src/amr_bringup) by extension 'colcon_meta'
[0.293s] Level 1:colcon.colcon_core.package_identification:_identify(src/amr_bringup) by extensions ['ros']
[0.293s] Level 1:colcon.colcon_core.package_identification:_identify(src/amr_bringup) by extension 'ros'
[0.297s] DEBUG:colcon.colcon_core.package_identification:Package 'src/amr_bringup' with type 'ros.ament_cmake' and name 'amr_bringup'
[0.297s] Level 1:colcon.colcon_core.package_identification:_identify(src/amr_control) by extensions ['ignore', 'ignore_ament_install']
[0.297s] Level 1:colcon.colcon_core.package_identification:_identify(src/amr_control) by extension 'ignore'
[0.297s] Level 1:colcon.colcon_core.package_identification:_identify(src/amr_control) by extension 'ignore_ament_install'
[0.298s] Level 1:colcon.colcon_core.package_identification:_identify(src/amr_control) by extensions ['colcon_pkg']
[0.298s] Level 1:colcon.colcon_core.package_identification:_identify(src/amr_control) by extension 'colcon_pkg'
[0.298s] Level 1:colcon.colcon_core.package_identification:_identify(src/amr_control) by extensions ['colcon_meta']
[0.298s] Level 1:colcon.colcon_core.package_identification:_identify(src/amr_control) by extension 'colcon_meta'
[0.298s] Level 1:colcon.colcon_core.package_identification:_identify(src/amr_control) by extensions ['ros']
[0.298s] Level 1:colcon.colcon_core.package_identification:_identify(src/amr_control) by extension 'ros'
[0.299s] DEBUG:colcon.colcon_core.package_identification:Package 'src/amr_control' with type 'ros.ament_cmake' and name 'amr_control'
[0.299s] Level 1:colcon.colcon_core.package_identification:_identify(src/amr_description) by extensions ['ignore', 'ignore_ament_install']
[0.299s] Level 1:colcon.colcon_core.package_identification:_identify(src/amr_description) by extension 'ignore'
[0.299s] Level 1:colcon.colcon_core.package_identification:_identify(src/amr_description) by extension 'ignore_ament_install'
[0.299s] Level 1:colcon.colcon_core.package_identification:_identify(src/amr_description) by extensions ['colcon_pkg']
[0.299s] Level 1:colcon.colcon_core.package_identification:_identify(src/amr_description) by extension 'colcon_pkg'
[0.299s] Level 1:colcon.colcon_core.package_identification:_identify(src/amr_description) by extensions ['colcon_meta']
[0.299s] Level 1:colcon.colcon_core.package_identification:_identify(src/amr_description) by extension 'colcon_meta'
[0.299s] Level 1:colcon.colcon_core.package_identification:_identify(src/amr_description) by extensions ['ros']
[0.299s] Level 1:colcon.colcon_core.package_identification:_identify(src/amr_description) by extension 'ros'
[0.300s] DEBUG:colcon.colcon_core.package_identification:Package 'src/amr_description' with type 'ros.ament_cmake' and name 'amr_description'
[0.300s] Level 1:colcon.colcon_core.package_identification:_identify(src/amr_vision) by extensions ['ignore', 'ignore_ament_install']
[0.301s] Level 1:colcon.colcon_core.package_identification:_identify(src/amr_vision) by extension 'ignore'
[0.301s] Level 1:colcon.colcon_core.package_identification:_identify(src/amr_vision) by extension 'ignore_ament_install'
[0.301s] Level 1:colcon.colcon_core.package_identification:_identify(src/amr_vision) by extensions ['colcon_pkg']
[0.301s] Level 1:colcon.colcon_core.package_identification:_identify(src/amr_vision) by extension 'colcon_pkg'
[0.301s] Level 1:colcon.colcon_core.package_identification:_identify(src/amr_vision) by extensions ['colcon_meta']
[0.301s] Level 1:colcon.colcon_core.package_identification:_identify(src/amr_vision) by extension 'colcon_meta'
[0.301s] Level 1:colcon.colcon_core.package_identification:_identify(src/amr_vision) by extensions ['ros']
[0.301s] Level 1:colcon.colcon_core.package_identification:_identify(src/amr_vision) by extension 'ros'
[0.301s] DEBUG:colcon.colcon_core.package_identification:Package 'src/amr_vision' with type 'ros.ament_cmake' and name 'amr_vision'
[0.301s] Level 1:colcon.colcon_core.package_discovery:discover_packages(recursive) using defaults
[0.302s] Level 1:colcon.colcon_core.package_discovery:discover_packages(ignore) discover
[0.302s] Level 1:colcon.colcon_core.package_discovery:discover_packages(ignore) using defaults
[0.302s] Level 1:colcon.colcon_core.package_discovery:discover_packages(path) discover
[0.302s] Level 1:colcon.colcon_core.package_discovery:discover_packages(path) using defaults
[0.331s] Level 1:colcon.colcon_core.package_discovery:discover_packages(prefix_path) check parameters
[0.331s] Level 1:colcon.colcon_core.package_discovery:discover_packages(prefix_path) discover
[0.334s] DEBUG:colcon.colcon_installed_package_information.package_discovery:Found 1 installed packages in /home/pakku/ros2_ws/install
[0.338s] DEBUG:colcon.colcon_installed_package_information.package_discovery:Found 408 installed packages in /opt/ros/jazzy
[0.340s] Level 1:colcon.colcon_core.package_discovery:discover_packages(prefix_path) using defaults
[0.432s] Level 5:colcon.colcon_core.verb:set package 'amr_control' build argument 'cmake_args' from command line to 'None'
[0.432s] Level 5:colcon.colcon_core.verb:set package 'amr_control' build argument 'cmake_target' from command line to 'None'
[0.432s] Level 5:colcon.colcon_core.verb:set package 'amr_control' build argument 'cmake_target_skip_unavailable' from command line to 'False'
[0.432s] Level 5:colcon.colcon_core.verb:set package 'amr_control' build argument 'cmake_clean_cache' from command line to 'False'
[0.432s] Level 5:colcon.colcon_core.verb:set package 'amr_control' build argument 'cmake_clean_first' from command line to 'False'
[0.432s] Level 5:colcon.colcon_core.verb:set package 'amr_control' build argument 'cmake_force_configure' from command line to 'False'
[0.432s] Level 5:colcon.colcon_core.verb:set package 'amr_control' build argument 'ament_cmake_args' from command line to 'None'
[0.432s] Level 5:colcon.colcon_core.verb:set package 'amr_control' build argument 'catkin_cmake_args' from command line to 'None'
[0.432s] Level 5:colcon.colcon_core.verb:set package 'amr_control' build argument 'catkin_skip_building_tests' from command line to 'False'
[0.432s] DEBUG:colcon.colcon_core.verb:Building package 'amr_control' with the following arguments: {'ament_cmake_args': None, 'build_base': '/home/pakku/auto-trash-navigator/build/amr_control', 'catkin_cmake_args': None, 'catkin_skip_building_tests': False, 'cmake_args': None, 'cmake_clean_cache': False, 'cmake_clean_first': False, 'cmake_force_configure': False, 'cmake_target': None, 'cmake_target_skip_unavailable': False, 'install_base': '/home/pakku/auto-trash-navigator/install/amr_control', 'merge_install': False, 'path': '/home/pakku/auto-trash-navigator/src/amr_control', 'symlink_install': False, 'test_result_base': None}
[0.433s] Level 5:colcon.colcon_core.verb:set package 'amr_description' build argument 'cmake_args' from command line to 'None'
[0.433s] Level 5:colcon.colcon_core.verb:set package 'amr_description' build argument 'cmake_target' from command line to 'None'
[0.433s] Level 5:colcon.colcon_core.verb:set package 'amr_description' build argument 'cmake_target_skip_unavailable' from command line to 'False'
[0.433s] Level 5:colcon.colcon_core.verb:set package 'amr_description' build argument 'cmake_clean_cache' from command line to 'False'
[0.433s] Level 5:colcon.colcon_core.verb:set package 'amr_description' build argument 'cmake_clean_first' from command line to 'False'
[0.433s] Level 5:colcon.colcon_core.verb:set package 'amr_description' build argument 'cmake_force_configure' from command line to 'False'
[0.433s] Level 5:colcon.colcon_core.verb:set package 'amr_description' build argument 'ament_cmake_args' from command line to 'None'
[0.433s] Level 5:colcon.colcon_core.verb:set package 'amr_description' build argument 'catkin_cmake_args' from command line to 'None'
[0.433s] Level 5:colcon.colcon_core.verb:set package 'amr_description' build argument 'catkin_skip_building_tests' from command line to 'False'
[0.433s] DEBUG:colcon.colcon_core.verb:Building package 'amr_description' with the following arguments: {'ament_cmake_args': None, 'build_base': '/home/pakku/auto-trash-navigator/build/amr_description', 'catkin_cmake_args': None, 'catkin_skip_building_tests': False, 'cmake_args': None, 'cmake_clean_cache': False, 'cmake_clean_first': False, 'cmake_force_configure': False, 'cmake_target': None, 'cmake_target_skip_unavailable': False, 'install_base': '/home/pakku/auto-trash-navigator/install/amr_description', 'merge_install': False, 'path': '/home/pakku/auto-trash-navigator/src/amr_description', 'symlink_install': False, 'test_result_base': None}
[0.433s] Level 5:colcon.colcon_core.verb:set package 'amr_vision' build argument 'cmake_args' from command line to 'None'
[0.433s] Level 5:colcon.colcon_core.verb:set package 'amr_vision' build argument 'cmake_target' from command line to 'None'
[0.433s] Level 5:colcon.colcon_core.verb:set package 'amr_vision' build argument 'cmake_target_skip_unavailable' from command line to 'False'
[0.433s] Level 5:colcon.colcon_core.verb:set package 'amr_vision' build argument 'cmake_clean_cache' from command line to 'False'
[0.433s] Level 5:colcon.colcon_core.verb:set package 'amr_vision' build argument 'cmake_clean_first' from command line to 'False'
[0.433s] Level 5:colcon.colcon_core.verb:set package 'amr_vision' build argument 'cmake_force_configure' from command line to 'False'
[0.433s] Level 5:colcon.colcon_core.verb:set package 'amr_vision' build argument 'ament_cmake_args' from command line to 'None'
[0.433s] Level 5:colcon.colcon_core.verb:set package 'amr_vision' build argument 'catkin_cmake_args' from command line to 'None'
[0.433s] Level 5:colcon.colcon_core.verb:set package 'amr_vision' build argument 'catkin_skip_building_tests' from command line to 'False'
[0.434s] DEBUG:colcon.colcon_core.verb:Building package 'amr_vision' with the following arguments: {'ament_cmake_args': None, 'build_base': '/home/pakku/auto-trash-navigator/build/amr_vision', 'catkin_cmake_args': None, 'catkin_skip_building_tests': False, 'cmake_args': None, 'cmake_clean_cache': False, 'cmake_clean_first': False, 'cmake_force_configure': False, 'cmake_target': None, 'cmake_target_skip_unavailable': False, 'install_base': '/home/pakku/auto-trash-navigator/install/amr_vision', 'merge_install': False, 'path': '/home/pakku/auto-trash-navigator/src/amr_vision', 'symlink_install': False, 'test_result_base': None}
[0.434s] Level 5:colcon.colcon_core.verb:set package 'amr_bringup' build argument 'cmake_args' from command line to 'None'
[0.434s] Level 5:colcon.colcon_core.verb:set package 'amr_bringup' build argument 'cmake_target' from command line to 'None'
[0.434s] Level 5:colcon.colcon_core.verb:set package 'amr_bringup' build argument 'cmake_target_skip_unavailable' from command line to 'False'
[0.434s] Level 5:colcon.colcon_core.verb:set package 'amr_bringup' build argument 'cmake_clean_cache' from command line to 'False'
[0.434s] Level 5:colcon.colcon_core.verb:set package 'amr_bringup' build argument 'cmake_clean_first' from command line to 'False'
[0.434s] Level 5:colcon.colcon_core.verb:set package 'amr_bringup' build argument 'cmake_force_configure' from command line to 'False'
[0.434s] Level 5:colcon.colcon_core.verb:set package 'amr_bringup' build argument 'ament_cmake_args' from command line to 'None'
[0.434s] Level 5:colcon.colcon_core.verb:set package 'amr_bringup' build argument 'catkin_cmake_args' from command line to 'None'
[0.434s] Level 5:colcon.colcon_core.verb:set package 'amr_bringup' build argument 'catkin_skip_building_tests' from command line to 'False'
[0.435s] DEBUG:colcon.colcon_core.verb:Building package 'amr_bringup' with the following arguments: {'ament_cmake_args': None, 'build_base': '/home/pakku/auto-trash-navigator/build/amr_bringup', 'catkin_cmake_args': None, 'catkin_skip_building_tests': False, 'cmake_args': None, 'cmake_clean_cache': False, 'cmake_clean_first': False, 'cmake_force_configure': False, 'cmake_target': None, 'cmake_target_skip_unavailable': False, 'install_base': '/home/pakku/auto-trash-navigator/install/amr_bringup', 'merge_install': False, 'path': '/home/pakku/auto-trash-navigator/src/amr_bringup', 'symlink_install': False, 'test_result_base': None}
[0.435s] INFO:colcon.colcon_core.executor:Executing jobs using 'parallel' executor
[0.436s] DEBUG:colcon.colcon_parallel_executor.executor.parallel:run_until_complete
[0.436s] INFO:colcon.colcon_ros.task.ament_cmake.build:Building ROS package in '/home/pakku/auto-trash-navigator/src/amr_description' with build type 'ament_cmake'
[0.437s] INFO:colcon.colcon_cmake.task.cmake.build:Building CMake package in '/home/pakku/auto-trash-navigator/src/amr_description'
[0.440s] INFO:colcon.colcon_core.plugin_system:Skipping extension 'colcon_core.shell.bat': Not used on non-Windows systems
[0.440s] INFO:colcon.colcon_core.shell:Skip shell extension 'powershell' for command environment: Not usable outside of PowerShell
[0.440s] DEBUG:colcon.colcon_core.shell:Skip shell extension 'dsv' for command environment
[0.446s] INFO:colcon.colcon_ros.task.ament_cmake.build:Building ROS package in '/home/pakku/auto-trash-navigator/src/amr_control' with build type 'ament_cmake'
[0.447s] INFO:colcon.colcon_cmake.task.cmake.build:Building CMake package in '/home/pakku/auto-trash-navigator/src/amr_control'
[0.447s] INFO:colcon.colcon_core.shell:Skip shell extension 'powershell' for command environment: Not usable outside of PowerShell
[0.447s] DEBUG:colcon.colcon_core.shell:Skip shell extension 'dsv' for command environment
[0.453s] INFO:colcon.colcon_ros.task.ament_cmake.build:Building ROS package in '/home/pakku/auto-trash-navigator/src/amr_vision' with build type 'ament_cmake'
[0.453s] INFO:colcon.colcon_cmake.task.cmake.build:Building CMake package in '/home/pakku/auto-trash-navigator/src/amr_vision'
[0.453s] INFO:colcon.colcon_core.shell:Skip shell extension 'powershell' for command environment: Not usable outside of PowerShell
[0.453s] DEBUG:colcon.colcon_core.shell:Skip shell extension 'dsv' for command environment
[0.468s] DEBUG:colcon.colcon_core.event_handler.log_command:Invoking command in '/home/pakku/auto-trash-navigator/build/amr_description': CMAKE_PREFIX_PATH=${CMAKE_PREFIX_PATH}:/opt/ros/jazzy DEBUGINFOD_URLS=https://debuginfod.ubuntu.com /usr/bin/cmake --build /home/pakku/auto-trash-navigator/build/amr_description -- -j16 -l16
[0.472s] DEBUG:colcon.colcon_core.event_handler.log_command:Invoking command in '/home/pakku/auto-trash-navigator/build/amr_control': CMAKE_PREFIX_PATH=${CMAKE_PREFIX_PATH}:/opt/ros/jazzy DEBUGINFOD_URLS=https://debuginfod.ubuntu.com /usr/bin/cmake --build /home/pakku/auto-trash-navigator/build/amr_control -- -j16 -l16
[0.479s] DEBUG:colcon.colcon_core.event_handler.log_command:Invoking command in '/home/pakku/auto-trash-navigator/build/amr_vision': CMAKE_PREFIX_PATH=${CMAKE_PREFIX_PATH}:/opt/ros/jazzy DEBUGINFOD_URLS=https://debuginfod.ubuntu.com /usr/bin/cmake --build /home/pakku/auto-trash-navigator/build/amr_vision -- -j16 -l16
[0.530s] DEBUG:colcon.colcon_core.event_handler.log_command:Invoked command in '/home/pakku/auto-trash-navigator/build/amr_control' returned '0': CMAKE_PREFIX_PATH=${CMAKE_PREFIX_PATH}:/opt/ros/jazzy DEBUGINFOD_URLS=https://debuginfod.ubuntu.com /usr/bin/cmake --build /home/pakku/auto-trash-navigator/build/amr_control -- -j16 -l16
[0.545s] DEBUG:colcon.colcon_core.event_handler.log_command:Invoking command in '/home/pakku/auto-trash-navigator/build/amr_control': CMAKE_PREFIX_PATH=${CMAKE_PREFIX_PATH}:/opt/ros/jazzy DEBUGINFOD_URLS=https://debuginfod.ubuntu.com /usr/bin/cmake --install /home/pakku/auto-trash-navigator/build/amr_control
[0.547s] DEBUG:colcon.colcon_core.event_handler.log_command:Invoked command in '/home/pakku/auto-trash-navigator/build/amr_description' returned '0': CMAKE_PREFIX_PATH=${CMAKE_PREFIX_PATH}:/opt/ros/jazzy DEBUGINFOD_URLS=https://debuginfod.ubuntu.com /usr/bin/cmake --build /home/pakku/auto-trash-navigator/build/amr_description -- -j16 -l16
[0.549s] DEBUG:colcon.colcon_core.event_handler.log_command:Invoking command in '/home/pakku/auto-trash-navigator/build/amr_description': CMAKE_PREFIX_PATH=${CMAKE_PREFIX_PATH}:/opt/ros/jazzy DEBUGINFOD_URLS=https://debuginfod.ubuntu.com /usr/bin/cmake --install /home/pakku/auto-trash-navigator/build/amr_description
[0.557s] DEBUG:colcon.colcon_core.event_handler.log_command:Invoked command in '/home/pakku/auto-trash-navigator/build/amr_vision' returned '0': CMAKE_PREFIX_PATH=${CMAKE_PREFIX_PATH}:/opt/ros/jazzy DEBUGINFOD_URLS=https://debuginfod.ubuntu.com /usr/bin/cmake --build /home/pakku/auto-trash-navigator/build/amr_vision -- -j16 -l16
[0.558s] DEBUG:colcon.colcon_core.event_handler.log_command:Invoking command in '/home/pakku/auto-trash-navigator/build/amr_vision': CMAKE_PREFIX_PATH=${CMAKE_PREFIX_PATH}:/opt/ros/jazzy DEBUGINFOD_URLS=https://debuginfod.ubuntu.com /usr/bin/cmake --install /home/pakku/auto-trash-navigator/build/amr_vision
[0.562s] Level 1:colcon.colcon_core.environment:create_environment_scripts_only(amr_control)
[0.563s] DEBUG:colcon.colcon_core.event_handler.log_command:Invoked command in '/home/pakku/auto-trash-navigator/build/amr_control' returned '0': CMAKE_PREFIX_PATH=${CMAKE_PREFIX_PATH}:/opt/ros/jazzy DEBUGINFOD_URLS=https://debuginfod.ubuntu.com /usr/bin/cmake --install /home/pakku/auto-trash-navigator/build/amr_control
[0.574s] Level 1:colcon.colcon_core.environment:checking '/home/pakku/auto-trash-navigator/install/amr_control' for CMake module files
[0.575s] Level 1:colcon.colcon_core.environment:checking '/home/pakku/auto-trash-navigator/install/amr_control' for CMake config files
[0.575s] Level 1:colcon.colcon_core.shell:create_environment_hook('amr_control', 'cmake_prefix_path')
[0.576s] INFO:colcon.colcon_core.shell:Creating environment hook '/home/pakku/auto-trash-navigator/install/amr_control/share/amr_control/hook/cmake_prefix_path.ps1'
[0.577s] INFO:colcon.colcon_core.shell:Creating environment descriptor '/home/pakku/auto-trash-navigator/install/amr_control/share/amr_control/hook/cmake_prefix_path.dsv'
[0.578s] INFO:colcon.colcon_core.shell:Creating environment hook '/home/pakku/auto-trash-navigator/install/amr_control/share/amr_control/hook/cmake_prefix_path.sh'
[0.579s] Level 1:colcon.colcon_core.environment:checking '/home/pakku/auto-trash-navigator/install/amr_control/bin'
[0.579s] Level 1:colcon.colcon_core.environment:checking '/home/pakku/auto-trash-navigator/install/amr_control/lib/pkgconfig/amr_control.pc'
[0.580s] Level 1:colcon.colcon_core.environment:checking '/home/pakku/auto-trash-navigator/install/amr_control/lib/python3.12/site-packages'
[0.580s] Level 1:colcon.colcon_core.environment:checking '/home/pakku/auto-trash-navigator/install/amr_control/bin'
[0.581s] INFO:colcon.colcon_core.shell:Creating package script '/home/pakku/auto-trash-navigator/install/amr_control/share/amr_control/package.ps1'
[0.582s] INFO:colcon.colcon_core.shell:Creating package descriptor '/home/pakku/auto-trash-navigator/install/amr_control/share/amr_control/package.dsv'
[0.583s] INFO:colcon.colcon_core.shell:Creating package script '/home/pakku/auto-trash-navigator/install/amr_control/share/amr_control/package.sh'
[0.584s] INFO:colcon.colcon_core.shell:Creating package script '/home/pakku/auto-trash-navigator/install/amr_control/share/amr_control/package.bash'
[0.585s] INFO:colcon.colcon_core.shell:Creating package script '/home/pakku/auto-trash-navigator/install/amr_control/share/amr_control/package.zsh'
[0.586s] Level 1:colcon.colcon_core.environment:create_file_with_runtime_dependencies(/home/pakku/auto-trash-navigator/install/amr_control/share/colcon-core/packages/amr_control)
[0.587s] Level 1:colcon.colcon_core.environment:create_environment_scripts_only(amr_control)
[0.587s] Level 1:colcon.colcon_core.environment:checking '/home/pakku/auto-trash-navigator/install/amr_control' for CMake module files
[0.588s] Level 1:colcon.colcon_core.environment:checking '/home/pakku/auto-trash-navigator/install/amr_control' for CMake config files
[0.588s] Level 1:colcon.colcon_core.shell:create_environment_hook('amr_control', 'cmake_prefix_path')
[0.588s] INFO:colcon.colcon_core.shell:Creating environment hook '/home/pakku/auto-trash-navigator/install/amr_control/share/amr_control/hook/cmake_prefix_path.ps1'
[0.589s] INFO:colcon.colcon_core.shell:Creating environment descriptor '/home/pakku/auto-trash-navigator/install/amr_control/share/amr_control/hook/cmake_prefix_path.dsv'
[0.590s] INFO:colcon.colcon_core.shell:Creating environment hook '/home/pakku/auto-trash-navigator/install/amr_control/share/amr_control/hook/cmake_prefix_path.sh'
[0.590s] Level 1:colcon.colcon_core.environment:checking '/home/pakku/auto-trash-navigator/install/amr_control/bin'
[0.591s] Level 1:colcon.colcon_core.environment:checking '/home/pakku/auto-trash-navigator/install/amr_control/lib/pkgconfig/amr_control.pc'
[0.591s] Level 1:colcon.colcon_core.environment:checking '/home/pakku/auto-trash-navigator/install/amr_control/lib/python3.12/site-packages'
[0.592s] Level 1:colcon.colcon_core.environment:checking '/home/pakku/auto-trash-navigator/install/amr_control/bin'
[0.592s] INFO:colcon.colcon_core.shell:Creating package script '/home/pakku/auto-trash-navigator/install/amr_control/share/amr_control/package.ps1'
[0.593s] INFO:colcon.colcon_core.shell:Creating package descriptor '/home/pakku/auto-trash-navigator/install/amr_control/share/amr_control/package.dsv'
[0.593s] INFO:colcon.colcon_core.shell:Creating package script '/home/pakku/auto-trash-navigator/install/amr_control/share/amr_control/package.sh'
[0.594s] INFO:colcon.colcon_core.shell:Creating package script '/home/pakku/auto-trash-navigator/install/amr_control/share/amr_control/package.bash'
[0.594s] INFO:colcon.colcon_core.shell:Creating package script '/home/pakku/auto-trash-navigator/install/amr_control/share/amr_control/package.zsh'
[0.595s] Level 1:colcon.colcon_core.environment:create_file_with_runtime_dependencies(/home/pakku/auto-trash-navigator/install/amr_control/share/colcon-core/packages/amr_control)
[0.600s] Level 1:colcon.colcon_core.environment:create_environment_scripts_only(amr_vision)
[0.600s] Level 1:colcon.colcon_core.environment:checking '/home/pakku/auto-trash-navigator/install/amr_vision' for CMake module files
[0.601s] DEBUG:colcon.colcon_core.event_handler.log_command:Invoked command in '/home/pakku/auto-trash-navigator/build/amr_vision' returned '0': CMAKE_PREFIX_PATH=${CMAKE_PREFIX_PATH}:/opt/ros/jazzy DEBUGINFOD_URLS=https://debuginfod.ubuntu.com /usr/bin/cmake --install /home/pakku/auto-trash-navigator/build/amr_vision
[0.602s] Level 1:colcon.colcon_core.environment:checking '/home/pakku/auto-trash-navigator/install/amr_vision' for CMake config files
[0.602s] Level 1:colcon.colcon_core.shell:create_environment_hook('amr_vision', 'cmake_prefix_path')
[0.602s] INFO:colcon.colcon_core.shell:Creating environment hook '/home/pakku/auto-trash-navigator/install/amr_vision/share/amr_vision/hook/cmake_prefix_path.ps1'
[0.603s] INFO:colcon.colcon_core.shell:Creating environment descriptor '/home/pakku/auto-trash-navigator/install/amr_vision/share/amr_vision/hook/cmake_prefix_path.dsv'
[0.604s] INFO:colcon.colcon_core.shell:Creating environment hook '/home/pakku/auto-trash-navigator/install/amr_vision/share/amr_vision/hook/cmake_prefix_path.sh'
[0.604s] Level 1:colcon.colcon_core.environment:checking '/home/pakku/auto-trash-navigator/install/amr_vision/bin'
[0.604s] Level 1:colcon.colcon_core.environment:checking '/home/pakku/auto-trash-navigator/install/amr_vision/lib/pkgconfig/amr_vision.pc'
[0.605s] Level 1:colcon.colcon_core.environment:checking '/home/pakku/auto-trash-navigator/install/amr_vision/lib/python3.12/site-packages'
[0.605s] Level 1:colcon.colcon_core.environment:checking '/home/pakku/auto-trash-navigator/install/amr_vision/bin'
[0.606s] INFO:colcon.colcon_core.shell:Creating package script '/home/pakku/auto-trash-navigator/install/amr_vision/share/amr_vision/package.ps1'
[0.607s] INFO:colcon.colcon_core.shell:Creating package descriptor '/home/pakku/auto-trash-navigator/install/amr_vision/share/amr_vision/package.dsv'
[0.608s] INFO:colcon.colcon_core.shell:Creating package script '/home/pakku/auto-trash-navigator/install/amr_vision/share/amr_vision/package.sh'
[0.608s] INFO:colcon.colcon_core.shell:Creating package script '/home/pakku/auto-trash-navigator/install/amr_vision/share/amr_vision/package.bash'
[0.609s] INFO:colcon.colcon_core.shell:Creating package script '/home/pakku/auto-trash-navigator/install/amr_vision/share/amr_vision/package.zsh'
[0.609s] Level 1:colcon.colcon_core.environment:create_file_with_runtime_dependencies(/home/pakku/auto-trash-navigator/install/amr_vision/share/colcon-core/packages/amr_vision)
[0.610s] Level 1:colcon.colcon_core.environment:create_environment_scripts_only(amr_vision)
[0.610s] Level 1:colcon.colcon_core.environment:checking '/home/pakku/auto-trash-navigator/install/amr_vision' for CMake module files
[0.611s] Level 1:colcon.colcon_core.environment:checking '/home/pakku/auto-trash-navigator/install/amr_vision' for CMake config files
[0.611s] Level 1:colcon.colcon_core.shell:create_environment_hook('amr_vision', 'cmake_prefix_path')
[0.612s] INFO:colcon.colcon_core.shell:Creating environment hook '/home/pakku/auto-trash-navigator/install/amr_vision/share/amr_vision/hook/cmake_prefix_path.ps1'
[0.612s] INFO:colcon.colcon_core.shell:Creating environment descriptor '/home/pakku/auto-trash-navigator/install/amr_vision/share/amr_vision/hook/cmake_prefix_path.dsv'
[0.612s] INFO:colcon.colcon_core.shell:Creating environment hook '/home/pakku/auto-trash-navigator/install/amr_vision/share/amr_vision/hook/cmake_prefix_path.sh'
[0.613s] Level 1:colcon.colcon_core.environment:checking '/home/pakku/auto-trash-navigator/install/amr_vision/bin'
[0.613s] Level 1:colcon.colcon_core.environment:checking '/home/pakku/auto-trash-navigator/install/amr_vision/lib/pkgconfig/amr_vision.pc'
[0.614s] Level 1:colcon.colcon_core.environment:checking '/home/pakku/auto-trash-navigator/install/amr_vision/lib/python3.12/site-packages'
[0.614s] Level 1:colcon.colcon_core.environment:checking '/home/pakku/auto-trash-navigator/install/amr_vision/bin'
[0.615s] INFO:colcon.colcon_core.shell:Creating package script '/home/pakku/auto-trash-navigator/install/amr_vision/share/amr_vision/package.ps1'
[0.616s] INFO:colcon.colcon_core.shell:Creating package descriptor '/home/pakku/auto-trash-navigator/install/amr_vision/share/amr_vision/package.dsv'
[0.617s] INFO:colcon.colcon_core.shell:Creating package script '/home/pakku/auto-trash-navigator/install/amr_vision/share/amr_vision/package.sh'
[0.618s] INFO:colcon.colcon_core.shell:Creating package script '/home/pakku/auto-trash-navigator/install/amr_vision/share/amr_vision/package.bash'
[0.618s] INFO:colcon.colcon_core.shell:Creating package script '/home/pakku/auto-trash-navigator/install/amr_vision/share/amr_vision/package.zsh'
[0.619s] Level 1:colcon.colcon_core.environment:create_file_with_runtime_dependencies(/home/pakku/auto-trash-navigator/install/amr_vision/share/colcon-core/packages/amr_vision)
[0.619s] Level 1:colcon.colcon_core.environment:create_environment_scripts_only(amr_description)
[0.620s] Level 1:colcon.colcon_core.environment:checking '/home/pakku/auto-trash-navigator/install/amr_description' for CMake module files
[0.621s] Level 1:colcon.colcon_core.environment:checking '/home/pakku/auto-trash-navigator/install/amr_description' for CMake config files
[0.621s] Level 1:colcon.colcon_core.shell:create_environment_hook('amr_description', 'cmake_prefix_path')
[0.621s] INFO:colcon.colcon_core.shell:Creating environment hook '/home/pakku/auto-trash-navigator/install/amr_description/share/amr_description/hook/cmake_prefix_path.ps1'
[0.622s] INFO:colcon.colcon_core.shell:Creating environment descriptor '/home/pakku/auto-trash-navigator/install/amr_description/share/amr_description/hook/cmake_prefix_path.dsv'
[0.622s] INFO:colcon.colcon_core.shell:Creating environment hook '/home/pakku/auto-trash-navigator/install/amr_description/share/amr_description/hook/cmake_prefix_path.sh'
[0.625s] Level 1:colcon.colcon_core.environment:checking '/home/pakku/auto-trash-navigator/install/amr_description/bin'
[0.625s] Level 1:colcon.colcon_core.environment:checking '/home/pakku/auto-trash-navigator/install/amr_description/lib/pkgconfig/amr_description.pc'
[0.625s] Level 1:colcon.colcon_core.environment:checking '/home/pakku/auto-trash-navigator/install/amr_description/lib/python3.12/site-packages'
[0.626s] Level 1:colcon.colcon_core.environment:checking '/home/pakku/auto-trash-navigator/install/amr_description/bin'
[0.626s] INFO:colcon.colcon_core.shell:Creating package script '/home/pakku/auto-trash-navigator/install/amr_description/share/amr_description/package.ps1'
[0.627s] DEBUG:colcon.colcon_core.event_handler.log_command:Invoked command in '/home/pakku/auto-trash-navigator/build/amr_description' returned '0': CMAKE_PREFIX_PATH=${CMAKE_PREFIX_PATH}:/opt/ros/jazzy DEBUGINFOD_URLS=https://debuginfod.ubuntu.com /usr/bin/cmake --install /home/pakku/auto-trash-navigator/build/amr_description
[0.628s] INFO:colcon.colcon_core.shell:Creating package descriptor '/home/pakku/auto-trash-navigator/install/amr_description/share/amr_description/package.dsv'
[0.628s] INFO:colcon.colcon_core.shell:Creating package script '/home/pakku/auto-trash-navigator/install/amr_description/share/amr_description/package.sh'
[0.629s] INFO:colcon.colcon_core.shell:Creating package script '/home/pakku/auto-trash-navigator/install/amr_description/share/amr_description/package.bash'
[0.630s] INFO:colcon.colcon_core.shell:Creating package script '/home/pakku/auto-trash-navigator/install/amr_description/share/amr_description/package.zsh'
[0.630s] Level 1:colcon.colcon_core.environment:create_file_with_runtime_dependencies(/home/pakku/auto-trash-navigator/install/amr_description/share/colcon-core/packages/amr_description)
[0.631s] Level 1:colcon.colcon_core.environment:create_environment_scripts_only(amr_description)
[0.631s] Level 1:colcon.colcon_core.environment:checking '/home/pakku/auto-trash-navigator/install/amr_description' for CMake module files
[0.632s] Level 1:colcon.colcon_core.environment:checking '/home/pakku/auto-trash-navigator/install/amr_description' for CMake config files
[0.632s] Level 1:colcon.colcon_core.shell:create_environment_hook('amr_description', 'cmake_prefix_path')
[0.633s] INFO:colcon.colcon_core.shell:Creating environment hook '/home/pakku/auto-trash-navigator/install/amr_description/share/amr_description/hook/cmake_prefix_path.ps1'
[0.633s] INFO:colcon.colcon_core.shell:Creating environment descriptor '/home/pakku/auto-trash-navigator/install/amr_description/share/amr_description/hook/cmake_prefix_path.dsv'
[0.634s] INFO:colcon.colcon_core.shell:Creating environment hook '/home/pakku/auto-trash-navigator/install/amr_description/share/amr_description/hook/cmake_prefix_path.sh'
[0.635s] Level 1:colcon.colcon_core.environment:checking '/home/pakku/auto-trash-navigator/install/amr_description/bin'
[0.635s] Level 1:colcon.colcon_core.environment:checking '/home/pakku/auto-trash-navigator/install/amr_description/lib/pkgconfig/amr_description.pc'
[0.636s] Level 1:colcon.colcon_core.environment:checking '/home/pakku/auto-trash-navigator/install/amr_description/lib/python3.12/site-packages'
[0.637s] Level 1:colcon.colcon_core.environment:checking '/home/pakku/auto-trash-navigator/install/amr_description/bin'
[0.638s] INFO:colcon.colcon_core.shell:Creating package script '/home/pakku/auto-trash-navigator/install/amr_description/share/amr_description/package.ps1'
[0.639s] INFO:colcon.colcon_core.shell:Creating package descriptor '/home/pakku/auto-trash-navigator/install/amr_description/share/amr_description/package.dsv'
[0.639s] INFO:colcon.colcon_core.shell:Creating package script '/home/pakku/auto-trash-navigator/install/amr_description/share/amr_description/package.sh'
[0.640s] INFO:colcon.colcon_core.shell:Creating package script '/home/pakku/auto-trash-navigator/install/amr_description/share/amr_description/package.bash'
[0.640s] INFO:colcon.colcon_core.shell:Creating package script '/home/pakku/auto-trash-navigator/install/amr_description/share/amr_description/package.zsh'
[0.641s] Level 1:colcon.colcon_core.environment:create_file_with_runtime_dependencies(/home/pakku/auto-trash-navigator/install/amr_description/share/colcon-core/packages/amr_description)
[0.642s] INFO:colcon.colcon_ros.task.ament_cmake.build:Building ROS package in '/home/pakku/auto-trash-navigator/src/amr_bringup' with build type 'ament_cmake'
[0.642s] INFO:colcon.colcon_cmake.task.cmake.build:Building CMake package in '/home/pakku/auto-trash-navigator/src/amr_bringup'
[0.642s] INFO:colcon.colcon_core.shell:Skip shell extension 'powershell' for command environment: Not usable outside of PowerShell
[0.642s] DEBUG:colcon.colcon_core.shell:Skip shell extension 'dsv' for command environment
[0.660s] DEBUG:colcon.colcon_core.event_handler.log_command:Invoking command in '/home/pakku/auto-trash-navigator/build/amr_bringup': AMENT_PREFIX_PATH=/home/pakku/auto-trash-navigator/install/amr_description:${AMENT_PREFIX_PATH} CMAKE_PREFIX_PATH=/home/pakku/auto-trash-navigator/install/amr_description:/home/pakku/ros2_ws/install/minicar_simulation:/opt/ros/jazzy/opt/gz_sim_vendor:/opt/ros/jazzy/opt/gz_sensors_vendor:/opt/ros/jazzy/opt/gz_physics_vendor:/opt/ros/jazzy/opt/sdformat_vendor:/opt/ros/jazzy/opt/gz_gui_vendor:/opt/ros/jazzy/opt/gz_transport_vendor:/opt/ros/jazzy/opt/gz_rendering_vendor:/opt/ros/jazzy/opt/gz_plugin_vendor:/opt/ros/jazzy/opt/gz_fuel_tools_vendor:/opt/ros/jazzy/opt/gz_msgs_vendor:/opt/ros/jazzy/opt/gz_common_vendor:/opt/ros/jazzy/opt/gz_math_vendor:/opt/ros/jazzy/opt/gz_utils_vendor:/opt/ros/jazzy/opt/gz_tools_vendor:/opt/ros/jazzy/opt/gz_ogre_next_vendor:/opt/ros/jazzy/opt/gz_dartsim_vendor:/opt/ros/jazzy/opt/gz_cmake_vendor:/opt/ros/jazzy DEBUGINFOD_URLS=https://debuginfod.ubuntu.com /usr/bin/cmake --build /home/pakku/auto-trash-navigator/build/amr_bringup -- -j16 -l16
[0.720s] DEBUG:colcon.colcon_core.event_handler.log_command:Invoked command in '/home/pakku/auto-trash-navigator/build/amr_bringup' returned '0': AMENT_PREFIX_PATH=/home/pakku/auto-trash-navigator/install/amr_description:${AMENT_PREFIX_PATH} CMAKE_PREFIX_PATH=/home/pakku/auto-trash-navigator/install/amr_description:/home/pakku/ros2_ws/install/minicar_simulation:/opt/ros/jazzy/opt/gz_sim_vendor:/opt/ros/jazzy/opt/gz_sensors_vendor:/opt/ros/jazzy/opt/gz_physics_vendor:/opt/ros/jazzy/opt/sdformat_vendor:/opt/ros/jazzy/opt/gz_gui_vendor:/opt/ros/jazzy/opt/gz_transport_vendor:/opt/ros/jazzy/opt/gz_rendering_vendor:/opt/ros/jazzy/opt/gz_plugin_vendor:/opt/ros/jazzy/opt/gz_fuel_tools_vendor:/opt/ros/jazzy/opt/gz_msgs_vendor:/opt/ros/jazzy/opt/gz_common_vendor:/opt/ros/jazzy/opt/gz_math_vendor:/opt/ros/jazzy/opt/gz_utils_vendor:/opt/ros/jazzy/opt/gz_tools_vendor:/opt/ros/jazzy/opt/gz_ogre_next_vendor:/opt/ros/jazzy/opt/gz_dartsim_vendor:/opt/ros/jazzy/opt/gz_cmake_vendor:/opt/ros/jazzy DEBUGINFOD_URLS=https://debuginfod.ubuntu.com /usr/bin/cmake --build /home/pakku/auto-trash-navigator/build/amr_bringup -- -j16 -l16
[0.722s] DEBUG:colcon.colcon_core.event_handler.log_command:Invoking command in '/home/pakku/auto-trash-navigator/build/amr_bringup': AMENT_PREFIX_PATH=/home/pakku/auto-trash-navigator/install/amr_description:${AMENT_PREFIX_PATH} CMAKE_PREFIX_PATH=/home/pakku/auto-trash-navigator/install/amr_description:/home/pakku/ros2_ws/install/minicar_simulation:/opt/ros/jazzy/opt/gz_sim_vendor:/opt/ros/jazzy/opt/gz_sensors_vendor:/opt/ros/jazzy/opt/gz_physics_vendor:/opt/ros/jazzy/opt/sdformat_vendor:/opt/ros/jazzy/opt/gz_gui_vendor:/opt/ros/jazzy/opt/gz_transport_vendor:/opt/ros/jazzy/opt/gz_rendering_vendor:/opt/ros/jazzy/opt/gz_plugin_vendor:/opt/ros/jazzy/opt/gz_fuel_tools_vendor:/opt/ros/jazzy/opt/gz_msgs_vendor:/opt/ros/jazzy/opt/gz_common_vendor:/opt/ros/jazzy/opt/gz_math_vendor:/opt/ros/jazzy/opt/gz_utils_vendor:/opt/ros/jazzy/opt/gz_tools_vendor:/opt/ros/jazzy/opt/gz_ogre_next_vendor:/opt/ros/jazzy/opt/gz_dartsim_vendor:/opt/ros/jazzy/opt/gz_cmake_vendor:/opt/ros/jazzy DEBUGINFOD_URLS=https://debuginfod.ubuntu.com /usr/bin/cmake --install /home/pakku/auto-trash-navigator/build/amr_bringup
[0.738s] Level 1:colcon.colcon_core.environment:create_environment_scripts_only(amr_bringup)
[0.739s] Level 1:colcon.colcon_core.environment:checking '/home/pakku/auto-trash-navigator/install/amr_bringup' for CMake module files
[0.740s] Level 1:colcon.colcon_core.environment:checking '/home/pakku/auto-trash-navigator/install/amr_bringup' for CMake config files
[0.740s] DEBUG:colcon.colcon_core.event_handler.log_command:Invoked command in '/home/pakku/auto-trash-navigator/build/amr_bringup' returned '0': AMENT_PREFIX_PATH=/home/pakku/auto-trash-navigator/install/amr_description:${AMENT_PREFIX_PATH} CMAKE_PREFIX_PATH=/home/pakku/auto-trash-navigator/install/amr_description:/home/pakku/ros2_ws/install/minicar_simulation:/opt/ros/jazzy/opt/gz_sim_vendor:/opt/ros/jazzy/opt/gz_sensors_vendor:/opt/ros/jazzy/opt/gz_physics_vendor:/opt/ros/jazzy/opt/sdformat_vendor:/opt/ros/jazzy/opt/gz_gui_vendor:/opt/ros/jazzy/opt/gz_transport_vendor:/opt/ros/jazzy/opt/gz_rendering_vendor:/opt/ros/jazzy/opt/gz_plugin_vendor:/opt/ros/jazzy/opt/gz_fuel_tools_vendor:/opt/ros/jazzy/opt/gz_msgs_vendor:/opt/ros/jazzy/opt/gz_common_vendor:/opt/ros/jazzy/opt/gz_math_vendor:/opt/ros/jazzy/opt/gz_utils_vendor:/opt/ros/jazzy/opt/gz_tools_vendor:/opt/ros/jazzy/opt/gz_ogre_next_vendor:/opt/ros/jazzy/opt/gz_dartsim_vendor:/opt/ros/jazzy/opt/gz_cmake_vendor:/opt/ros/jazzy DEBUGINFOD_URLS=https://debuginfod.ubuntu.com /usr/bin/cmake --install /home/pakku/auto-trash-navigator/build/amr_bringup
[0.741s] Level 1:colcon.colcon_core.shell:create_environment_hook('amr_bringup', 'cmake_prefix_path')
[0.741s] INFO:colcon.colcon_core.shell:Creating environment hook '/home/pakku/auto-trash-navigator/install/amr_bringup/share/amr_bringup/hook/cmake_prefix_path.ps1'
[0.742s] INFO:colcon.colcon_core.shell:Creating environment descriptor '/home/pakku/auto-trash-navigator/install/amr_bringup/share/amr_bringup/hook/cmake_prefix_path.dsv'
[0.742s] INFO:colcon.colcon_core.shell:Creating environment hook '/home/pakku/auto-trash-navigator/install/amr_bringup/share/amr_bringup/hook/cmake_prefix_path.sh'
[0.743s] Level 1:colcon.colcon_core.environment:checking '/home/pakku/auto-trash-navigator/install/amr_bringup/bin'
[0.743s] Level 1:colcon.colcon_core.environment:checking '/home/pakku/auto-trash-navigator/install/amr_bringup/lib/pkgconfig/amr_bringup.pc'
[0.743s] Level 1:colcon.colcon_core.environment:checking '/home/pakku/auto-trash-navigator/install/amr_bringup/lib/python3.12/site-packages'
[0.744s] Level 1:colcon.colcon_core.environment:checking '/home/pakku/auto-trash-navigator/install/amr_bringup/bin'
[0.744s] INFO:colcon.colcon_core.shell:Creating package script '/home/pakku/auto-trash-navigator/install/amr_bringup/share/amr_bringup/package.ps1'
[0.745s] INFO:colcon.colcon_core.shell:Creating package descriptor '/home/pakku/auto-trash-navigator/install/amr_bringup/share/amr_bringup/package.dsv'
[0.746s] INFO:colcon.colcon_core.shell:Creating package script '/home/pakku/auto-trash-navigator/install/amr_bringup/share/amr_bringup/package.sh'
[0.747s] INFO:colcon.colcon_core.shell:Creating package script '/home/pakku/auto-trash-navigator/install/amr_bringup/share/amr_bringup/package.bash'
[0.747s] INFO:colcon.colcon_core.shell:Creating package script '/home/pakku/auto-trash-navigator/install/amr_bringup/share/amr_bringup/package.zsh'
[0.748s] Level 1:colcon.colcon_core.environment:create_file_with_runtime_dependencies(/home/pakku/auto-trash-navigator/install/amr_bringup/share/colcon-core/packages/amr_bringup)
[0.749s] Level 1:colcon.colcon_core.environment:create_environment_scripts_only(amr_bringup)
[0.749s] Level 1:colcon.colcon_core.environment:checking '/home/pakku/auto-trash-navigator/install/amr_bringup' for CMake module files
[0.750s] Level 1:colcon.colcon_core.environment:checking '/home/pakku/auto-trash-navigator/install/amr_bringup' for CMake config files
[0.750s] Level 1:colcon.colcon_core.shell:create_environment_hook('amr_bringup', 'cmake_prefix_path')
[0.750s] INFO:colcon.colcon_core.shell:Creating environment hook '/home/pakku/auto-trash-navigator/install/amr_bringup/share/amr_bringup/hook/cmake_prefix_path.ps1'
[0.751s] INFO:colcon.colcon_core.shell:Creating environment descriptor '/home/pakku/auto-trash-navigator/install/amr_bringup/share/amr_bringup/hook/cmake_prefix_path.dsv'
[0.751s] INFO:colcon.colcon_core.shell:Creating environment hook '/home/pakku/auto-trash-navigator/install/amr_bringup/share/amr_bringup/hook/cmake_prefix_path.sh'
[0.752s] Level 1:colcon.colcon_core.environment:checking '/home/pakku/auto-trash-navigator/install/amr_bringup/bin'
[0.752s] Level 1:colcon.colcon_core.environment:checking '/home/pakku/auto-trash-navigator/install/amr_bringup/lib/pkgconfig/amr_bringup.pc'
[0.753s] Level 1:colcon.colcon_core.environment:checking '/home/pakku/auto-trash-navigator/install/amr_bringup/lib/python3.12/site-packages'
[0.753s] Level 1:colcon.colcon_core.environment:checking '/home/pakku/auto-trash-navigator/install/amr_bringup/bin'
[0.754s] INFO:colcon.colcon_core.shell:Creating package script '/home/pakku/auto-trash-navigator/install/amr_bringup/share/amr_bringup/package.ps1'
[0.755s] INFO:colcon.colcon_core.shell:Creating package descriptor '/home/pakku/auto-trash-navigator/install/amr_bringup/share/amr_bringup/package.dsv'
[0.756s] INFO:colcon.colcon_core.shell:Creating package script '/home/pakku/auto-trash-navigator/install/amr_bringup/share/amr_bringup/package.sh'
[0.756s] INFO:colcon.colcon_core.shell:Creating package script '/home/pakku/auto-trash-navigator/install/amr_bringup/share/amr_bringup/package.bash'
[0.757s] INFO:colcon.colcon_core.shell:Creating package script '/home/pakku/auto-trash-navigator/install/amr_bringup/share/amr_bringup/package.zsh'
[0.757s] Level 1:colcon.colcon_core.environment:create_file_with_runtime_dependencies(/home/pakku/auto-trash-navigator/install/amr_bringup/share/colcon-core/packages/amr_bringup)
[0.758s] DEBUG:colcon.colcon_parallel_executor.executor.parallel:closing loop
[0.759s] DEBUG:colcon.colcon_parallel_executor.executor.parallel:loop closed
[0.760s] DEBUG:colcon.colcon_parallel_executor.executor.parallel:run_until_complete finished with '0'
[0.760s] DEBUG:colcon.colcon_core.event_reactor:joining thread
[0.769s] INFO:colcon.colcon_core.plugin_system:Skipping extension 'colcon_notification.desktop_notification.terminal_notifier': Not used on non-Darwin systems
[0.770s] INFO:colcon.colcon_core.plugin_system:Skipping extension 'colcon_notification.desktop_notification.win32': Not used on non-Windows systems
[0.770s] INFO:colcon.colcon_notification.desktop_notification:Sending desktop notification using 'notify2'
[0.793s] DEBUG:colcon.colcon_core.event_reactor:joined thread
[0.794s] INFO:colcon.colcon_core.shell:Creating prefix script '/home/pakku/auto-trash-navigator/install/local_setup.ps1'
[0.795s] INFO:colcon.colcon_core.shell:Creating prefix util module '/home/pakku/auto-trash-navigator/install/_local_setup_util_ps1.py'
[0.798s] INFO:colcon.colcon_core.shell:Creating prefix chain script '/home/pakku/auto-trash-navigator/install/setup.ps1'
[0.800s] INFO:colcon.colcon_core.shell:Creating prefix script '/home/pakku/auto-trash-navigator/install/local_setup.sh'
[0.801s] INFO:colcon.colcon_core.shell:Creating prefix util module '/home/pakku/auto-trash-navigator/install/_local_setup_util_sh.py'
[0.802s] INFO:colcon.colcon_core.shell:Creating prefix chain script '/home/pakku/auto-trash-navigator/install/setup.sh'
[0.803s] INFO:colcon.colcon_core.shell:Creating prefix script '/home/pakku/auto-trash-navigator/install/local_setup.bash'
[0.804s] INFO:colcon.colcon_core.shell:Creating prefix chain script '/home/pakku/auto-trash-navigator/install/setup.bash'
[0.805s] INFO:colcon.colcon_core.shell:Creating prefix script '/home/pakku/auto-trash-navigator/install/local_setup.zsh'
[0.806s] INFO:colcon.colcon_core.shell:Creating prefix chain script '/home/pakku/auto-trash-navigator/install/setup.zsh'
