[0.257s] DEBUG:colcon:Command line arguments: ['/usr/bin/colcon', 'build', '--symlink-install']
[0.257s] DEBUG:colcon:Parsed command line arguments: Namespace(log_base=None, log_level=None, verb_name='build', build_base='build', install_base='install', merge_install=False, symlink_install=True, test_result_base=None, continue_on_error=False, executor='parallel', parallel_workers=16, event_handlers=None, ignore_user_meta=False, metas=['./colcon.meta'], base_paths=['.'], packages_ignore=None, packages_ignore_regex=None, paths=None, packages_up_to=None, packages_up_to_regex=None, packages_above=None, packages_above_and_dependencies=None, packages_above_depth=None, packages_select_by_dep=None, packages_skip_by_dep=None, packages_skip_up_to=None, packages_select_build_failed=False, packages_skip_build_finished=False, packages_select_test_failures=False, packages_skip_test_passed=False, packages_select=None, packages_skip=None, packages_select_regex=None, packages_skip_regex=None, packages_start=None, packages_end=None, allow_overriding=[], cmake_args=None, cmake_target=None, cmake_target_skip_unavailable=False, cmake_clean_cache=False, cmake_clean_first=False, cmake_force_configure=False, ament_cmake_args=None, catkin_cmake_args=None, catkin_skip_building_tests=False, verb_parser=<colcon_defaults.argument_parser.defaults.DefaultArgumentsDecorator object at 0x71aab1086cf0>, verb_extension=<colcon_core.verb.build.BuildVerb object at 0x71aab1086a20>, main=<bound method BuildVerb.main of <colcon_core.verb.build.BuildVerb object at 0x71aab1086a20>>)
[0.353s] Level 1:colcon.colcon_core.package_discovery:discover_packages(colcon_meta) check parameters
[0.353s] Level 1:colcon.colcon_core.package_discovery:discover_packages(recursive) check parameters
[0.353s] Level 1:colcon.colcon_core.package_discovery:discover_packages(ignore) check parameters
[0.353s] Level 1:colcon.colcon_core.package_discovery:discover_packages(path) check parameters
[0.353s] Level 1:colcon.colcon_core.package_discovery:discover_packages(colcon_meta) discover
[0.353s] Level 1:colcon.colcon_core.package_discovery:discover_packages(recursive) discover
[0.353s] INFO:colcon.colcon_core.package_discovery:Crawling recursively for packages in '/home/pakku/auto-trash-navigator'
[0.353s] Level 1:colcon.colcon_core.package_identification:_identify(.) by extensions ['ignore', 'ignore_ament_install']
[0.354s] Level 1:colcon.colcon_core.package_identification:_identify(.) by extension 'ignore'
[0.354s] Level 1:colcon.colcon_core.package_identification:_identify(.) by extension 'ignore_ament_install'
[0.354s] Level 1:colcon.colcon_core.package_identification:_identify(.) by extensions ['colcon_pkg']
[0.354s] Level 1:colcon.colcon_core.package_identification:_identify(.) by extension 'colcon_pkg'
[0.354s] Level 1:colcon.colcon_core.package_identification:_identify(.) by extensions ['colcon_meta']
[0.354s] Level 1:colcon.colcon_core.package_identification:_identify(.) by extension 'colcon_meta'
[0.354s] Level 1:colcon.colcon_core.package_identification:_identify(.) by extensions ['ros']
[0.354s] Level 1:colcon.colcon_core.package_identification:_identify(.) by extension 'ros'
[0.406s] Level 1:colcon.colcon_core.package_identification:_identify(.) by extensions ['cmake', 'python']
[0.407s] Level 1:colcon.colcon_core.package_identification:_identify(.) by extension 'cmake'
[0.407s] Level 1:colcon.colcon_core.package_identification:_identify(.) by extension 'python'
[0.407s] Level 1:colcon.colcon_core.package_identification:_identify(.) by extensions ['python_setup_py']
[0.407s] Level 1:colcon.colcon_core.package_identification:_identify(.) by extension 'python_setup_py'
[0.407s] Level 1:colcon.colcon_core.package_identification:_identify(__pycache__) by extensions ['ignore', 'ignore_ament_install']
[0.407s] Level 1:colcon.colcon_core.package_identification:_identify(__pycache__) by extension 'ignore'
[0.407s] Level 1:colcon.colcon_core.package_identification:_identify(__pycache__) by extension 'ignore_ament_install'
[0.407s] Level 1:colcon.colcon_core.package_identification:_identify(__pycache__) by extensions ['colcon_pkg']
[0.407s] Level 1:colcon.colcon_core.package_identification:_identify(__pycache__) by extension 'colcon_pkg'
[0.407s] Level 1:colcon.colcon_core.package_identification:_identify(__pycache__) by extensions ['colcon_meta']
[0.407s] Level 1:colcon.colcon_core.package_identification:_identify(__pycache__) by extension 'colcon_meta'
[0.407s] Level 1:colcon.colcon_core.package_identification:_identify(__pycache__) by extensions ['ros']
[0.407s] Level 1:colcon.colcon_core.package_identification:_identify(__pycache__) by extension 'ros'
[0.408s] Level 1:colcon.colcon_core.package_identification:_identify(__pycache__) by extensions ['cmake', 'python']
[0.408s] Level 1:colcon.colcon_core.package_identification:_identify(__pycache__) by extension 'cmake'
[0.408s] Level 1:colcon.colcon_core.package_identification:_identify(__pycache__) by extension 'python'
[0.408s] Level 1:colcon.colcon_core.package_identification:_identify(__pycache__) by extensions ['python_setup_py']
[0.408s] Level 1:colcon.colcon_core.package_identification:_identify(__pycache__) by extension 'python_setup_py'
[0.408s] Level 1:colcon.colcon_core.package_identification:_identify(build) by extensions ['ignore', 'ignore_ament_install']
[0.408s] Level 1:colcon.colcon_core.package_identification:_identify(build) by extension 'ignore'
[0.408s] Level 1:colcon.colcon_core.package_identification:_identify(build) ignored
[0.408s] Level 1:colcon.colcon_core.package_identification:_identify(cmd) by extensions ['ignore', 'ignore_ament_install']
[0.408s] Level 1:colcon.colcon_core.package_identification:_identify(cmd) by extension 'ignore'
[0.408s] Level 1:colcon.colcon_core.package_identification:_identify(cmd) by extension 'ignore_ament_install'
[0.409s] Level 1:colcon.colcon_core.package_identification:_identify(cmd) by extensions ['colcon_pkg']
[0.409s] Level 1:colcon.colcon_core.package_identification:_identify(cmd) by extension 'colcon_pkg'
[0.409s] Level 1:colcon.colcon_core.package_identification:_identify(cmd) by extensions ['colcon_meta']
[0.409s] Level 1:colcon.colcon_core.package_identification:_identify(cmd) by extension 'colcon_meta'
[0.409s] Level 1:colcon.colcon_core.package_identification:_identify(cmd) by extensions ['ros']
[0.409s] Level 1:colcon.colcon_core.package_identification:_identify(cmd) by extension 'ros'
[0.409s] Level 1:colcon.colcon_core.package_identification:_identify(cmd) by extensions ['cmake', 'python']
[0.409s] Level 1:colcon.colcon_core.package_identification:_identify(cmd) by extension 'cmake'
[0.409s] Level 1:colcon.colcon_core.package_identification:_identify(cmd) by extension 'python'
[0.409s] Level 1:colcon.colcon_core.package_identification:_identify(cmd) by extensions ['python_setup_py']
[0.409s] Level 1:colcon.colcon_core.package_identification:_identify(cmd) by extension 'python_setup_py'
[0.409s] Level 1:colcon.colcon_core.package_identification:_identify(install) by extensions ['ignore', 'ignore_ament_install']
[0.409s] Level 1:colcon.colcon_core.package_identification:_identify(install) by extension 'ignore'
[0.410s] Level 1:colcon.colcon_core.package_identification:_identify(install) ignored
[0.410s] Level 1:colcon.colcon_core.package_identification:_identify(log) by extensions ['ignore', 'ignore_ament_install']
[0.410s] Level 1:colcon.colcon_core.package_identification:_identify(log) by extension 'ignore'
[0.410s] Level 1:colcon.colcon_core.package_identification:_identify(log) ignored
[0.410s] Level 1:colcon.colcon_core.package_identification:_identify(src) by extensions ['ignore', 'ignore_ament_install']
[0.410s] Level 1:colcon.colcon_core.package_identification:_identify(src) by extension 'ignore'
[0.410s] Level 1:colcon.colcon_core.package_identification:_identify(src) by extension 'ignore_ament_install'
[0.410s] Level 1:colcon.colcon_core.package_identification:_identify(src) by extensions ['colcon_pkg']
[0.410s] Level 1:colcon.colcon_core.package_identification:_identify(src) by extension 'colcon_pkg'
[0.410s] Level 1:colcon.colcon_core.package_identification:_identify(src) by extensions ['colcon_meta']
[0.410s] Level 1:colcon.colcon_core.package_identification:_identify(src) by extension 'colcon_meta'
[0.410s] Level 1:colcon.colcon_core.package_identification:_identify(src) by extensions ['ros']
[0.410s] Level 1:colcon.colcon_core.package_identification:_identify(src) by extension 'ros'
[0.411s] Level 1:colcon.colcon_core.package_identification:_identify(src) by extensions ['cmake', 'python']
[0.411s] Level 1:colcon.colcon_core.package_identification:_identify(src) by extension 'cmake'
[0.411s] Level 1:colcon.colcon_core.package_identification:_identify(src) by extension 'python'
[0.411s] Level 1:colcon.colcon_core.package_identification:_identify(src) by extensions ['python_setup_py']
[0.411s] Level 1:colcon.colcon_core.package_identification:_identify(src) by extension 'python_setup_py'
[0.411s] Level 1:colcon.colcon_core.package_identification:_identify(src/amr_bringup) by extensions ['ignore', 'ignore_ament_install']
[0.411s] Level 1:colcon.colcon_core.package_identification:_identify(src/amr_bringup) by extension 'ignore'
[0.411s] Level 1:colcon.colcon_core.package_identification:_identify(src/amr_bringup) by extension 'ignore_ament_install'
[0.411s] Level 1:colcon.colcon_core.package_identification:_identify(src/amr_bringup) by extensions ['colcon_pkg']
[0.411s] Level 1:colcon.colcon_core.package_identification:_identify(src/amr_bringup) by extension 'colcon_pkg'
[0.411s] Level 1:colcon.colcon_core.package_identification:_identify(src/amr_bringup) by extensions ['colcon_meta']
[0.411s] Level 1:colcon.colcon_core.package_identification:_identify(src/amr_bringup) by extension 'colcon_meta'
[0.411s] Level 1:colcon.colcon_core.package_identification:_identify(src/amr_bringup) by extensions ['ros']
[0.411s] Level 1:colcon.colcon_core.package_identification:_identify(src/amr_bringup) by extension 'ros'
[0.415s] DEBUG:colcon.colcon_core.package_identification:Package 'src/amr_bringup' with type 'ros.ament_cmake' and name 'amr_bringup'
[0.416s] Level 1:colcon.colcon_core.package_identification:_identify(src/amr_control) by extensions ['ignore', 'ignore_ament_install']
[0.416s] Level 1:colcon.colcon_core.package_identification:_identify(src/amr_control) by extension 'ignore'
[0.416s] Level 1:colcon.colcon_core.package_identification:_identify(src/amr_control) by extension 'ignore_ament_install'
[0.416s] Level 1:colcon.colcon_core.package_identification:_identify(src/amr_control) by extensions ['colcon_pkg']
[0.416s] Level 1:colcon.colcon_core.package_identification:_identify(src/amr_control) by extension 'colcon_pkg'
[0.416s] Level 1:colcon.colcon_core.package_identification:_identify(src/amr_control) by extensions ['colcon_meta']
[0.416s] Level 1:colcon.colcon_core.package_identification:_identify(src/amr_control) by extension 'colcon_meta'
[0.416s] Level 1:colcon.colcon_core.package_identification:_identify(src/amr_control) by extensions ['ros']
[0.416s] Level 1:colcon.colcon_core.package_identification:_identify(src/amr_control) by extension 'ros'
[0.417s] DEBUG:colcon.colcon_core.package_identification:Package 'src/amr_control' with type 'ros.ament_cmake' and name 'amr_control'
[0.417s] Level 1:colcon.colcon_core.package_identification:_identify(src/amr_description) by extensions ['ignore', 'ignore_ament_install']
[0.417s] Level 1:colcon.colcon_core.package_identification:_identify(src/amr_description) by extension 'ignore'
[0.418s] Level 1:colcon.colcon_core.package_identification:_identify(src/amr_description) by extension 'ignore_ament_install'
[0.418s] Level 1:colcon.colcon_core.package_identification:_identify(src/amr_description) by extensions ['colcon_pkg']
[0.418s] Level 1:colcon.colcon_core.package_identification:_identify(src/amr_description) by extension 'colcon_pkg'
[0.418s] Level 1:colcon.colcon_core.package_identification:_identify(src/amr_description) by extensions ['colcon_meta']
[0.418s] Level 1:colcon.colcon_core.package_identification:_identify(src/amr_description) by extension 'colcon_meta'
[0.418s] Level 1:colcon.colcon_core.package_identification:_identify(src/amr_description) by extensions ['ros']
[0.418s] Level 1:colcon.colcon_core.package_identification:_identify(src/amr_description) by extension 'ros'
[0.419s] DEBUG:colcon.colcon_core.package_identification:Package 'src/amr_description' with type 'ros.ament_cmake' and name 'amr_description'
[0.419s] Level 1:colcon.colcon_core.package_identification:_identify(src/amr_vision) by extensions ['ignore', 'ignore_ament_install']
[0.419s] Level 1:colcon.colcon_core.package_identification:_identify(src/amr_vision) by extension 'ignore'
[0.420s] Level 1:colcon.colcon_core.package_identification:_identify(src/amr_vision) by extension 'ignore_ament_install'
[0.421s] Level 1:colcon.colcon_core.package_identification:_identify(src/amr_vision) by extensions ['colcon_pkg']
[0.421s] Level 1:colcon.colcon_core.package_identification:_identify(src/amr_vision) by extension 'colcon_pkg'
[0.421s] Level 1:colcon.colcon_core.package_identification:_identify(src/amr_vision) by extensions ['colcon_meta']
[0.421s] Level 1:colcon.colcon_core.package_identification:_identify(src/amr_vision) by extension 'colcon_meta'
[0.421s] Level 1:colcon.colcon_core.package_identification:_identify(src/amr_vision) by extensions ['ros']
[0.421s] Level 1:colcon.colcon_core.package_identification:_identify(src/amr_vision) by extension 'ros'
[0.423s] DEBUG:colcon.colcon_core.package_identification:Package 'src/amr_vision' with type 'ros.ament_cmake' and name 'amr_vision'
[0.423s] Level 1:colcon.colcon_core.package_discovery:discover_packages(recursive) using defaults
[0.423s] Level 1:colcon.colcon_core.package_discovery:discover_packages(ignore) discover
[0.423s] Level 1:colcon.colcon_core.package_discovery:discover_packages(ignore) using defaults
[0.423s] Level 1:colcon.colcon_core.package_discovery:discover_packages(path) discover
[0.423s] Level 1:colcon.colcon_core.package_discovery:discover_packages(path) using defaults
[0.462s] Level 1:colcon.colcon_core.package_discovery:discover_packages(prefix_path) check parameters
[0.463s] Level 1:colcon.colcon_core.package_discovery:discover_packages(prefix_path) discover
[0.469s] DEBUG:colcon.colcon_installed_package_information.package_discovery:Found 408 installed packages in /opt/ros/jazzy
[0.472s] Level 1:colcon.colcon_core.package_discovery:discover_packages(prefix_path) using defaults
[0.583s] Level 5:colcon.colcon_core.verb:set package 'amr_control' build argument 'cmake_args' from command line to 'None'
[0.583s] Level 5:colcon.colcon_core.verb:set package 'amr_control' build argument 'cmake_target' from command line to 'None'
[0.583s] Level 5:colcon.colcon_core.verb:set package 'amr_control' build argument 'cmake_target_skip_unavailable' from command line to 'False'
[0.583s] Level 5:colcon.colcon_core.verb:set package 'amr_control' build argument 'cmake_clean_cache' from command line to 'False'
[0.583s] Level 5:colcon.colcon_core.verb:set package 'amr_control' build argument 'cmake_clean_first' from command line to 'False'
[0.583s] Level 5:colcon.colcon_core.verb:set package 'amr_control' build argument 'cmake_force_configure' from command line to 'False'
[0.583s] Level 5:colcon.colcon_core.verb:set package 'amr_control' build argument 'ament_cmake_args' from command line to 'None'
[0.583s] Level 5:colcon.colcon_core.verb:set package 'amr_control' build argument 'catkin_cmake_args' from command line to 'None'
[0.583s] Level 5:colcon.colcon_core.verb:set package 'amr_control' build argument 'catkin_skip_building_tests' from command line to 'False'
[0.583s] DEBUG:colcon.colcon_core.verb:Building package 'amr_control' with the following arguments: {'ament_cmake_args': None, 'build_base': '/home/pakku/auto-trash-navigator/build/amr_control', 'catkin_cmake_args': None, 'catkin_skip_building_tests': False, 'cmake_args': None, 'cmake_clean_cache': False, 'cmake_clean_first': False, 'cmake_force_configure': False, 'cmake_target': None, 'cmake_target_skip_unavailable': False, 'install_base': '/home/pakku/auto-trash-navigator/install/amr_control', 'merge_install': False, 'path': '/home/pakku/auto-trash-navigator/src/amr_control', 'symlink_install': True, 'test_result_base': None}
[0.584s] Level 5:colcon.colcon_core.verb:set package 'amr_description' build argument 'cmake_args' from command line to 'None'
[0.584s] Level 5:colcon.colcon_core.verb:set package 'amr_description' build argument 'cmake_target' from command line to 'None'
[0.584s] Level 5:colcon.colcon_core.verb:set package 'amr_description' build argument 'cmake_target_skip_unavailable' from command line to 'False'
[0.584s] Level 5:colcon.colcon_core.verb:set package 'amr_description' build argument 'cmake_clean_cache' from command line to 'False'
[0.584s] Level 5:colcon.colcon_core.verb:set package 'amr_description' build argument 'cmake_clean_first' from command line to 'False'
[0.584s] Level 5:colcon.colcon_core.verb:set package 'amr_description' build argument 'cmake_force_configure' from command line to 'False'
[0.584s] Level 5:colcon.colcon_core.verb:set package 'amr_description' build argument 'ament_cmake_args' from command line to 'None'
[0.584s] Level 5:colcon.colcon_core.verb:set package 'amr_description' build argument 'catkin_cmake_args' from command line to 'None'
[0.584s] Level 5:colcon.colcon_core.verb:set package 'amr_description' build argument 'catkin_skip_building_tests' from command line to 'False'
[0.584s] DEBUG:colcon.colcon_core.verb:Building package 'amr_description' with the following arguments: {'ament_cmake_args': None, 'build_base': '/home/pakku/auto-trash-navigator/build/amr_description', 'catkin_cmake_args': None, 'catkin_skip_building_tests': False, 'cmake_args': None, 'cmake_clean_cache': False, 'cmake_clean_first': False, 'cmake_force_configure': False, 'cmake_target': None, 'cmake_target_skip_unavailable': False, 'install_base': '/home/pakku/auto-trash-navigator/install/amr_description', 'merge_install': False, 'path': '/home/pakku/auto-trash-navigator/src/amr_description', 'symlink_install': True, 'test_result_base': None}
[0.585s] Level 5:colcon.colcon_core.verb:set package 'amr_vision' build argument 'cmake_args' from command line to 'None'
[0.585s] Level 5:colcon.colcon_core.verb:set package 'amr_vision' build argument 'cmake_target' from command line to 'None'
[0.585s] Level 5:colcon.colcon_core.verb:set package 'amr_vision' build argument 'cmake_target_skip_unavailable' from command line to 'False'
[0.585s] Level 5:colcon.colcon_core.verb:set package 'amr_vision' build argument 'cmake_clean_cache' from command line to 'False'
[0.585s] Level 5:colcon.colcon_core.verb:set package 'amr_vision' build argument 'cmake_clean_first' from command line to 'False'
[0.585s] Level 5:colcon.colcon_core.verb:set package 'amr_vision' build argument 'cmake_force_configure' from command line to 'False'
[0.585s] Level 5:colcon.colcon_core.verb:set package 'amr_vision' build argument 'ament_cmake_args' from command line to 'None'
[0.585s] Level 5:colcon.colcon_core.verb:set package 'amr_vision' build argument 'catkin_cmake_args' from command line to 'None'
[0.585s] Level 5:colcon.colcon_core.verb:set package 'amr_vision' build argument 'catkin_skip_building_tests' from command line to 'False'
[0.585s] DEBUG:colcon.colcon_core.verb:Building package 'amr_vision' with the following arguments: {'ament_cmake_args': None, 'build_base': '/home/pakku/auto-trash-navigator/build/amr_vision', 'catkin_cmake_args': None, 'catkin_skip_building_tests': False, 'cmake_args': None, 'cmake_clean_cache': False, 'cmake_clean_first': False, 'cmake_force_configure': False, 'cmake_target': None, 'cmake_target_skip_unavailable': False, 'install_base': '/home/pakku/auto-trash-navigator/install/amr_vision', 'merge_install': False, 'path': '/home/pakku/auto-trash-navigator/src/amr_vision', 'symlink_install': True, 'test_result_base': None}
[0.586s] Level 5:colcon.colcon_core.verb:set package 'amr_bringup' build argument 'cmake_args' from command line to 'None'
[0.586s] Level 5:colcon.colcon_core.verb:set package 'amr_bringup' build argument 'cmake_target' from command line to 'None'
[0.586s] Level 5:colcon.colcon_core.verb:set package 'amr_bringup' build argument 'cmake_target_skip_unavailable' from command line to 'False'
[0.586s] Level 5:colcon.colcon_core.verb:set package 'amr_bringup' build argument 'cmake_clean_cache' from command line to 'False'
[0.586s] Level 5:colcon.colcon_core.verb:set package 'amr_bringup' build argument 'cmake_clean_first' from command line to 'False'
[0.586s] Level 5:colcon.colcon_core.verb:set package 'amr_bringup' build argument 'cmake_force_configure' from command line to 'False'
[0.586s] Level 5:colcon.colcon_core.verb:set package 'amr_bringup' build argument 'ament_cmake_args' from command line to 'None'
[0.586s] Level 5:colcon.colcon_core.verb:set package 'amr_bringup' build argument 'catkin_cmake_args' from command line to 'None'
[0.586s] Level 5:colcon.colcon_core.verb:set package 'amr_bringup' build argument 'catkin_skip_building_tests' from command line to 'False'
[0.586s] DEBUG:colcon.colcon_core.verb:Building package 'amr_bringup' with the following arguments: {'ament_cmake_args': None, 'build_base': '/home/pakku/auto-trash-navigator/build/amr_bringup', 'catkin_cmake_args': None, 'catkin_skip_building_tests': False, 'cmake_args': None, 'cmake_clean_cache': False, 'cmake_clean_first': False, 'cmake_force_configure': False, 'cmake_target': None, 'cmake_target_skip_unavailable': False, 'install_base': '/home/pakku/auto-trash-navigator/install/amr_bringup', 'merge_install': False, 'path': '/home/pakku/auto-trash-navigator/src/amr_bringup', 'symlink_install': True, 'test_result_base': None}
[0.586s] INFO:colcon.colcon_core.executor:Executing jobs using 'parallel' executor
[0.588s] DEBUG:colcon.colcon_parallel_executor.executor.parallel:run_until_complete
[0.589s] INFO:colcon.colcon_ros.task.ament_cmake.build:Building ROS package in '/home/pakku/auto-trash-navigator/src/amr_description' with build type 'ament_cmake'
[0.589s] INFO:colcon.colcon_cmake.task.cmake.build:Building CMake package in '/home/pakku/auto-trash-navigator/src/amr_description'
[0.595s] INFO:colcon.colcon_core.plugin_system:Skipping extension 'colcon_core.shell.bat': Not used on non-Windows systems
[0.595s] INFO:colcon.colcon_core.shell:Skip shell extension 'powershell' for command environment: Not usable outside of PowerShell
[0.595s] DEBUG:colcon.colcon_core.shell:Skip shell extension 'dsv' for command environment
[0.603s] INFO:colcon.colcon_ros.task.ament_cmake.build:Building ROS package in '/home/pakku/auto-trash-navigator/src/amr_control' with build type 'ament_cmake'
[0.603s] INFO:colcon.colcon_cmake.task.cmake.build:Building CMake package in '/home/pakku/auto-trash-navigator/src/amr_control'
[0.604s] INFO:colcon.colcon_core.shell:Skip shell extension 'powershell' for command environment: Not usable outside of PowerShell
[0.604s] DEBUG:colcon.colcon_core.shell:Skip shell extension 'dsv' for command environment
[0.611s] INFO:colcon.colcon_ros.task.ament_cmake.build:Building ROS package in '/home/pakku/auto-trash-navigator/src/amr_vision' with build type 'ament_cmake'
[0.611s] INFO:colcon.colcon_cmake.task.cmake.build:Building CMake package in '/home/pakku/auto-trash-navigator/src/amr_vision'
[0.612s] INFO:colcon.colcon_core.shell:Skip shell extension 'powershell' for command environment: Not usable outside of PowerShell
[0.612s] DEBUG:colcon.colcon_core.shell:Skip shell extension 'dsv' for command environment
[0.625s] DEBUG:colcon.colcon_core.event_handler.log_command:Invoking command in '/home/pakku/auto-trash-navigator/build/amr_description': CMAKE_PREFIX_PATH=${CMAKE_PREFIX_PATH}:/opt/ros/jazzy DEBUGINFOD_URLS=https://debuginfod.ubuntu.com /usr/bin/cmake /home/pakku/auto-trash-navigator/src/amr_description -DAMENT_CMAKE_SYMLINK_INSTALL=1 -DCMAKE_INSTALL_PREFIX=/home/pakku/auto-trash-navigator/install/amr_description
[0.633s] DEBUG:colcon.colcon_core.event_handler.log_command:Invoking command in '/home/pakku/auto-trash-navigator/build/amr_control': CMAKE_PREFIX_PATH=${CMAKE_PREFIX_PATH}:/opt/ros/jazzy DEBUGINFOD_URLS=https://debuginfod.ubuntu.com /usr/bin/cmake /home/pakku/auto-trash-navigator/src/amr_control -DAMENT_CMAKE_SYMLINK_INSTALL=1 -DCMAKE_INSTALL_PREFIX=/home/pakku/auto-trash-navigator/install/amr_control
[0.637s] DEBUG:colcon.colcon_core.event_handler.log_command:Invoking command in '/home/pakku/auto-trash-navigator/build/amr_vision': CMAKE_PREFIX_PATH=${CMAKE_PREFIX_PATH}:/opt/ros/jazzy DEBUGINFOD_URLS=https://debuginfod.ubuntu.com /usr/bin/cmake /home/pakku/auto-trash-navigator/src/amr_vision -DAMENT_CMAKE_SYMLINK_INSTALL=1 -DCMAKE_INSTALL_PREFIX=/home/pakku/auto-trash-navigator/install/amr_vision
[1.334s] DEBUG:colcon.colcon_core.event_handler.log_command:Invoked command in '/home/pakku/auto-trash-navigator/build/amr_description' returned '0': CMAKE_PREFIX_PATH=${CMAKE_PREFIX_PATH}:/opt/ros/jazzy DEBUGINFOD_URLS=https://debuginfod.ubuntu.com /usr/bin/cmake /home/pakku/auto-trash-navigator/src/amr_description -DAMENT_CMAKE_SYMLINK_INSTALL=1 -DCMAKE_INSTALL_PREFIX=/home/pakku/auto-trash-navigator/install/amr_description
[1.337s] DEBUG:colcon.colcon_core.event_handler.log_command:Invoking command in '/home/pakku/auto-trash-navigator/build/amr_description': CMAKE_PREFIX_PATH=${CMAKE_PREFIX_PATH}:/opt/ros/jazzy DEBUGINFOD_URLS=https://debuginfod.ubuntu.com /usr/bin/cmake --build /home/pakku/auto-trash-navigator/build/amr_description -- -j16 -l16
[1.342s] DEBUG:colcon.colcon_core.event_handler.log_command:Invoked command in '/home/pakku/auto-trash-navigator/build/amr_control' returned '0': CMAKE_PREFIX_PATH=${CMAKE_PREFIX_PATH}:/opt/ros/jazzy DEBUGINFOD_URLS=https://debuginfod.ubuntu.com /usr/bin/cmake /home/pakku/auto-trash-navigator/src/amr_control -DAMENT_CMAKE_SYMLINK_INSTALL=1 -DCMAKE_INSTALL_PREFIX=/home/pakku/auto-trash-navigator/install/amr_control
[1.343s] DEBUG:colcon.colcon_core.event_handler.log_command:Invoking command in '/home/pakku/auto-trash-navigator/build/amr_control': CMAKE_PREFIX_PATH=${CMAKE_PREFIX_PATH}:/opt/ros/jazzy DEBUGINFOD_URLS=https://debuginfod.ubuntu.com /usr/bin/cmake --build /home/pakku/auto-trash-navigator/build/amr_control -- -j16 -l16
[1.346s] DEBUG:colcon.colcon_core.event_handler.log_command:Invoked command in '/home/pakku/auto-trash-navigator/build/amr_vision' returned '0': CMAKE_PREFIX_PATH=${CMAKE_PREFIX_PATH}:/opt/ros/jazzy DEBUGINFOD_URLS=https://debuginfod.ubuntu.com /usr/bin/cmake /home/pakku/auto-trash-navigator/src/amr_vision -DAMENT_CMAKE_SYMLINK_INSTALL=1 -DCMAKE_INSTALL_PREFIX=/home/pakku/auto-trash-navigator/install/amr_vision
[1.347s] DEBUG:colcon.colcon_core.event_handler.log_command:Invoking command in '/home/pakku/auto-trash-navigator/build/amr_vision': CMAKE_PREFIX_PATH=${CMAKE_PREFIX_PATH}:/opt/ros/jazzy DEBUGINFOD_URLS=https://debuginfod.ubuntu.com /usr/bin/cmake --build /home/pakku/auto-trash-navigator/build/amr_vision -- -j16 -l16
[1.409s] DEBUG:colcon.colcon_core.event_handler.log_command:Invoked command in '/home/pakku/auto-trash-navigator/build/amr_description' returned '0': CMAKE_PREFIX_PATH=${CMAKE_PREFIX_PATH}:/opt/ros/jazzy DEBUGINFOD_URLS=https://debuginfod.ubuntu.com /usr/bin/cmake --build /home/pakku/auto-trash-navigator/build/amr_description -- -j16 -l16
[1.430s] DEBUG:colcon.colcon_core.event_handler.log_command:Invoking command in '/home/pakku/auto-trash-navigator/build/amr_description': CMAKE_PREFIX_PATH=${CMAKE_PREFIX_PATH}:/opt/ros/jazzy DEBUGINFOD_URLS=https://debuginfod.ubuntu.com /usr/bin/cmake --install /home/pakku/auto-trash-navigator/build/amr_description
[1.431s] DEBUG:colcon.colcon_core.event_handler.log_command:Invoked command in '/home/pakku/auto-trash-navigator/build/amr_control' returned '0': CMAKE_PREFIX_PATH=${CMAKE_PREFIX_PATH}:/opt/ros/jazzy DEBUGINFOD_URLS=https://debuginfod.ubuntu.com /usr/bin/cmake --build /home/pakku/auto-trash-navigator/build/amr_control -- -j16 -l16
[1.436s] DEBUG:colcon.colcon_core.event_handler.log_command:Invoking command in '/home/pakku/auto-trash-navigator/build/amr_control': CMAKE_PREFIX_PATH=${CMAKE_PREFIX_PATH}:/opt/ros/jazzy DEBUGINFOD_URLS=https://debuginfod.ubuntu.com /usr/bin/cmake --install /home/pakku/auto-trash-navigator/build/amr_control
[1.437s] DEBUG:colcon.colcon_core.event_handler.log_command:Invoked command in '/home/pakku/auto-trash-navigator/build/amr_vision' returned '0': CMAKE_PREFIX_PATH=${CMAKE_PREFIX_PATH}:/opt/ros/jazzy DEBUGINFOD_URLS=https://debuginfod.ubuntu.com /usr/bin/cmake --build /home/pakku/auto-trash-navigator/build/amr_vision -- -j16 -l16
[1.439s] DEBUG:colcon.colcon_core.event_handler.log_command:Invoking command in '/home/pakku/auto-trash-navigator/build/amr_vision': CMAKE_PREFIX_PATH=${CMAKE_PREFIX_PATH}:/opt/ros/jazzy DEBUGINFOD_URLS=https://debuginfod.ubuntu.com /usr/bin/cmake --install /home/pakku/auto-trash-navigator/build/amr_vision
[1.679s] Level 1:colcon.colcon_core.environment:create_environment_scripts_only(amr_vision)
[1.680s] DEBUG:colcon.colcon_core.event_handler.log_command:Invoked command in '/home/pakku/auto-trash-navigator/build/amr_vision' returned '0': CMAKE_PREFIX_PATH=${CMAKE_PREFIX_PATH}:/opt/ros/jazzy DEBUGINFOD_URLS=https://debuginfod.ubuntu.com /usr/bin/cmake --install /home/pakku/auto-trash-navigator/build/amr_vision
[1.688s] Level 1:colcon.colcon_core.environment:checking '/home/pakku/auto-trash-navigator/install/amr_vision' for CMake module files
[1.689s] Level 1:colcon.colcon_core.environment:checking '/home/pakku/auto-trash-navigator/install/amr_vision' for CMake config files
[1.689s] Level 1:colcon.colcon_core.shell:create_environment_hook('amr_vision', 'cmake_prefix_path')
[1.690s] INFO:colcon.colcon_core.shell:Creating environment hook '/home/pakku/auto-trash-navigator/install/amr_vision/share/amr_vision/hook/cmake_prefix_path.ps1'
[1.691s] INFO:colcon.colcon_core.shell:Creating environment descriptor '/home/pakku/auto-trash-navigator/install/amr_vision/share/amr_vision/hook/cmake_prefix_path.dsv'
[1.692s] INFO:colcon.colcon_core.shell:Creating environment hook '/home/pakku/auto-trash-navigator/install/amr_vision/share/amr_vision/hook/cmake_prefix_path.sh'
[1.694s] Level 1:colcon.colcon_core.environment:checking '/home/pakku/auto-trash-navigator/install/amr_vision/bin'
[1.695s] Level 1:colcon.colcon_core.environment:checking '/home/pakku/auto-trash-navigator/install/amr_vision/lib/pkgconfig/amr_vision.pc'
[1.695s] Level 1:colcon.colcon_core.environment:checking '/home/pakku/auto-trash-navigator/install/amr_vision/lib/python3.12/site-packages'
[1.696s] Level 1:colcon.colcon_core.environment:checking '/home/pakku/auto-trash-navigator/install/amr_vision/bin'
[1.696s] INFO:colcon.colcon_core.shell:Creating package script '/home/pakku/auto-trash-navigator/install/amr_vision/share/amr_vision/package.ps1'
[1.699s] INFO:colcon.colcon_core.shell:Creating package descriptor '/home/pakku/auto-trash-navigator/install/amr_vision/share/amr_vision/package.dsv'
[1.700s] INFO:colcon.colcon_core.shell:Creating package script '/home/pakku/auto-trash-navigator/install/amr_vision/share/amr_vision/package.sh'
[1.702s] INFO:colcon.colcon_core.shell:Creating package script '/home/pakku/auto-trash-navigator/install/amr_vision/share/amr_vision/package.bash'
[1.703s] INFO:colcon.colcon_core.shell:Creating package script '/home/pakku/auto-trash-navigator/install/amr_vision/share/amr_vision/package.zsh'
[1.708s] Level 1:colcon.colcon_core.environment:create_file_with_runtime_dependencies(/home/pakku/auto-trash-navigator/install/amr_vision/share/colcon-core/packages/amr_vision)
[1.709s] Level 1:colcon.colcon_core.environment:create_environment_scripts_only(amr_vision)
[1.710s] Level 1:colcon.colcon_core.environment:checking '/home/pakku/auto-trash-navigator/install/amr_vision' for CMake module files
[1.711s] Level 1:colcon.colcon_core.environment:checking '/home/pakku/auto-trash-navigator/install/amr_vision' for CMake config files
[1.712s] Level 1:colcon.colcon_core.shell:create_environment_hook('amr_vision', 'cmake_prefix_path')
[1.712s] INFO:colcon.colcon_core.shell:Creating environment hook '/home/pakku/auto-trash-navigator/install/amr_vision/share/amr_vision/hook/cmake_prefix_path.ps1'
[1.713s] INFO:colcon.colcon_core.shell:Creating environment descriptor '/home/pakku/auto-trash-navigator/install/amr_vision/share/amr_vision/hook/cmake_prefix_path.dsv'
[1.713s] INFO:colcon.colcon_core.shell:Creating environment hook '/home/pakku/auto-trash-navigator/install/amr_vision/share/amr_vision/hook/cmake_prefix_path.sh'
[1.715s] Level 1:colcon.colcon_core.environment:checking '/home/pakku/auto-trash-navigator/install/amr_vision/bin'
[1.715s] Level 1:colcon.colcon_core.environment:checking '/home/pakku/auto-trash-navigator/install/amr_vision/lib/pkgconfig/amr_vision.pc'
[1.716s] Level 1:colcon.colcon_core.environment:checking '/home/pakku/auto-trash-navigator/install/amr_vision/lib/python3.12/site-packages'
[1.716s] Level 1:colcon.colcon_core.environment:checking '/home/pakku/auto-trash-navigator/install/amr_vision/bin'
[1.717s] INFO:colcon.colcon_core.shell:Creating package script '/home/pakku/auto-trash-navigator/install/amr_vision/share/amr_vision/package.ps1'
[1.718s] INFO:colcon.colcon_core.shell:Creating package descriptor '/home/pakku/auto-trash-navigator/install/amr_vision/share/amr_vision/package.dsv'
[1.719s] INFO:colcon.colcon_core.shell:Creating package script '/home/pakku/auto-trash-navigator/install/amr_vision/share/amr_vision/package.sh'
[1.720s] INFO:colcon.colcon_core.shell:Creating package script '/home/pakku/auto-trash-navigator/install/amr_vision/share/amr_vision/package.bash'
[1.720s] INFO:colcon.colcon_core.shell:Creating package script '/home/pakku/auto-trash-navigator/install/amr_vision/share/amr_vision/package.zsh'
[1.721s] Level 1:colcon.colcon_core.environment:create_file_with_runtime_dependencies(/home/pakku/auto-trash-navigator/install/amr_vision/share/colcon-core/packages/amr_vision)
[1.723s] Level 1:colcon.colcon_core.environment:create_environment_scripts_only(amr_control)
[1.723s] Level 1:colcon.colcon_core.environment:checking '/home/pakku/auto-trash-navigator/install/amr_control' for CMake module files
[1.724s] Level 1:colcon.colcon_core.environment:checking '/home/pakku/auto-trash-navigator/install/amr_control' for CMake config files
[1.725s] DEBUG:colcon.colcon_core.event_handler.log_command:Invoked command in '/home/pakku/auto-trash-navigator/build/amr_control' returned '0': CMAKE_PREFIX_PATH=${CMAKE_PREFIX_PATH}:/opt/ros/jazzy DEBUGINFOD_URLS=https://debuginfod.ubuntu.com /usr/bin/cmake --install /home/pakku/auto-trash-navigator/build/amr_control
[1.726s] Level 1:colcon.colcon_core.shell:create_environment_hook('amr_control', 'cmake_prefix_path')
[1.726s] INFO:colcon.colcon_core.shell:Creating environment hook '/home/pakku/auto-trash-navigator/install/amr_control/share/amr_control/hook/cmake_prefix_path.ps1'
[1.727s] INFO:colcon.colcon_core.shell:Creating environment descriptor '/home/pakku/auto-trash-navigator/install/amr_control/share/amr_control/hook/cmake_prefix_path.dsv'
[1.728s] INFO:colcon.colcon_core.shell:Creating environment hook '/home/pakku/auto-trash-navigator/install/amr_control/share/amr_control/hook/cmake_prefix_path.sh'
[1.729s] Level 1:colcon.colcon_core.environment:checking '/home/pakku/auto-trash-navigator/install/amr_control/bin'
[1.729s] Level 1:colcon.colcon_core.environment:checking '/home/pakku/auto-trash-navigator/install/amr_control/lib/pkgconfig/amr_control.pc'
[1.729s] Level 1:colcon.colcon_core.environment:checking '/home/pakku/auto-trash-navigator/install/amr_control/lib/python3.12/site-packages'
[1.730s] Level 1:colcon.colcon_core.environment:checking '/home/pakku/auto-trash-navigator/install/amr_control/bin'
[1.730s] INFO:colcon.colcon_core.shell:Creating package script '/home/pakku/auto-trash-navigator/install/amr_control/share/amr_control/package.ps1'
[1.732s] INFO:colcon.colcon_core.shell:Creating package descriptor '/home/pakku/auto-trash-navigator/install/amr_control/share/amr_control/package.dsv'
[1.733s] INFO:colcon.colcon_core.shell:Creating package script '/home/pakku/auto-trash-navigator/install/amr_control/share/amr_control/package.sh'
[1.733s] INFO:colcon.colcon_core.shell:Creating package script '/home/pakku/auto-trash-navigator/install/amr_control/share/amr_control/package.bash'
[1.734s] INFO:colcon.colcon_core.shell:Creating package script '/home/pakku/auto-trash-navigator/install/amr_control/share/amr_control/package.zsh'
[1.734s] Level 1:colcon.colcon_core.environment:create_file_with_runtime_dependencies(/home/pakku/auto-trash-navigator/install/amr_control/share/colcon-core/packages/amr_control)
[1.735s] Level 1:colcon.colcon_core.environment:create_environment_scripts_only(amr_control)
[1.735s] Level 1:colcon.colcon_core.environment:checking '/home/pakku/auto-trash-navigator/install/amr_control' for CMake module files
[1.736s] Level 1:colcon.colcon_core.environment:checking '/home/pakku/auto-trash-navigator/install/amr_control' for CMake config files
[1.737s] Level 1:colcon.colcon_core.shell:create_environment_hook('amr_control', 'cmake_prefix_path')
[1.737s] INFO:colcon.colcon_core.shell:Creating environment hook '/home/pakku/auto-trash-navigator/install/amr_control/share/amr_control/hook/cmake_prefix_path.ps1'
[1.738s] INFO:colcon.colcon_core.shell:Creating environment descriptor '/home/pakku/auto-trash-navigator/install/amr_control/share/amr_control/hook/cmake_prefix_path.dsv'
[1.738s] INFO:colcon.colcon_core.shell:Creating environment hook '/home/pakku/auto-trash-navigator/install/amr_control/share/amr_control/hook/cmake_prefix_path.sh'
[1.739s] Level 1:colcon.colcon_core.environment:checking '/home/pakku/auto-trash-navigator/install/amr_control/bin'
[1.739s] Level 1:colcon.colcon_core.environment:checking '/home/pakku/auto-trash-navigator/install/amr_control/lib/pkgconfig/amr_control.pc'
[1.739s] Level 1:colcon.colcon_core.environment:checking '/home/pakku/auto-trash-navigator/install/amr_control/lib/python3.12/site-packages'
[1.740s] Level 1:colcon.colcon_core.environment:checking '/home/pakku/auto-trash-navigator/install/amr_control/bin'
[1.740s] INFO:colcon.colcon_core.shell:Creating package script '/home/pakku/auto-trash-navigator/install/amr_control/share/amr_control/package.ps1'
[1.742s] INFO:colcon.colcon_core.shell:Creating package descriptor '/home/pakku/auto-trash-navigator/install/amr_control/share/amr_control/package.dsv'
[1.742s] INFO:colcon.colcon_core.shell:Creating package script '/home/pakku/auto-trash-navigator/install/amr_control/share/amr_control/package.sh'
[1.743s] INFO:colcon.colcon_core.shell:Creating package script '/home/pakku/auto-trash-navigator/install/amr_control/share/amr_control/package.bash'
[1.744s] INFO:colcon.colcon_core.shell:Creating package script '/home/pakku/auto-trash-navigator/install/amr_control/share/amr_control/package.zsh'
[1.744s] Level 1:colcon.colcon_core.environment:create_file_with_runtime_dependencies(/home/pakku/auto-trash-navigator/install/amr_control/share/colcon-core/packages/amr_control)
[1.800s] Level 1:colcon.colcon_core.environment:create_environment_scripts_only(amr_description)
[1.801s] Level 1:colcon.colcon_core.environment:checking '/home/pakku/auto-trash-navigator/install/amr_description' for CMake module files
[1.803s] DEBUG:colcon.colcon_core.event_handler.log_command:Invoked command in '/home/pakku/auto-trash-navigator/build/amr_description' returned '0': CMAKE_PREFIX_PATH=${CMAKE_PREFIX_PATH}:/opt/ros/jazzy DEBUGINFOD_URLS=https://debuginfod.ubuntu.com /usr/bin/cmake --install /home/pakku/auto-trash-navigator/build/amr_description
[1.803s] Level 1:colcon.colcon_core.environment:checking '/home/pakku/auto-trash-navigator/install/amr_description' for CMake config files
[1.804s] Level 1:colcon.colcon_core.shell:create_environment_hook('amr_description', 'cmake_prefix_path')
[1.804s] INFO:colcon.colcon_core.shell:Creating environment hook '/home/pakku/auto-trash-navigator/install/amr_description/share/amr_description/hook/cmake_prefix_path.ps1'
[1.805s] INFO:colcon.colcon_core.shell:Creating environment descriptor '/home/pakku/auto-trash-navigator/install/amr_description/share/amr_description/hook/cmake_prefix_path.dsv'
[1.806s] INFO:colcon.colcon_core.shell:Creating environment hook '/home/pakku/auto-trash-navigator/install/amr_description/share/amr_description/hook/cmake_prefix_path.sh'
[1.807s] Level 1:colcon.colcon_core.environment:checking '/home/pakku/auto-trash-navigator/install/amr_description/bin'
[1.807s] Level 1:colcon.colcon_core.environment:checking '/home/pakku/auto-trash-navigator/install/amr_description/lib/pkgconfig/amr_description.pc'
[1.808s] Level 1:colcon.colcon_core.environment:checking '/home/pakku/auto-trash-navigator/install/amr_description/lib/python3.12/site-packages'
[1.808s] Level 1:colcon.colcon_core.environment:checking '/home/pakku/auto-trash-navigator/install/amr_description/bin'
[1.809s] INFO:colcon.colcon_core.shell:Creating package script '/home/pakku/auto-trash-navigator/install/amr_description/share/amr_description/package.ps1'
[1.810s] INFO:colcon.colcon_core.shell:Creating package descriptor '/home/pakku/auto-trash-navigator/install/amr_description/share/amr_description/package.dsv'
[1.811s] INFO:colcon.colcon_core.shell:Creating package script '/home/pakku/auto-trash-navigator/install/amr_description/share/amr_description/package.sh'
[1.812s] INFO:colcon.colcon_core.shell:Creating package script '/home/pakku/auto-trash-navigator/install/amr_description/share/amr_description/package.bash'
[1.812s] INFO:colcon.colcon_core.shell:Creating package script '/home/pakku/auto-trash-navigator/install/amr_description/share/amr_description/package.zsh'
[1.813s] Level 1:colcon.colcon_core.environment:create_file_with_runtime_dependencies(/home/pakku/auto-trash-navigator/install/amr_description/share/colcon-core/packages/amr_description)
[1.814s] Level 1:colcon.colcon_core.environment:create_environment_scripts_only(amr_description)
[1.814s] Level 1:colcon.colcon_core.environment:checking '/home/pakku/auto-trash-navigator/install/amr_description' for CMake module files
[1.815s] Level 1:colcon.colcon_core.environment:checking '/home/pakku/auto-trash-navigator/install/amr_description' for CMake config files
[1.815s] Level 1:colcon.colcon_core.shell:create_environment_hook('amr_description', 'cmake_prefix_path')
[1.815s] INFO:colcon.colcon_core.shell:Creating environment hook '/home/pakku/auto-trash-navigator/install/amr_description/share/amr_description/hook/cmake_prefix_path.ps1'
[1.816s] INFO:colcon.colcon_core.shell:Creating environment descriptor '/home/pakku/auto-trash-navigator/install/amr_description/share/amr_description/hook/cmake_prefix_path.dsv'
[1.816s] INFO:colcon.colcon_core.shell:Creating environment hook '/home/pakku/auto-trash-navigator/install/amr_description/share/amr_description/hook/cmake_prefix_path.sh'
[1.817s] Level 1:colcon.colcon_core.environment:checking '/home/pakku/auto-trash-navigator/install/amr_description/bin'
[1.818s] Level 1:colcon.colcon_core.environment:checking '/home/pakku/auto-trash-navigator/install/amr_description/lib/pkgconfig/amr_description.pc'
[1.818s] Level 1:colcon.colcon_core.environment:checking '/home/pakku/auto-trash-navigator/install/amr_description/lib/python3.12/site-packages'
[1.819s] Level 1:colcon.colcon_core.environment:checking '/home/pakku/auto-trash-navigator/install/amr_description/bin'
[1.819s] INFO:colcon.colcon_core.shell:Creating package script '/home/pakku/auto-trash-navigator/install/amr_description/share/amr_description/package.ps1'
[1.820s] INFO:colcon.colcon_core.shell:Creating package descriptor '/home/pakku/auto-trash-navigator/install/amr_description/share/amr_description/package.dsv'
[1.821s] INFO:colcon.colcon_core.shell:Creating package script '/home/pakku/auto-trash-navigator/install/amr_description/share/amr_description/package.sh'
[1.822s] INFO:colcon.colcon_core.shell:Creating package script '/home/pakku/auto-trash-navigator/install/amr_description/share/amr_description/package.bash'
[1.822s] INFO:colcon.colcon_core.shell:Creating package script '/home/pakku/auto-trash-navigator/install/amr_description/share/amr_description/package.zsh'
[1.823s] Level 1:colcon.colcon_core.environment:create_file_with_runtime_dependencies(/home/pakku/auto-trash-navigator/install/amr_description/share/colcon-core/packages/amr_description)
[1.823s] INFO:colcon.colcon_ros.task.ament_cmake.build:Building ROS package in '/home/pakku/auto-trash-navigator/src/amr_bringup' with build type 'ament_cmake'
[1.823s] INFO:colcon.colcon_cmake.task.cmake.build:Building CMake package in '/home/pakku/auto-trash-navigator/src/amr_bringup'
[1.824s] INFO:colcon.colcon_core.shell:Skip shell extension 'powershell' for command environment: Not usable outside of PowerShell
[1.824s] DEBUG:colcon.colcon_core.shell:Skip shell extension 'dsv' for command environment
[1.838s] DEBUG:colcon.colcon_core.event_handler.log_command:Invoking command in '/home/pakku/auto-trash-navigator/build/amr_bringup': AMENT_PREFIX_PATH=/home/pakku/auto-trash-navigator/install/amr_description:${AMENT_PREFIX_PATH} CMAKE_PREFIX_PATH=/home/pakku/auto-trash-navigator/install/amr_description:/opt/ros/jazzy/opt/gz_sim_vendor:/opt/ros/jazzy/opt/gz_sensors_vendor:/opt/ros/jazzy/opt/gz_physics_vendor:/opt/ros/jazzy/opt/sdformat_vendor:/opt/ros/jazzy/opt/gz_gui_vendor:/opt/ros/jazzy/opt/gz_transport_vendor:/opt/ros/jazzy/opt/gz_rendering_vendor:/opt/ros/jazzy/opt/gz_plugin_vendor:/opt/ros/jazzy/opt/gz_fuel_tools_vendor:/opt/ros/jazzy/opt/gz_msgs_vendor:/opt/ros/jazzy/opt/gz_common_vendor:/opt/ros/jazzy/opt/gz_math_vendor:/opt/ros/jazzy/opt/gz_utils_vendor:/opt/ros/jazzy/opt/gz_tools_vendor:/opt/ros/jazzy/opt/gz_ogre_next_vendor:/opt/ros/jazzy/opt/gz_dartsim_vendor:/opt/ros/jazzy/opt/gz_cmake_vendor:/opt/ros/jazzy DEBUGINFOD_URLS=https://debuginfod.ubuntu.com /usr/bin/cmake /home/pakku/auto-trash-navigator/src/amr_bringup -DAMENT_CMAKE_SYMLINK_INSTALL=1 -DCMAKE_INSTALL_PREFIX=/home/pakku/auto-trash-navigator/install/amr_bringup
[2.460s] DEBUG:colcon.colcon_core.event_handler.log_command:Invoked command in '/home/pakku/auto-trash-navigator/build/amr_bringup' returned '0': AMENT_PREFIX_PATH=/home/pakku/auto-trash-navigator/install/amr_description:${AMENT_PREFIX_PATH} CMAKE_PREFIX_PATH=/home/pakku/auto-trash-navigator/install/amr_description:/opt/ros/jazzy/opt/gz_sim_vendor:/opt/ros/jazzy/opt/gz_sensors_vendor:/opt/ros/jazzy/opt/gz_physics_vendor:/opt/ros/jazzy/opt/sdformat_vendor:/opt/ros/jazzy/opt/gz_gui_vendor:/opt/ros/jazzy/opt/gz_transport_vendor:/opt/ros/jazzy/opt/gz_rendering_vendor:/opt/ros/jazzy/opt/gz_plugin_vendor:/opt/ros/jazzy/opt/gz_fuel_tools_vendor:/opt/ros/jazzy/opt/gz_msgs_vendor:/opt/ros/jazzy/opt/gz_common_vendor:/opt/ros/jazzy/opt/gz_math_vendor:/opt/ros/jazzy/opt/gz_utils_vendor:/opt/ros/jazzy/opt/gz_tools_vendor:/opt/ros/jazzy/opt/gz_ogre_next_vendor:/opt/ros/jazzy/opt/gz_dartsim_vendor:/opt/ros/jazzy/opt/gz_cmake_vendor:/opt/ros/jazzy DEBUGINFOD_URLS=https://debuginfod.ubuntu.com /usr/bin/cmake /home/pakku/auto-trash-navigator/src/amr_bringup -DAMENT_CMAKE_SYMLINK_INSTALL=1 -DCMAKE_INSTALL_PREFIX=/home/pakku/auto-trash-navigator/install/amr_bringup
[2.461s] DEBUG:colcon.colcon_core.event_handler.log_command:Invoking command in '/home/pakku/auto-trash-navigator/build/amr_bringup': AMENT_PREFIX_PATH=/home/pakku/auto-trash-navigator/install/amr_description:${AMENT_PREFIX_PATH} CMAKE_PREFIX_PATH=/home/pakku/auto-trash-navigator/install/amr_description:/opt/ros/jazzy/opt/gz_sim_vendor:/opt/ros/jazzy/opt/gz_sensors_vendor:/opt/ros/jazzy/opt/gz_physics_vendor:/opt/ros/jazzy/opt/sdformat_vendor:/opt/ros/jazzy/opt/gz_gui_vendor:/opt/ros/jazzy/opt/gz_transport_vendor:/opt/ros/jazzy/opt/gz_rendering_vendor:/opt/ros/jazzy/opt/gz_plugin_vendor:/opt/ros/jazzy/opt/gz_fuel_tools_vendor:/opt/ros/jazzy/opt/gz_msgs_vendor:/opt/ros/jazzy/opt/gz_common_vendor:/opt/ros/jazzy/opt/gz_math_vendor:/opt/ros/jazzy/opt/gz_utils_vendor:/opt/ros/jazzy/opt/gz_tools_vendor:/opt/ros/jazzy/opt/gz_ogre_next_vendor:/opt/ros/jazzy/opt/gz_dartsim_vendor:/opt/ros/jazzy/opt/gz_cmake_vendor:/opt/ros/jazzy DEBUGINFOD_URLS=https://debuginfod.ubuntu.com /usr/bin/cmake --build /home/pakku/auto-trash-navigator/build/amr_bringup -- -j16 -l16
[2.527s] DEBUG:colcon.colcon_core.event_handler.log_command:Invoked command in '/home/pakku/auto-trash-navigator/build/amr_bringup' returned '0': AMENT_PREFIX_PATH=/home/pakku/auto-trash-navigator/install/amr_description:${AMENT_PREFIX_PATH} CMAKE_PREFIX_PATH=/home/pakku/auto-trash-navigator/install/amr_description:/opt/ros/jazzy/opt/gz_sim_vendor:/opt/ros/jazzy/opt/gz_sensors_vendor:/opt/ros/jazzy/opt/gz_physics_vendor:/opt/ros/jazzy/opt/sdformat_vendor:/opt/ros/jazzy/opt/gz_gui_vendor:/opt/ros/jazzy/opt/gz_transport_vendor:/opt/ros/jazzy/opt/gz_rendering_vendor:/opt/ros/jazzy/opt/gz_plugin_vendor:/opt/ros/jazzy/opt/gz_fuel_tools_vendor:/opt/ros/jazzy/opt/gz_msgs_vendor:/opt/ros/jazzy/opt/gz_common_vendor:/opt/ros/jazzy/opt/gz_math_vendor:/opt/ros/jazzy/opt/gz_utils_vendor:/opt/ros/jazzy/opt/gz_tools_vendor:/opt/ros/jazzy/opt/gz_ogre_next_vendor:/opt/ros/jazzy/opt/gz_dartsim_vendor:/opt/ros/jazzy/opt/gz_cmake_vendor:/opt/ros/jazzy DEBUGINFOD_URLS=https://debuginfod.ubuntu.com /usr/bin/cmake --build /home/pakku/auto-trash-navigator/build/amr_bringup -- -j16 -l16
[2.529s] DEBUG:colcon.colcon_core.event_handler.log_command:Invoking command in '/home/pakku/auto-trash-navigator/build/amr_bringup': AMENT_PREFIX_PATH=/home/pakku/auto-trash-navigator/install/amr_description:${AMENT_PREFIX_PATH} CMAKE_PREFIX_PATH=/home/pakku/auto-trash-navigator/install/amr_description:/opt/ros/jazzy/opt/gz_sim_vendor:/opt/ros/jazzy/opt/gz_sensors_vendor:/opt/ros/jazzy/opt/gz_physics_vendor:/opt/ros/jazzy/opt/sdformat_vendor:/opt/ros/jazzy/opt/gz_gui_vendor:/opt/ros/jazzy/opt/gz_transport_vendor:/opt/ros/jazzy/opt/gz_rendering_vendor:/opt/ros/jazzy/opt/gz_plugin_vendor:/opt/ros/jazzy/opt/gz_fuel_tools_vendor:/opt/ros/jazzy/opt/gz_msgs_vendor:/opt/ros/jazzy/opt/gz_common_vendor:/opt/ros/jazzy/opt/gz_math_vendor:/opt/ros/jazzy/opt/gz_utils_vendor:/opt/ros/jazzy/opt/gz_tools_vendor:/opt/ros/jazzy/opt/gz_ogre_next_vendor:/opt/ros/jazzy/opt/gz_dartsim_vendor:/opt/ros/jazzy/opt/gz_cmake_vendor:/opt/ros/jazzy DEBUGINFOD_URLS=https://debuginfod.ubuntu.com /usr/bin/cmake --install /home/pakku/auto-trash-navigator/build/amr_bringup
[2.821s] Level 1:colcon.colcon_core.environment:create_environment_scripts_only(amr_bringup)
[2.822s] Level 1:colcon.colcon_core.environment:checking '/home/pakku/auto-trash-navigator/install/amr_bringup' for CMake module files
[2.824s] Level 1:colcon.colcon_core.environment:checking '/home/pakku/auto-trash-navigator/install/amr_bringup' for CMake config files
[2.824s] Level 1:colcon.colcon_core.shell:create_environment_hook('amr_bringup', 'cmake_prefix_path')
[2.825s] INFO:colcon.colcon_core.shell:Creating environment hook '/home/pakku/auto-trash-navigator/install/amr_bringup/share/amr_bringup/hook/cmake_prefix_path.ps1'
[2.822s] DEBUG:colcon.colcon_core.event_handler.log_command:Invoked command in '/home/pakku/auto-trash-navigator/build/amr_bringup' returned '0': AMENT_PREFIX_PATH=/home/pakku/auto-trash-navigator/install/amr_description:${AMENT_PREFIX_PATH} CMAKE_PREFIX_PATH=/home/pakku/auto-trash-navigator/install/amr_description:/opt/ros/jazzy/opt/gz_sim_vendor:/opt/ros/jazzy/opt/gz_sensors_vendor:/opt/ros/jazzy/opt/gz_physics_vendor:/opt/ros/jazzy/opt/sdformat_vendor:/opt/ros/jazzy/opt/gz_gui_vendor:/opt/ros/jazzy/opt/gz_transport_vendor:/opt/ros/jazzy/opt/gz_rendering_vendor:/opt/ros/jazzy/opt/gz_plugin_vendor:/opt/ros/jazzy/opt/gz_fuel_tools_vendor:/opt/ros/jazzy/opt/gz_msgs_vendor:/opt/ros/jazzy/opt/gz_common_vendor:/opt/ros/jazzy/opt/gz_math_vendor:/opt/ros/jazzy/opt/gz_utils_vendor:/opt/ros/jazzy/opt/gz_tools_vendor:/opt/ros/jazzy/opt/gz_ogre_next_vendor:/opt/ros/jazzy/opt/gz_dartsim_vendor:/opt/ros/jazzy/opt/gz_cmake_vendor:/opt/ros/jazzy DEBUGINFOD_URLS=https://debuginfod.ubuntu.com /usr/bin/cmake --install /home/pakku/auto-trash-navigator/build/amr_bringup
[2.826s] INFO:colcon.colcon_core.shell:Creating environment descriptor '/home/pakku/auto-trash-navigator/install/amr_bringup/share/amr_bringup/hook/cmake_prefix_path.dsv'
[2.827s] INFO:colcon.colcon_core.shell:Creating environment hook '/home/pakku/auto-trash-navigator/install/amr_bringup/share/amr_bringup/hook/cmake_prefix_path.sh'
[2.829s] Level 1:colcon.colcon_core.environment:checking '/home/pakku/auto-trash-navigator/install/amr_bringup/bin'
[2.829s] Level 1:colcon.colcon_core.environment:checking '/home/pakku/auto-trash-navigator/install/amr_bringup/lib/pkgconfig/amr_bringup.pc'
[2.829s] Level 1:colcon.colcon_core.environment:checking '/home/pakku/auto-trash-navigator/install/amr_bringup/lib/python3.12/site-packages'
[2.830s] Level 1:colcon.colcon_core.environment:checking '/home/pakku/auto-trash-navigator/install/amr_bringup/bin'
[2.831s] INFO:colcon.colcon_core.shell:Creating package script '/home/pakku/auto-trash-navigator/install/amr_bringup/share/amr_bringup/package.ps1'
[2.832s] INFO:colcon.colcon_core.shell:Creating package descriptor '/home/pakku/auto-trash-navigator/install/amr_bringup/share/amr_bringup/package.dsv'
[2.832s] INFO:colcon.colcon_core.shell:Creating package script '/home/pakku/auto-trash-navigator/install/amr_bringup/share/amr_bringup/package.sh'
[2.833s] INFO:colcon.colcon_core.shell:Creating package script '/home/pakku/auto-trash-navigator/install/amr_bringup/share/amr_bringup/package.bash'
[2.834s] INFO:colcon.colcon_core.shell:Creating package script '/home/pakku/auto-trash-navigator/install/amr_bringup/share/amr_bringup/package.zsh'
[2.834s] Level 1:colcon.colcon_core.environment:create_file_with_runtime_dependencies(/home/pakku/auto-trash-navigator/install/amr_bringup/share/colcon-core/packages/amr_bringup)
[2.835s] Level 1:colcon.colcon_core.environment:create_environment_scripts_only(amr_bringup)
[2.835s] Level 1:colcon.colcon_core.environment:checking '/home/pakku/auto-trash-navigator/install/amr_bringup' for CMake module files
[2.836s] Level 1:colcon.colcon_core.environment:checking '/home/pakku/auto-trash-navigator/install/amr_bringup' for CMake config files
[2.837s] Level 1:colcon.colcon_core.shell:create_environment_hook('amr_bringup', 'cmake_prefix_path')
[2.837s] INFO:colcon.colcon_core.shell:Creating environment hook '/home/pakku/auto-trash-navigator/install/amr_bringup/share/amr_bringup/hook/cmake_prefix_path.ps1'
[2.838s] INFO:colcon.colcon_core.shell:Creating environment descriptor '/home/pakku/auto-trash-navigator/install/amr_bringup/share/amr_bringup/hook/cmake_prefix_path.dsv'
[2.838s] INFO:colcon.colcon_core.shell:Creating environment hook '/home/pakku/auto-trash-navigator/install/amr_bringup/share/amr_bringup/hook/cmake_prefix_path.sh'
[2.839s] Level 1:colcon.colcon_core.environment:checking '/home/pakku/auto-trash-navigator/install/amr_bringup/bin'
[2.839s] Level 1:colcon.colcon_core.environment:checking '/home/pakku/auto-trash-navigator/install/amr_bringup/lib/pkgconfig/amr_bringup.pc'
[2.840s] Level 1:colcon.colcon_core.environment:checking '/home/pakku/auto-trash-navigator/install/amr_bringup/lib/python3.12/site-packages'
[2.841s] Level 1:colcon.colcon_core.environment:checking '/home/pakku/auto-trash-navigator/install/amr_bringup/bin'
[2.841s] INFO:colcon.colcon_core.shell:Creating package script '/home/pakku/auto-trash-navigator/install/amr_bringup/share/amr_bringup/package.ps1'
[2.842s] INFO:colcon.colcon_core.shell:Creating package descriptor '/home/pakku/auto-trash-navigator/install/amr_bringup/share/amr_bringup/package.dsv'
[2.843s] INFO:colcon.colcon_core.shell:Creating package script '/home/pakku/auto-trash-navigator/install/amr_bringup/share/amr_bringup/package.sh'
[2.844s] INFO:colcon.colcon_core.shell:Creating package script '/home/pakku/auto-trash-navigator/install/amr_bringup/share/amr_bringup/package.bash'
[2.844s] INFO:colcon.colcon_core.shell:Creating package script '/home/pakku/auto-trash-navigator/install/amr_bringup/share/amr_bringup/package.zsh'
[2.845s] Level 1:colcon.colcon_core.environment:create_file_with_runtime_dependencies(/home/pakku/auto-trash-navigator/install/amr_bringup/share/colcon-core/packages/amr_bringup)
[2.845s] DEBUG:colcon.colcon_parallel_executor.executor.parallel:closing loop
[2.847s] DEBUG:colcon.colcon_parallel_executor.executor.parallel:loop closed
[2.847s] DEBUG:colcon.colcon_parallel_executor.executor.parallel:run_until_complete finished with '0'
[2.847s] DEBUG:colcon.colcon_core.event_reactor:joining thread
[2.860s] INFO:colcon.colcon_core.plugin_system:Skipping extension 'colcon_notification.desktop_notification.terminal_notifier': Not used on non-Darwin systems
[2.861s] INFO:colcon.colcon_core.plugin_system:Skipping extension 'colcon_notification.desktop_notification.win32': Not used on non-Windows systems
[2.861s] INFO:colcon.colcon_notification.desktop_notification:Sending desktop notification using 'notify2'
[2.903s] DEBUG:colcon.colcon_core.event_reactor:joined thread
[2.904s] INFO:colcon.colcon_core.shell:Creating prefix script '/home/pakku/auto-trash-navigator/install/local_setup.ps1'
[2.906s] INFO:colcon.colcon_core.shell:Creating prefix util module '/home/pakku/auto-trash-navigator/install/_local_setup_util_ps1.py'
[2.908s] INFO:colcon.colcon_core.shell:Creating prefix chain script '/home/pakku/auto-trash-navigator/install/setup.ps1'
[2.910s] INFO:colcon.colcon_core.shell:Creating prefix script '/home/pakku/auto-trash-navigator/install/local_setup.sh'
[2.911s] INFO:colcon.colcon_core.shell:Creating prefix util module '/home/pakku/auto-trash-navigator/install/_local_setup_util_sh.py'
[2.912s] INFO:colcon.colcon_core.shell:Creating prefix chain script '/home/pakku/auto-trash-navigator/install/setup.sh'
[2.913s] INFO:colcon.colcon_core.shell:Creating prefix script '/home/pakku/auto-trash-navigator/install/local_setup.bash'
[2.914s] INFO:colcon.colcon_core.shell:Creating prefix chain script '/home/pakku/auto-trash-navigator/install/setup.bash'
[2.916s] INFO:colcon.colcon_core.shell:Creating prefix script '/home/pakku/auto-trash-navigator/install/local_setup.zsh'
[2.916s] INFO:colcon.colcon_core.shell:Creating prefix chain script '/home/pakku/auto-trash-navigator/install/setup.zsh'
