-- Found ament_cmake: 2.5.6 (/opt/ros/jazzy/share/ament_cmake/cmake)
-- Override CMake install command with custom implementation using symlinks instead of copying resources
-- Found ament_lint_auto: 0.17.5 (/opt/ros/jazzy/share/ament_lint_auto/cmake)
-- Added test 'cppcheck' to perform static code analysis on C / C++ code
-- Configured cppcheck include dirs: 
-- Configured cppcheck exclude dirs and/or files: 
-- Added test 'flake8' to check Python code syntax and style conventions
-- Configured 'flake8' exclude dirs and/or files: 
-- Added test 'lint_cmake' to check CMake code style
-- Added test 'pep257' to check Python code against some of the docstring style conventions in PEP 257
-- Added test 'uncrustify' to check C / C++ code style
-- Configured uncrustify additional arguments: 
-- Added test 'xmllint' to check XML markup files
-- Configuring done (0.5s)
-- Generating done (0.0s)
-- Build files have been written to: /home/pakku/auto-trash-navigator/build/amr_bringup
-- Install configuration: ""
-- Execute custom install script
-- Up-to-date symlink: /home/pakku/auto-trash-navigator/install/amr_bringup/share/amr_bringup/launch/display.launch.py
-- Up-to-date symlink: /home/pakku/auto-trash-navigator/install/amr_bringup/share/amr_bringup/launch/gazebo.launch.py
-- Up-to-date symlink: /home/pakku/auto-trash-navigator/install/amr_bringup/share/amr_bringup/launch/hide_gpu.c
-- Up-to-date symlink: /home/pakku/auto-trash-navigator/install/amr_bringup/share/amr_bringup/launch/libhide_gpu.so
-- Symlinking: /home/pakku/auto-trash-navigator/install/amr_bringup/share/amr_bringup/launch/navigation.launch.py
-- Up-to-date symlink: /home/pakku/auto-trash-navigator/install/amr_bringup/share/amr_bringup/launch/slam.launch.py
-- Up-to-date symlink: /home/pakku/auto-trash-navigator/install/amr_bringup/share/amr_bringup/config/ekf.yaml
-- Symlinking: /home/pakku/auto-trash-navigator/install/amr_bringup/share/amr_bringup/config/nav2_params.yaml
-- Up-to-date symlink: /home/pakku/auto-trash-navigator/install/amr_bringup/share/amr_bringup/config/slam_params.yaml
-- Up-to-date symlink: /home/pakku/auto-trash-navigator/install/amr_bringup/share/amr_bringup/worlds/office_room.sdf
-- Up-to-date symlink: /home/pakku/auto-trash-navigator/install/amr_bringup/share/ament_index/resource_index/package_run_dependencies/amr_bringup
-- Up-to-date symlink: /home/pakku/auto-trash-navigator/install/amr_bringup/share/ament_index/resource_index/parent_prefix_path/amr_bringup
-- Up-to-date symlink: /home/pakku/auto-trash-navigator/install/amr_bringup/share/amr_bringup/environment/ament_prefix_path.sh
-- Up-to-date symlink: /home/pakku/auto-trash-navigator/install/amr_bringup/share/amr_bringup/environment/ament_prefix_path.dsv
-- Up-to-date symlink: /home/pakku/auto-trash-navigator/install/amr_bringup/share/amr_bringup/environment/path.sh
-- Up-to-date symlink: /home/pakku/auto-trash-navigator/install/amr_bringup/share/amr_bringup/environment/path.dsv
-- Up-to-date symlink: /home/pakku/auto-trash-navigator/install/amr_bringup/share/amr_bringup/local_setup.bash
-- Up-to-date symlink: /home/pakku/auto-trash-navigator/install/amr_bringup/share/amr_bringup/local_setup.sh
-- Up-to-date symlink: /home/pakku/auto-trash-navigator/install/amr_bringup/share/amr_bringup/local_setup.zsh
-- Up-to-date symlink: /home/pakku/auto-trash-navigator/install/amr_bringup/share/amr_bringup/local_setup.dsv
-- Symlinking: /home/pakku/auto-trash-navigator/install/amr_bringup/share/amr_bringup/package.dsv
-- Up-to-date symlink: /home/pakku/auto-trash-navigator/install/amr_bringup/share/ament_index/resource_index/packages/amr_bringup
-- Up-to-date symlink: /home/pakku/auto-trash-navigator/install/amr_bringup/share/amr_bringup/cmake/amr_bringupConfig.cmake
-- Up-to-date symlink: /home/pakku/auto-trash-navigator/install/amr_bringup/share/amr_bringup/cmake/amr_bringupConfig-version.cmake
-- Up-to-date symlink: /home/pakku/auto-trash-navigator/install/amr_bringup/share/amr_bringup/package.xml
