[0.019s] Invoking command in '/home/pakku/auto-trash-navigator/build/amr_control': CMAKE_PREFIX_PATH=${CMAKE_PREFIX_PATH}:/opt/ros/jazzy DEBUGINFOD_URLS=https://debuginfod.ubuntu.com /usr/bin/cmake --build /home/pakku/auto-trash-navigator/build/amr_control -- -j16 -l16
[0.065s] Invoked command in '/home/pakku/auto-trash-navigator/build/amr_control' returned '0': CMAKE_PREFIX_PATH=${CMAKE_PREFIX_PATH}:/opt/ros/jazzy DEBUGINFOD_URLS=https://debuginfod.ubuntu.com /usr/bin/cmake --build /home/pakku/auto-trash-navigator/build/amr_control -- -j16 -l16
[0.079s] Invoking command in '/home/pakku/auto-trash-navigator/build/amr_control': CMAKE_PREFIX_PATH=${CMAKE_PREFIX_PATH}:/opt/ros/jazzy DEBUGINFOD_URLS=https://debuginfod.ubuntu.com /usr/bin/cmake --install /home/pakku/auto-trash-navigator/build/amr_control
[0.089s] -- Install configuration: ""
[0.089s] -- Execute custom install script
[0.090s] -- Up-to-date symlink: /home/pakku/auto-trash-navigator/install/amr_control/share/ament_index/resource_index/package_run_dependencies/amr_control
[0.090s] -- Up-to-date symlink: /home/pakku/auto-trash-navigator/install/amr_control/share/ament_index/resource_index/parent_prefix_path/amr_control
[0.090s] -- Up-to-date symlink: /home/pakku/auto-trash-navigator/install/amr_control/share/amr_control/environment/ament_prefix_path.sh
[0.090s] -- Up-to-date symlink: /home/pakku/auto-trash-navigator/install/amr_control/share/amr_control/environment/ament_prefix_path.dsv
[0.090s] -- Up-to-date symlink: /home/pakku/auto-trash-navigator/install/amr_control/share/amr_control/environment/path.sh
[0.090s] -- Up-to-date symlink: /home/pakku/auto-trash-navigator/install/amr_control/share/amr_control/environment/path.dsv
[0.091s] -- Up-to-date symlink: /home/pakku/auto-trash-navigator/install/amr_control/share/amr_control/local_setup.bash
[0.091s] -- Up-to-date symlink: /home/pakku/auto-trash-navigator/install/amr_control/share/amr_control/local_setup.sh
[0.091s] -- Up-to-date symlink: /home/pakku/auto-trash-navigator/install/amr_control/share/amr_control/local_setup.zsh
[0.091s] -- Up-to-date symlink: /home/pakku/auto-trash-navigator/install/amr_control/share/amr_control/local_setup.dsv
[0.091s] -- Symlinking: /home/pakku/auto-trash-navigator/install/amr_control/share/amr_control/package.dsv
[0.102s] -- Up-to-date symlink: /home/pakku/auto-trash-navigator/install/amr_control/share/ament_index/resource_index/packages/amr_control
[0.102s] -- Up-to-date symlink: /home/pakku/auto-trash-navigator/install/amr_control/share/amr_control/cmake/amr_controlConfig.cmake
[0.103s] -- Up-to-date symlink: /home/pakku/auto-trash-navigator/install/amr_control/share/amr_control/cmake/amr_controlConfig-version.cmake
[0.103s] -- Up-to-date symlink: /home/pakku/auto-trash-navigator/install/amr_control/share/amr_control/package.xml
[0.106s] Invoked command in '/home/pakku/auto-trash-navigator/build/amr_control' returned '0': CMAKE_PREFIX_PATH=${CMAKE_PREFIX_PATH}:/opt/ros/jazzy DEBUGINFOD_URLS=https://debuginfod.ubuntu.com /usr/bin/cmake --install /home/pakku/auto-trash-navigator/build/amr_control
