[0.020s] Invoking command in '/home/pakku/auto-trash-navigator/build/amr_vision': CMAKE_PREFIX_PATH=${CMAKE_PREFIX_PATH}:/opt/ros/jazzy DEBUGINFOD_URLS=https://debuginfod.ubuntu.com /usr/bin/cmake --build /home/pakku/auto-trash-navigator/build/amr_vision -- -j16 -l16
[0.079s] Invoked command in '/home/pakku/auto-trash-navigator/build/amr_vision' returned '0': CMAKE_PREFIX_PATH=${CMAKE_PREFIX_PATH}:/opt/ros/jazzy DEBUGINFOD_URLS=https://debuginfod.ubuntu.com /usr/bin/cmake --build /home/pakku/auto-trash-navigator/build/amr_vision -- -j16 -l16
[0.080s] Invoking command in '/home/pakku/auto-trash-navigator/build/amr_vision': CMAKE_PREFIX_PATH=${CMAKE_PREFIX_PATH}:/opt/ros/jazzy DEBUGINFOD_URLS=https://debuginfod.ubuntu.com /usr/bin/cmake --install /home/pakku/auto-trash-navigator/build/amr_vision
[0.088s] -- Install configuration: ""
[0.089s] -- Execute custom install script
[0.089s] -- Up-to-date symlink: /home/pakku/auto-trash-navigator/install/amr_vision/share/ament_index/resource_index/package_run_dependencies/amr_vision
[0.089s] -- Up-to-date symlink: /home/pakku/auto-trash-navigator/install/amr_vision/share/ament_index/resource_index/parent_prefix_path/amr_vision
[0.089s] -- Up-to-date symlink: /home/pakku/auto-trash-navigator/install/amr_vision/share/amr_vision/environment/ament_prefix_path.sh
[0.090s] -- Up-to-date symlink: /home/pakku/auto-trash-navigator/install/amr_vision/share/amr_vision/environment/ament_prefix_path.dsv
[0.090s] -- Up-to-date symlink: /home/pakku/auto-trash-navigator/install/amr_vision/share/amr_vision/environment/path.sh
[0.091s] -- Up-to-date symlink: /home/pakku/auto-trash-navigator/install/amr_vision/share/amr_vision/environment/path.dsv
[0.091s] -- Up-to-date symlink: /home/pakku/auto-trash-navigator/install/amr_vision/share/amr_vision/local_setup.bash
[0.091s] -- Up-to-date symlink: /home/pakku/auto-trash-navigator/install/amr_vision/share/amr_vision/local_setup.sh
[0.091s] -- Up-to-date symlink: /home/pakku/auto-trash-navigator/install/amr_vision/share/amr_vision/local_setup.zsh
[0.091s] -- Up-to-date symlink: /home/pakku/auto-trash-navigator/install/amr_vision/share/amr_vision/local_setup.dsv
[0.091s] -- Symlinking: /home/pakku/auto-trash-navigator/install/amr_vision/share/amr_vision/package.dsv
[0.103s] -- Up-to-date symlink: /home/pakku/auto-trash-navigator/install/amr_vision/share/ament_index/resource_index/packages/amr_vision
[0.107s] -- Up-to-date symlink: /home/pakku/auto-trash-navigator/install/amr_vision/share/amr_vision/cmake/amr_visionConfig.cmake
[0.107s] -- Up-to-date symlink: /home/pakku/auto-trash-navigator/install/amr_vision/share/amr_vision/cmake/amr_visionConfig-version.cmake
[0.107s] -- Up-to-date symlink: /home/pakku/auto-trash-navigator/install/amr_vision/share/amr_vision/package.xml
[0.127s] Invoked command in '/home/pakku/auto-trash-navigator/build/amr_vision' returned '0': CMAKE_PREFIX_PATH=${CMAKE_PREFIX_PATH}:/opt/ros/jazzy DEBUGINFOD_URLS=https://debuginfod.ubuntu.com /usr/bin/cmake --install /home/pakku/auto-trash-navigator/build/amr_vision
