[0.010s] Invoking command in '/home/pakku/auto-trash-navigator/build/amr_control': CMAKE_PREFIX_PATH=${CMAKE_PREFIX_PATH}:/opt/ros/jazzy DEBUGINFOD_URLS=https://debuginfod.ubuntu.com /usr/bin/cmake /home/pakku/auto-trash-navigator/src/amr_control -DCMAKE_INSTALL_PREFIX=/home/pakku/auto-trash-navigator/install/amr_control
[0.086s] -- The C compiler identification is GNU 13.3.0
[0.163s] -- The CXX compiler identification is GNU 13.3.0
[0.174s] -- Detecting C compiler ABI info
[0.236s] -- Detecting C compiler ABI info - done
[0.243s] -- Check for working C compiler: /usr/bin/cc - skipped
[0.243s] -- Detecting C compile features
[0.243s] -- Detecting C compile features - done
[0.250s] -- Detecting CXX compiler ABI info
[0.314s] -- Detecting CXX compiler ABI info - done
[0.321s] -- Check for working CXX compiler: /usr/bin/c++ - skipped
[0.321s] -- Detecting CXX compile features
[0.321s] -- Detecting CXX compile features - done
[0.328s] -- Found ament_cmake: 2.5.6 (/opt/ros/jazzy/share/ament_cmake/cmake)
[0.433s] -- Found Python3: /usr/bin/python3 (found version "3.12.3") found components: Interpreter 
[0.519s] -- Found ament_lint_auto: 0.17.5 (/opt/ros/jazzy/share/ament_lint_auto/cmake)
[0.602s] -- Added test 'lint_cmake' to check CMake code style
[0.603s] -- Added test 'xmllint' to check XML markup files
[0.604s] -- Configuring done (0.6s)
[0.606s] -- Generating done (0.0s)
[0.608s] -- Build files have been written to: /home/pakku/auto-trash-navigator/build/amr_control
[0.611s] Invoked command in '/home/pakku/auto-trash-navigator/build/amr_control' returned '0': CMAKE_PREFIX_PATH=${CMAKE_PREFIX_PATH}:/opt/ros/jazzy DEBUGINFOD_URLS=https://debuginfod.ubuntu.com /usr/bin/cmake /home/pakku/auto-trash-navigator/src/amr_control -DCMAKE_INSTALL_PREFIX=/home/pakku/auto-trash-navigator/install/amr_control
[0.612s] Invoking command in '/home/pakku/auto-trash-navigator/build/amr_control': CMAKE_PREFIX_PATH=${CMAKE_PREFIX_PATH}:/opt/ros/jazzy DEBUGINFOD_URLS=https://debuginfod.ubuntu.com /usr/bin/cmake --build /home/pakku/auto-trash-navigator/build/amr_control -- -j16 -l16
[0.636s] Invoked command in '/home/pakku/auto-trash-navigator/build/amr_control' returned '0': CMAKE_PREFIX_PATH=${CMAKE_PREFIX_PATH}:/opt/ros/jazzy DEBUGINFOD_URLS=https://debuginfod.ubuntu.com /usr/bin/cmake --build /home/pakku/auto-trash-navigator/build/amr_control -- -j16 -l16
[0.642s] Invoking command in '/home/pakku/auto-trash-navigator/build/amr_control': CMAKE_PREFIX_PATH=${CMAKE_PREFIX_PATH}:/opt/ros/jazzy DEBUGINFOD_URLS=https://debuginfod.ubuntu.com /usr/bin/cmake --install /home/pakku/auto-trash-navigator/build/amr_control
[0.647s] -- Install configuration: ""
[0.647s] -- Installing: /home/pakku/auto-trash-navigator/install/amr_control/share/ament_index/resource_index/package_run_dependencies/amr_control
[0.647s] -- Installing: /home/pakku/auto-trash-navigator/install/amr_control/share/ament_index/resource_index/parent_prefix_path/amr_control
[0.647s] -- Installing: /home/pakku/auto-trash-navigator/install/amr_control/share/amr_control/environment/ament_prefix_path.sh
[0.647s] -- Installing: /home/pakku/auto-trash-navigator/install/amr_control/share/amr_control/environment/ament_prefix_path.dsv
[0.647s] -- Installing: /home/pakku/auto-trash-navigator/install/amr_control/share/amr_control/environment/path.sh
[0.647s] -- Installing: /home/pakku/auto-trash-navigator/install/amr_control/share/amr_control/environment/path.dsv
[0.648s] -- Installing: /home/pakku/auto-trash-navigator/install/amr_control/share/amr_control/local_setup.bash
[0.648s] -- Installing: /home/pakku/auto-trash-navigator/install/amr_control/share/amr_control/local_setup.sh
[0.648s] -- Installing: /home/pakku/auto-trash-navigator/install/amr_control/share/amr_control/local_setup.zsh
[0.648s] -- Installing: /home/pakku/auto-trash-navigator/install/amr_control/share/amr_control/local_setup.dsv
[0.648s] -- Installing: /home/pakku/auto-trash-navigator/install/amr_control/share/amr_control/package.dsv
[0.648s] -- Installing: /home/pakku/auto-trash-navigator/install/amr_control/share/ament_index/resource_index/packages/amr_control
[0.648s] -- Installing: /home/pakku/auto-trash-navigator/install/amr_control/share/amr_control/cmake/amr_controlConfig.cmake
[0.648s] -- Installing: /home/pakku/auto-trash-navigator/install/amr_control/share/amr_control/cmake/amr_controlConfig-version.cmake
[0.648s] -- Installing: /home/pakku/auto-trash-navigator/install/amr_control/share/amr_control/package.xml
[0.651s] Invoked command in '/home/pakku/auto-trash-navigator/build/amr_control' returned '0': CMAKE_PREFIX_PATH=${CMAKE_PREFIX_PATH}:/opt/ros/jazzy DEBUGINFOD_URLS=https://debuginfod.ubuntu.com /usr/bin/cmake --install /home/pakku/auto-trash-navigator/build/amr_control
